<?xml version="1.0" encoding="utf-8"?>
<TestRun id="402bd2e0-f26e-49be-ae76-2e3b19f5568b" name="User@DESKTOP-H9KSCV9 2025-03-25 17:26:55" runUser="DESKTOP-H9KSCV9\User" xmlns="http://microsoft.com/schemas/VisualStudio/TeamTest/2010">
  <Times creation="2025-03-25T17:26:55.6810804+01:00" queuing="2025-03-25T17:26:55.6810810+01:00" start="2025-03-25T17:26:41.8190973+01:00" finish="2025-03-25T17:26:56.2233749+01:00" />
  <TestSettings name="default" id="5431f1e2-f899-4d5a-9e8e-4fbd970acddd">
    <Deployment runDeploymentRoot="User_DESKTOP-H9KSCV9_2025-03-25_17_26_55" />
  </TestSettings>
  <Results>
    <UnitTestResult executionId="9460c742-c1c9-45b9-a0bd-017b2c2ad02f" testId="1ba3a6a2-3048-ee98-8cac-456578ce17bc" testName="handle_null_context_options_throws_exception" computerName="DESKTOP-H9KSCV9" duration="00:00:00.0015261" startTime="2025-03-25T17:26:55.8258100+01:00" endTime="2025-03-25T17:26:55.8275151+01:00" testType="13cdc9d9-ddb5-4fa4-a97d-d965ccfc6d4b" outcome="Passed" testListId="8c84fa94-04c1-424b-9868-57a2d4851a1d" relativeResultsDirectory="9460c742-c1c9-45b9-a0bd-017b2c2ad02f" />
    <UnitTestResult executionId="b7f5baee-c34a-4f21-a0ca-021a105ffdac" testId="cd877712-f446-be07-90ba-7be95dd82230" testName="CascadeDelete_ShouldRemoveUserRoles_WhenUserIsDeleted" computerName="DESKTOP-H9KSCV9" duration="00:00:00.0668336" startTime="2025-03-25T17:26:55.6567459+01:00" endTime="2025-03-25T17:26:55.7240188+01:00" testType="13cdc9d9-ddb5-4fa4-a97d-d965ccfc6d4b" outcome="Passed" testListId="8c84fa94-04c1-424b-9868-57a2d4851a1d" relativeResultsDirectory="b7f5baee-c34a-4f21-a0ca-021a105ffdac" />
    <UnitTestResult executionId="5bc2f2f2-61c4-4126-8658-7214d31b4e0f" testId="749d4f59-99a8-c257-0f06-d901dbb280e1" testName="handle_invalid_database_name_throws_exception" computerName="DESKTOP-H9KSCV9" duration="00:00:00.0012452" startTime="2025-03-25T17:26:55.8275640+01:00" endTime="2025-03-25T17:26:55.8289074+01:00" testType="13cdc9d9-ddb5-4fa4-a97d-d965ccfc6d4b" outcome="Passed" testListId="8c84fa94-04c1-424b-9868-57a2d4851a1d" relativeResultsDirectory="5bc2f2f2-61c4-4126-8658-7214d31b4e0f" />
    <UnitTestResult executionId="2f30b6a6-dc01-491c-a928-448c871f54c8" testId="4e24bf9f-0eea-ab65-b8b4-60c80bf74219" testName="GetUserByPhoneNumberAsync_ShouldReturnUser_WhenUserExists" computerName="DESKTOP-H9KSCV9" duration="00:00:00.0216156" startTime="2025-03-25T17:26:55.9880124+01:00" endTime="2025-03-25T17:26:56.0097797+01:00" testType="13cdc9d9-ddb5-4fa4-a97d-d965ccfc6d4b" outcome="Passed" testListId="8c84fa94-04c1-424b-9868-57a2d4851a1d" relativeResultsDirectory="2f30b6a6-dc01-491c-a928-448c871f54c8" />
    <UnitTestResult executionId="c4033a71-f70d-4df4-a430-512d630226c2" testId="d804816e-265f-e41e-74cb-89ab5435acd9" testName="HandleInvalidDatabaseName_ThrowsException" computerName="DESKTOP-H9KSCV9" duration="00:00:00.0004724" startTime="2025-03-25T17:26:56.1410646+01:00" endTime="2025-03-25T17:26:56.1416614+01:00" testType="13cdc9d9-ddb5-4fa4-a97d-d965ccfc6d4b" outcome="Passed" testListId="8c84fa94-04c1-424b-9868-57a2d4851a1d" relativeResultsDirectory="c4033a71-f70d-4df4-a430-512d630226c2" />
    <UnitTestResult executionId="2a4f6db1-ca31-4748-b93e-1f3a8d9562cd" testId="a9bbc64b-6c36-56f8-8fe3-cf9770a86971" testName="GetUserByIdAsync_ShouldReturnUser_WhenUserExists" computerName="DESKTOP-H9KSCV9" duration="00:00:00.0235807" startTime="2025-03-25T17:26:55.8802051+01:00" endTime="2025-03-25T17:26:55.9039355+01:00" testType="13cdc9d9-ddb5-4fa4-a97d-d965ccfc6d4b" outcome="Passed" testListId="8c84fa94-04c1-424b-9868-57a2d4851a1d" relativeResultsDirectory="2a4f6db1-ca31-4748-b93e-1f3a8d9562cd" />
    <UnitTestResult executionId="cfb93d68-4003-408d-8845-ff995ac986b2" testId="ca3cefb5-cdf1-d311-b21a-39e4d7aaec90" testName="GetAllUsersAsync_ShouldReturnAllUsers" computerName="DESKTOP-H9KSCV9" duration="00:00:00.0191542" startTime="2025-03-25T17:26:55.9040152+01:00" endTime="2025-03-25T17:26:55.9233164+01:00" testType="13cdc9d9-ddb5-4fa4-a97d-d965ccfc6d4b" outcome="Passed" testListId="8c84fa94-04c1-424b-9868-57a2d4851a1d" relativeResultsDirectory="cfb93d68-4003-408d-8845-ff995ac986b2" />
    <UnitTestResult executionId="ea149ce4-c013-407e-8ba1-42734ea124b5" testId="c0c47d89-bbbe-d55f-688c-61e9a03495d4" testName="GetUserByEmailAsync_ShouldReturnUser_WhenUserExists" computerName="DESKTOP-H9KSCV9" duration="00:00:00.0468891" startTime="2025-03-25T17:26:55.8289584+01:00" endTime="2025-03-25T17:26:55.8759729+01:00" testType="13cdc9d9-ddb5-4fa4-a97d-d965ccfc6d4b" outcome="Passed" testListId="8c84fa94-04c1-424b-9868-57a2d4851a1d" relativeResultsDirectory="ea149ce4-c013-407e-8ba1-42734ea124b5" />
    <UnitTestResult executionId="1e0466c0-b574-4f47-bed6-bd49fd02a865" testId="89640849-ce9a-7557-fb0e-f8647c1da9e3" testName="InitializeMockLoggerForUserRepository" computerName="DESKTOP-H9KSCV9" duration="00:00:00.0003530" startTime="2025-03-25T17:26:56.1417080+01:00" endTime="2025-03-25T17:26:56.1421494+01:00" testType="13cdc9d9-ddb5-4fa4-a97d-d965ccfc6d4b" outcome="Passed" testListId="8c84fa94-04c1-424b-9868-57a2d4851a1d" relativeResultsDirectory="1e0466c0-b574-4f47-bed6-bd49fd02a865" />
    <UnitTestResult executionId="dc99aebf-4e3f-4921-be3b-dd906165e6c6" testId="ca9ddfba-3d81-f766-9da2-67005f62daeb" testName="GetUserByUserNameAsync_ShouldReturnUser_WhenUserExists" computerName="DESKTOP-H9KSCV9" duration="00:00:00.0210999" startTime="2025-03-25T17:26:55.9666557+01:00" endTime="2025-03-25T17:26:55.9879300+01:00" testType="13cdc9d9-ddb5-4fa4-a97d-d965ccfc6d4b" outcome="Passed" testListId="8c84fa94-04c1-424b-9868-57a2d4851a1d" relativeResultsDirectory="dc99aebf-4e3f-4921-be3b-dd906165e6c6" />
    <UnitTestResult executionId="662ee940-b32a-4f53-8ee4-71c36c801199" testId="d5b473e6-9454-2cf2-3a3c-92deae82e5b9" testName="AddUserAsync_ShouldAddUser" computerName="DESKTOP-H9KSCV9" duration="00:00:00.0195317" startTime="2025-03-25T17:26:55.9233989+01:00" endTime="2025-03-25T17:26:55.9430710+01:00" testType="13cdc9d9-ddb5-4fa4-a97d-d965ccfc6d4b" outcome="Passed" testListId="8c84fa94-04c1-424b-9868-57a2d4851a1d" relativeResultsDirectory="662ee940-b32a-4f53-8ee4-71c36c801199" />
    <UnitTestResult executionId="b874f5fd-1407-4d46-be6d-0c5f31139d0a" testId="f9143d72-d4ae-f69b-d07f-62ccd78b6213" testName="GetAllUsers_ReturnsOkWithUsers" computerName="DESKTOP-H9KSCV9" duration="00:00:00.0337851" startTime="2025-03-25T17:26:55.7244303+01:00" endTime="2025-03-25T17:26:55.7584301+01:00" testType="13cdc9d9-ddb5-4fa4-a97d-d965ccfc6d4b" outcome="Passed" testListId="8c84fa94-04c1-424b-9868-57a2d4851a1d" relativeResultsDirectory="b874f5fd-1407-4d46-be6d-0c5f31139d0a" />
    <UnitTestResult executionId="8ce9f8d1-f9ad-4a65-b511-a6f264217159" testId="baef49de-de00-6939-72cd-64a39497f822" testName="GetUserByEmailAsync_ShouldReturnNull_WhenUserDoesNotExist" computerName="DESKTOP-H9KSCV9" duration="00:00:00.0014182" startTime="2025-03-25T17:26:55.8785536+01:00" endTime="2025-03-25T17:26:55.8801434+01:00" testType="13cdc9d9-ddb5-4fa4-a97d-d965ccfc6d4b" outcome="Passed" testListId="8c84fa94-04c1-424b-9868-57a2d4851a1d" relativeResultsDirectory="8ce9f8d1-f9ad-4a65-b511-a6f264217159" />
    <UnitTestResult executionId="de485c4e-f4a4-40db-9621-ff2986e985a5" testId="36291326-1b1c-e4a2-a519-44282bcfec4d" testName="AssignRolesToUserAsync_ShouldAssignRoles_WhenRolesExist" computerName="DESKTOP-H9KSCV9" duration="00:00:00.0078471" startTime="2025-03-25T17:26:56.0098594+01:00" endTime="2025-03-25T17:26:56.0178583+01:00" testType="13cdc9d9-ddb5-4fa4-a97d-d965ccfc6d4b" outcome="Passed" testListId="8c84fa94-04c1-424b-9868-57a2d4851a1d" relativeResultsDirectory="de485c4e-f4a4-40db-9621-ff2986e985a5" />
    <UnitTestResult executionId="415603da-7699-42b6-8cbe-77d3f32f52a4" testId="73db3971-f82f-de3f-8734-b8990916c7f3" testName="initialize_mock_logger_for_user_repository" computerName="DESKTOP-H9KSCV9" duration="00:00:00.0007896" startTime="2025-03-25T17:26:55.8247827+01:00" endTime="2025-03-25T17:26:55.8257626+01:00" testType="13cdc9d9-ddb5-4fa4-a97d-d965ccfc6d4b" outcome="Passed" testListId="8c84fa94-04c1-424b-9868-57a2d4851a1d" relativeResultsDirectory="415603da-7699-42b6-8cbe-77d3f32f52a4" />
    <UnitTestResult executionId="b4bedee4-57fc-4aa8-8e01-c0c82348d3c9" testId="45bae863-9364-c702-6f6a-3938e34061ee" testName="RemoveRolesFromUserAsync_ShouldRemoveRoles_WhenRolesExist" computerName="DESKTOP-H9KSCV9" duration="00:00:00.0049120" startTime="2025-03-25T17:26:56.0231984+01:00" endTime="2025-03-25T17:26:56.0284321+01:00" testType="13cdc9d9-ddb5-4fa4-a97d-d965ccfc6d4b" outcome="Passed" testListId="8c84fa94-04c1-424b-9868-57a2d4851a1d" relativeResultsDirectory="b4bedee4-57fc-4aa8-8e01-c0c82348d3c9" />
    <UnitTestResult executionId="7d7d0b50-cf5d-42ed-b627-c7f49abeaf1f" testId="751e710e-fc0d-d3ba-d75a-78632f7f2eb7" testName="AddUserAsync_ShouldLogAndSaveChanges" computerName="DESKTOP-H9KSCV9" duration="00:00:00.0245530" startTime="2025-03-25T17:26:56.0420435+01:00" endTime="2025-03-25T17:26:56.0668770+01:00" testType="13cdc9d9-ddb5-4fa4-a97d-d965ccfc6d4b" outcome="Passed" testListId="8c84fa94-04c1-424b-9868-57a2d4851a1d" relativeResultsDirectory="7d7d0b50-cf5d-42ed-b627-c7f49abeaf1f" />
    <UnitTestResult executionId="2e5f35a3-4f63-41ad-8c7f-0f0c3ac69269" testId="d7c4a17f-0b3c-a153-e347-4a402c9def8b" testName="GetRolesByUserIdAsync_ShouldReturnRoles_WhenUserHasRoles" computerName="DESKTOP-H9KSCV9" duration="00:00:00.0107435" startTime="2025-03-25T17:26:56.0285065+01:00" endTime="2025-03-25T17:26:56.0393874+01:00" testType="13cdc9d9-ddb5-4fa4-a97d-d965ccfc6d4b" outcome="Passed" testListId="8c84fa94-04c1-424b-9868-57a2d4851a1d" relativeResultsDirectory="2e5f35a3-4f63-41ad-8c7f-0f0c3ac69269" />
    <UnitTestResult executionId="728d30d4-7484-42a3-94f1-e6bc928ce721" testId="b40d2ee4-eff1-c0b6-107b-21589dc6cf09" testName="AssignRolesToUserAsync_ShouldThrowException_WhenRoleDoesNotExist" computerName="DESKTOP-H9KSCV9" duration="00:00:00.0030998" startTime="2025-03-25T17:26:56.0179386+01:00" endTime="2025-03-25T17:26:56.0211966+01:00" testType="13cdc9d9-ddb5-4fa4-a97d-d965ccfc6d4b" outcome="Passed" testListId="8c84fa94-04c1-424b-9868-57a2d4851a1d" relativeResultsDirectory="728d30d4-7484-42a3-94f1-e6bc928ce721" />
    <UnitTestResult executionId="d087dcd3-39c8-4d8f-bf87-38d17327a747" testId="6c84fd6b-b951-9caf-b632-ed552763edfd" testName="HandleDuplicateInitializationOfUserRepository" computerName="DESKTOP-H9KSCV9" duration="00:00:00.0472217" startTime="2025-03-25T17:26:56.0923198+01:00" endTime="2025-03-25T17:26:56.1396545+01:00" testType="13cdc9d9-ddb5-4fa4-a97d-d965ccfc6d4b" outcome="Passed" testListId="8c84fa94-04c1-424b-9868-57a2d4851a1d" relativeResultsDirectory="d087dcd3-39c8-4d8f-bf87-38d17327a747" />
    <UnitTestResult executionId="c5c2e4be-7130-4986-877f-1a112c9e3c60" testId="fd5701a1-d9c5-0923-867b-cc0967647b90" testName="GetUserByEmailAsync_ShouldReturnUser_WhenUserExists" computerName="DESKTOP-H9KSCV9" duration="00:00:00.0027881" startTime="2025-03-25T17:26:56.0669529+01:00" endTime="2025-03-25T17:26:56.0698981+01:00" testType="13cdc9d9-ddb5-4fa4-a97d-d965ccfc6d4b" outcome="Passed" testListId="8c84fa94-04c1-424b-9868-57a2d4851a1d" relativeResultsDirectory="c5c2e4be-7130-4986-877f-1a112c9e3c60" />
    <UnitTestResult executionId="8c9ebed4-b04e-4393-9b0d-6fc1dad44565" testId="6e9ac420-203d-ac82-511b-8145260abdee" testName="CheckAvailability_UsernameAvailable_ReturnsNoMessages" computerName="DESKTOP-H9KSCV9" duration="00:00:00.0031337" startTime="2025-03-25T17:26:55.7665757+01:00" endTime="2025-03-25T17:26:55.7699628+01:00" testType="13cdc9d9-ddb5-4fa4-a97d-d965ccfc6d4b" outcome="Passed" testListId="8c84fa94-04c1-424b-9868-57a2d4851a1d" relativeResultsDirectory="8c9ebed4-b04e-4393-9b0d-6fc1dad44565" />
    <UnitTestResult executionId="62491c2a-2668-47bc-9b75-15cffbb47d84" testId="52e5d5a0-6b82-6d43-8752-2e9943a58242" testName="ContextInitializesWithInMemoryDatabase" computerName="DESKTOP-H9KSCV9" duration="00:00:00.0003954" startTime="2025-03-25T17:26:56.0917388+01:00" endTime="2025-03-25T17:26:56.0922586+01:00" testType="13cdc9d9-ddb5-4fa4-a97d-d965ccfc6d4b" outcome="Passed" testListId="8c84fa94-04c1-424b-9868-57a2d4851a1d" relativeResultsDirectory="62491c2a-2668-47bc-9b75-15cffbb47d84" />
    <UnitTestResult executionId="637546e6-e475-497a-93a7-b0b5571e55dc" testId="7615bce3-50ff-8355-99b8-9b8228116f41" testName="AutoMapper_Configuration_IsValid" computerName="DESKTOP-H9KSCV9" duration="00:00:00.0003539" startTime="2025-03-25T17:26:56.1421988+01:00" endTime="2025-03-25T17:26:56.1437465+01:00" testType="13cdc9d9-ddb5-4fa4-a97d-d965ccfc6d4b" outcome="Passed" testListId="8c84fa94-04c1-424b-9868-57a2d4851a1d" relativeResultsDirectory="637546e6-e475-497a-93a7-b0b5571e55dc" />
    <UnitTestResult executionId="b6e2b99d-7940-41c5-bd0b-eb39d8977260" testId="97ec3dce-d371-19ac-021e-38edd5c10edf" testName="CompleteRoleManagementFlow_ShouldSucceed" computerName="DESKTOP-H9KSCV9" duration="00:00:05.0744342" startTime="2025-03-25T17:26:50.5266903+01:00" endTime="2025-03-25T17:26:55.6386952+01:00" testType="13cdc9d9-ddb5-4fa4-a97d-d965ccfc6d4b" outcome="Passed" testListId="8c84fa94-04c1-424b-9868-57a2d4851a1d" relativeResultsDirectory="b6e2b99d-7940-41c5-bd0b-eb39d8977260" />
    <UnitTestResult executionId="765e62b5-0a50-4644-a6b5-d00b4f00d62d" testId="ba20961b-6799-d652-45b7-03c3d3864402" testName="DeleteUserAsync_ShouldCallRepository_WhenUserExists" computerName="DESKTOP-H9KSCV9" duration="00:00:00.0543766" startTime="2025-03-25T17:26:55.7700723+01:00" endTime="2025-03-25T17:26:55.8247040+01:00" testType="13cdc9d9-ddb5-4fa4-a97d-d965ccfc6d4b" outcome="Passed" testListId="8c84fa94-04c1-424b-9868-57a2d4851a1d" relativeResultsDirectory="765e62b5-0a50-4644-a6b5-d00b4f00d62d" />
    <UnitTestResult executionId="96b9de12-cfca-478f-a75d-8e882c2a4785" testId="57b7cf17-8b55-af5c-84a8-a7b50c2d2678" testName="GetUserByEmailAsync_ShouldReturnNull_WhenUserDoesNotExist" computerName="DESKTOP-H9KSCV9" duration="00:00:00.0192113" startTime="2025-03-25T17:26:56.0699776+01:00" endTime="2025-03-25T17:26:56.0893318+01:00" testType="13cdc9d9-ddb5-4fa4-a97d-d965ccfc6d4b" outcome="Passed" testListId="8c84fa94-04c1-424b-9868-57a2d4851a1d" relativeResultsDirectory="96b9de12-cfca-478f-a75d-8e882c2a4785" />
    <UnitTestResult executionId="8ea49697-95a8-4153-9248-a2ca9c4f3b4f" testId="d95c0fc3-5b9b-5346-b441-627830ae2b68" testName="UpdateUserAsync_ShouldUpdateUser" computerName="DESKTOP-H9KSCV9" duration="00:00:00.0232053" startTime="2025-03-25T17:26:55.9431469+01:00" endTime="2025-03-25T17:26:55.9664987+01:00" testType="13cdc9d9-ddb5-4fa4-a97d-d965ccfc6d4b" outcome="Passed" testListId="8c84fa94-04c1-424b-9868-57a2d4851a1d" relativeResultsDirectory="8ea49697-95a8-4153-9248-a2ca9c4f3b4f" />
    <UnitTestResult executionId="497d14bb-a7e7-41d4-911a-60b685bad490" testId="a752dc08-217a-04bb-facb-9aac2ec3e88b" testName="SaveChangesAsync_CompletesSuccessfully" computerName="DESKTOP-H9KSCV9" duration="00:00:00.0020249" startTime="2025-03-25T17:26:56.0894682+01:00" endTime="2025-03-25T17:26:56.0916686+01:00" testType="13cdc9d9-ddb5-4fa4-a97d-d965ccfc6d4b" outcome="Passed" testListId="8c84fa94-04c1-424b-9868-57a2d4851a1d" relativeResultsDirectory="497d14bb-a7e7-41d4-911a-60b685bad490" />
    <UnitTestResult executionId="3cae61dc-8dfd-420c-86d0-7be0776eed03" testId="7df8e149-97c1-4416-d662-56097ab8526a" testName="GetRolesByUserIdAsync_ShouldReturnEmptyList_WhenUserHasNoRoles" computerName="DESKTOP-H9KSCV9" duration="00:00:00.0023350" startTime="2025-03-25T17:26:56.0394658+01:00" endTime="2025-03-25T17:26:56.0419459+01:00" testType="13cdc9d9-ddb5-4fa4-a97d-d965ccfc6d4b" outcome="Passed" testListId="8c84fa94-04c1-424b-9868-57a2d4851a1d" relativeResultsDirectory="3cae61dc-8dfd-420c-86d0-7be0776eed03" />
    <UnitTestResult executionId="6fe71561-88f5-460a-b056-438754cf7ac1" testId="c8b082a5-27d2-f23a-d277-2904cd3a52e9" testName="CheckAvailability_UsernameTaken_ReturnsMessages" computerName="DESKTOP-H9KSCV9" duration="00:00:00.0077149" startTime="2025-03-25T17:26:55.7586164+01:00" endTime="2025-03-25T17:26:55.7664925+01:00" testType="13cdc9d9-ddb5-4fa4-a97d-d965ccfc6d4b" outcome="Passed" testListId="8c84fa94-04c1-424b-9868-57a2d4851a1d" relativeResultsDirectory="6fe71561-88f5-460a-b056-438754cf7ac1" />
  </Results>
  <TestDefinitions>
    <UnitTest name="CheckAvailability_UsernameAvailable_ReturnsNoMessages" storage="d:\repos\asafarim\asafarim.test\bin\debug\net9.0\asafarim.test.dll" id="6e9ac420-203d-ac82-511b-8145260abdee">
      <Execution id="8c9ebed4-b04e-4393-9b0d-6fc1dad44565" />
      <TestMethod codeBase="D:\repos\ASafariM\ASafariM.Test\bin\Debug\net9.0\ASafariM.Test.dll" adapterTypeName="executor://mstestadapter/v2" className="ASafariM.Test.PresentationTests.Controllers.UsersControllerTests" name="CheckAvailability_UsernameAvailable_ReturnsNoMessages" />
    </UnitTest>
    <UnitTest name="GetUserByEmailAsync_ShouldReturnUser_WhenUserExists" storage="d:\repos\asafarim\asafarim.test\bin\debug\net9.0\asafarim.test.dll" id="fd5701a1-d9c5-0923-867b-cc0967647b90">
      <Execution id="c5c2e4be-7130-4986-877f-1a112c9e3c60" />
      <TestMethod codeBase="D:\repos\ASafariM\ASafariM.Test\bin\Debug\net9.0\ASafariM.Test.dll" adapterTypeName="executor://mstestadapter/v2" className="ASafariM.Test.DomainTests.Persistence.AppDbContextTests" name="GetUserByEmailAsync_ShouldReturnUser_WhenUserExists" />
    </UnitTest>
    <UnitTest name="handle_null_context_options_throws_exception" storage="d:\repos\asafarim\asafarim.test\bin\debug\net9.0\asafarim.test.dll" id="1ba3a6a2-3048-ee98-8cac-456578ce17bc">
      <Execution id="9460c742-c1c9-45b9-a0bd-017b2c2ad02f" />
      <TestMethod codeBase="D:\repos\ASafariM\ASafariM.Test\bin\Debug\net9.0\ASafariM.Test.dll" adapterTypeName="executor://mstestadapter/v2" className="ASafariM.Test.InfrastructureTests.Repository.UserRepositoryTests" name="handle_null_context_options_throws_exception" />
    </UnitTest>
    <UnitTest name="CheckAvailability_UsernameTaken_ReturnsMessages" storage="d:\repos\asafarim\asafarim.test\bin\debug\net9.0\asafarim.test.dll" id="c8b082a5-27d2-f23a-d277-2904cd3a52e9">
      <Execution id="6fe71561-88f5-460a-b056-438754cf7ac1" />
      <TestMethod codeBase="D:\repos\ASafariM\ASafariM.Test\bin\Debug\net9.0\ASafariM.Test.dll" adapterTypeName="executor://mstestadapter/v2" className="ASafariM.Test.PresentationTests.Controllers.UsersControllerTests" name="CheckAvailability_UsernameTaken_ReturnsMessages" />
    </UnitTest>
    <UnitTest name="GetUserByEmailAsync_ShouldReturnNull_WhenUserDoesNotExist" storage="d:\repos\asafarim\asafarim.test\bin\debug\net9.0\asafarim.test.dll" id="57b7cf17-8b55-af5c-84a8-a7b50c2d2678">
      <Execution id="96b9de12-cfca-478f-a75d-8e882c2a4785" />
      <TestMethod codeBase="D:\repos\ASafariM\ASafariM.Test\bin\Debug\net9.0\ASafariM.Test.dll" adapterTypeName="executor://mstestadapter/v2" className="ASafariM.Test.DomainTests.Persistence.AppDbContextTests" name="GetUserByEmailAsync_ShouldReturnNull_WhenUserDoesNotExist" />
    </UnitTest>
    <UnitTest name="GetAllUsersAsync_ShouldReturnAllUsers" storage="d:\repos\asafarim\asafarim.test\bin\debug\net9.0\asafarim.test.dll" id="ca3cefb5-cdf1-d311-b21a-39e4d7aaec90">
      <Execution id="cfb93d68-4003-408d-8845-ff995ac986b2" />
      <TestMethod codeBase="D:\repos\ASafariM\ASafariM.Test\bin\Debug\net9.0\ASafariM.Test.dll" adapterTypeName="executor://mstestadapter/v2" className="ASafariM.Test.InfrastructureTests.Repository.UserRepositoryTests" name="GetAllUsersAsync_ShouldReturnAllUsers" />
    </UnitTest>
    <UnitTest name="CascadeDelete_ShouldRemoveUserRoles_WhenUserIsDeleted" storage="d:\repos\asafarim\asafarim.test\bin\debug\net9.0\asafarim.test.dll" id="cd877712-f446-be07-90ba-7be95dd82230">
      <Execution id="b7f5baee-c34a-4f21-a0ca-021a105ffdac" />
      <TestMethod codeBase="D:\repos\ASafariM\ASafariM.Test\bin\Debug\net9.0\ASafariM.Test.dll" adapterTypeName="executor://mstestadapter/v2" className="ASafariM.Test.PresentationTests.Controllers.UserRolesControllerIntegrationTests" name="CascadeDelete_ShouldRemoveUserRoles_WhenUserIsDeleted" />
    </UnitTest>
    <UnitTest name="ContextInitializesWithInMemoryDatabase" storage="d:\repos\asafarim\asafarim.test\bin\debug\net9.0\asafarim.test.dll" id="52e5d5a0-6b82-6d43-8752-2e9943a58242">
      <Execution id="62491c2a-2668-47bc-9b75-15cffbb47d84" />
      <TestMethod codeBase="D:\repos\ASafariM\ASafariM.Test\bin\Debug\net9.0\ASafariM.Test.dll" adapterTypeName="executor://mstestadapter/v2" className="ASafariM.Test.DomainTests.Persistence.AppDbContextTests" name="ContextInitializesWithInMemoryDatabase" />
    </UnitTest>
    <UnitTest name="DeleteUserAsync_ShouldCallRepository_WhenUserExists" storage="d:\repos\asafarim\asafarim.test\bin\debug\net9.0\asafarim.test.dll" id="ba20961b-6799-d652-45b7-03c3d3864402">
      <Execution id="765e62b5-0a50-4644-a6b5-d00b4f00d62d" />
      <TestMethod codeBase="D:\repos\ASafariM\ASafariM.Test\bin\Debug\net9.0\ASafariM.Test.dll" adapterTypeName="executor://mstestadapter/v2" className="ASafariM.Test.InfrastructureTests.Services.UserServiceTests" name="DeleteUserAsync_ShouldCallRepository_WhenUserExists" />
    </UnitTest>
    <UnitTest name="AssignRolesToUserAsync_ShouldAssignRoles_WhenRolesExist" storage="d:\repos\asafarim\asafarim.test\bin\debug\net9.0\asafarim.test.dll" id="36291326-1b1c-e4a2-a519-44282bcfec4d">
      <Execution id="de485c4e-f4a4-40db-9621-ff2986e985a5" />
      <TestMethod codeBase="D:\repos\ASafariM\ASafariM.Test\bin\Debug\net9.0\ASafariM.Test.dll" adapterTypeName="executor://mstestadapter/v2" className="ASafariM.Test.InfrastructureTests.Repository.UserRepositoryTests" name="AssignRolesToUserAsync_ShouldAssignRoles_WhenRolesExist" />
    </UnitTest>
    <UnitTest name="GetUserByUserNameAsync_ShouldReturnUser_WhenUserExists" storage="d:\repos\asafarim\asafarim.test\bin\debug\net9.0\asafarim.test.dll" id="ca9ddfba-3d81-f766-9da2-67005f62daeb">
      <Execution id="dc99aebf-4e3f-4921-be3b-dd906165e6c6" />
      <TestMethod codeBase="D:\repos\ASafariM\ASafariM.Test\bin\Debug\net9.0\ASafariM.Test.dll" adapterTypeName="executor://mstestadapter/v2" className="ASafariM.Test.InfrastructureTests.Repository.UserRepositoryTests" name="GetUserByUserNameAsync_ShouldReturnUser_WhenUserExists" />
    </UnitTest>
    <UnitTest name="SaveChangesAsync_CompletesSuccessfully" storage="d:\repos\asafarim\asafarim.test\bin\debug\net9.0\asafarim.test.dll" id="a752dc08-217a-04bb-facb-9aac2ec3e88b">
      <Execution id="497d14bb-a7e7-41d4-911a-60b685bad490" />
      <TestMethod codeBase="D:\repos\ASafariM\ASafariM.Test\bin\Debug\net9.0\ASafariM.Test.dll" adapterTypeName="executor://mstestadapter/v2" className="ASafariM.Test.DomainTests.Persistence.AppDbContextTests" name="SaveChangesAsync_CompletesSuccessfully" />
    </UnitTest>
    <UnitTest name="InitializeMockLoggerForUserRepository" storage="d:\repos\asafarim\asafarim.test\bin\debug\net9.0\asafarim.test.dll" id="89640849-ce9a-7557-fb0e-f8647c1da9e3">
      <Execution id="1e0466c0-b574-4f47-bed6-bd49fd02a865" />
      <TestMethod codeBase="D:\repos\ASafariM\ASafariM.Test\bin\Debug\net9.0\ASafariM.Test.dll" adapterTypeName="executor://mstestadapter/v2" className="ASafariM.Test.DomainTests.Persistence.AppDbContextTests" name="InitializeMockLoggerForUserRepository" />
    </UnitTest>
    <UnitTest name="GetRolesByUserIdAsync_ShouldReturnEmptyList_WhenUserHasNoRoles" storage="d:\repos\asafarim\asafarim.test\bin\debug\net9.0\asafarim.test.dll" id="7df8e149-97c1-4416-d662-56097ab8526a">
      <Execution id="3cae61dc-8dfd-420c-86d0-7be0776eed03" />
      <TestMethod codeBase="D:\repos\ASafariM\ASafariM.Test\bin\Debug\net9.0\ASafariM.Test.dll" adapterTypeName="executor://mstestadapter/v2" className="ASafariM.Test.InfrastructureTests.Repository.UserRepositoryTests" name="GetRolesByUserIdAsync_ShouldReturnEmptyList_WhenUserHasNoRoles" />
    </UnitTest>
    <UnitTest name="CompleteRoleManagementFlow_ShouldSucceed" storage="d:\repos\asafarim\asafarim.test\bin\debug\net9.0\asafarim.test.dll" id="97ec3dce-d371-19ac-021e-38edd5c10edf">
      <Execution id="b6e2b99d-7940-41c5-bd0b-eb39d8977260" />
      <TestMethod codeBase="D:\repos\ASafariM\ASafariM.Test\bin\Debug\net9.0\ASafariM.Test.dll" adapterTypeName="executor://mstestadapter/v2" className="ASafariM.Test.PresentationTests.Controllers.UserRolesControllerIntegrationTests" name="CompleteRoleManagementFlow_ShouldSucceed" />
    </UnitTest>
    <UnitTest name="GetAllUsers_ReturnsOkWithUsers" storage="d:\repos\asafarim\asafarim.test\bin\debug\net9.0\asafarim.test.dll" id="f9143d72-d4ae-f69b-d07f-62ccd78b6213">
      <Execution id="b874f5fd-1407-4d46-be6d-0c5f31139d0a" />
      <TestMethod codeBase="D:\repos\ASafariM\ASafariM.Test\bin\Debug\net9.0\ASafariM.Test.dll" adapterTypeName="executor://mstestadapter/v2" className="ASafariM.Test.PresentationTests.Controllers.UsersControllerTests" name="GetAllUsers_ReturnsOkWithUsers" />
    </UnitTest>
    <UnitTest name="GetRolesByUserIdAsync_ShouldReturnRoles_WhenUserHasRoles" storage="d:\repos\asafarim\asafarim.test\bin\debug\net9.0\asafarim.test.dll" id="d7c4a17f-0b3c-a153-e347-4a402c9def8b">
      <Execution id="2e5f35a3-4f63-41ad-8c7f-0f0c3ac69269" />
      <TestMethod codeBase="D:\repos\ASafariM\ASafariM.Test\bin\Debug\net9.0\ASafariM.Test.dll" adapterTypeName="executor://mstestadapter/v2" className="ASafariM.Test.InfrastructureTests.Repository.UserRepositoryTests" name="GetRolesByUserIdAsync_ShouldReturnRoles_WhenUserHasRoles" />
    </UnitTest>
    <UnitTest name="AddUserAsync_ShouldLogAndSaveChanges" storage="d:\repos\asafarim\asafarim.test\bin\debug\net9.0\asafarim.test.dll" id="751e710e-fc0d-d3ba-d75a-78632f7f2eb7">
      <Execution id="7d7d0b50-cf5d-42ed-b627-c7f49abeaf1f" />
      <TestMethod codeBase="D:\repos\ASafariM\ASafariM.Test\bin\Debug\net9.0\ASafariM.Test.dll" adapterTypeName="executor://mstestadapter/v2" className="ASafariM.Test.DomainTests.Persistence.AppDbContextTests" name="AddUserAsync_ShouldLogAndSaveChanges" />
    </UnitTest>
    <UnitTest name="HandleInvalidDatabaseName_ThrowsException" storage="d:\repos\asafarim\asafarim.test\bin\debug\net9.0\asafarim.test.dll" id="d804816e-265f-e41e-74cb-89ab5435acd9">
      <Execution id="c4033a71-f70d-4df4-a430-512d630226c2" />
      <TestMethod codeBase="D:\repos\ASafariM\ASafariM.Test\bin\Debug\net9.0\ASafariM.Test.dll" adapterTypeName="executor://mstestadapter/v2" className="ASafariM.Test.DomainTests.Persistence.AppDbContextTests" name="HandleInvalidDatabaseName_ThrowsException" />
    </UnitTest>
    <UnitTest name="GetUserByPhoneNumberAsync_ShouldReturnUser_WhenUserExists" storage="d:\repos\asafarim\asafarim.test\bin\debug\net9.0\asafarim.test.dll" id="4e24bf9f-0eea-ab65-b8b4-60c80bf74219">
      <Execution id="2f30b6a6-dc01-491c-a928-448c871f54c8" />
      <TestMethod codeBase="D:\repos\ASafariM\ASafariM.Test\bin\Debug\net9.0\ASafariM.Test.dll" adapterTypeName="executor://mstestadapter/v2" className="ASafariM.Test.InfrastructureTests.Repository.UserRepositoryTests" name="GetUserByPhoneNumberAsync_ShouldReturnUser_WhenUserExists" />
    </UnitTest>
    <UnitTest name="AssignRolesToUserAsync_ShouldThrowException_WhenRoleDoesNotExist" storage="d:\repos\asafarim\asafarim.test\bin\debug\net9.0\asafarim.test.dll" id="b40d2ee4-eff1-c0b6-107b-21589dc6cf09">
      <Execution id="728d30d4-7484-42a3-94f1-e6bc928ce721" />
      <TestMethod codeBase="D:\repos\ASafariM\ASafariM.Test\bin\Debug\net9.0\ASafariM.Test.dll" adapterTypeName="executor://mstestadapter/v2" className="ASafariM.Test.InfrastructureTests.Repository.UserRepositoryTests" name="AssignRolesToUserAsync_ShouldThrowException_WhenRoleDoesNotExist" />
    </UnitTest>
    <UnitTest name="GetUserByEmailAsync_ShouldReturnUser_WhenUserExists" storage="d:\repos\asafarim\asafarim.test\bin\debug\net9.0\asafarim.test.dll" id="c0c47d89-bbbe-d55f-688c-61e9a03495d4">
      <Execution id="ea149ce4-c013-407e-8ba1-42734ea124b5" />
      <TestMethod codeBase="D:\repos\ASafariM\ASafariM.Test\bin\Debug\net9.0\ASafariM.Test.dll" adapterTypeName="executor://mstestadapter/v2" className="ASafariM.Test.InfrastructureTests.Repository.UserRepositoryTests" name="GetUserByEmailAsync_ShouldReturnUser_WhenUserExists" />
    </UnitTest>
    <UnitTest name="GetUserByIdAsync_ShouldReturnUser_WhenUserExists" storage="d:\repos\asafarim\asafarim.test\bin\debug\net9.0\asafarim.test.dll" id="a9bbc64b-6c36-56f8-8fe3-cf9770a86971">
      <Execution id="2a4f6db1-ca31-4748-b93e-1f3a8d9562cd" />
      <TestMethod codeBase="D:\repos\ASafariM\ASafariM.Test\bin\Debug\net9.0\ASafariM.Test.dll" adapterTypeName="executor://mstestadapter/v2" className="ASafariM.Test.InfrastructureTests.Repository.UserRepositoryTests" name="GetUserByIdAsync_ShouldReturnUser_WhenUserExists" />
    </UnitTest>
    <UnitTest name="UpdateUserAsync_ShouldUpdateUser" storage="d:\repos\asafarim\asafarim.test\bin\debug\net9.0\asafarim.test.dll" id="d95c0fc3-5b9b-5346-b441-627830ae2b68">
      <Execution id="8ea49697-95a8-4153-9248-a2ca9c4f3b4f" />
      <TestMethod codeBase="D:\repos\ASafariM\ASafariM.Test\bin\Debug\net9.0\ASafariM.Test.dll" adapterTypeName="executor://mstestadapter/v2" className="ASafariM.Test.InfrastructureTests.Repository.UserRepositoryTests" name="UpdateUserAsync_ShouldUpdateUser" />
    </UnitTest>
    <UnitTest name="RemoveRolesFromUserAsync_ShouldRemoveRoles_WhenRolesExist" storage="d:\repos\asafarim\asafarim.test\bin\debug\net9.0\asafarim.test.dll" id="45bae863-9364-c702-6f6a-3938e34061ee">
      <Execution id="b4bedee4-57fc-4aa8-8e01-c0c82348d3c9" />
      <TestMethod codeBase="D:\repos\ASafariM\ASafariM.Test\bin\Debug\net9.0\ASafariM.Test.dll" adapterTypeName="executor://mstestadapter/v2" className="ASafariM.Test.InfrastructureTests.Repository.UserRepositoryTests" name="RemoveRolesFromUserAsync_ShouldRemoveRoles_WhenRolesExist" />
    </UnitTest>
    <UnitTest name="HandleDuplicateInitializationOfUserRepository" storage="d:\repos\asafarim\asafarim.test\bin\debug\net9.0\asafarim.test.dll" id="6c84fd6b-b951-9caf-b632-ed552763edfd">
      <Execution id="d087dcd3-39c8-4d8f-bf87-38d17327a747" />
      <TestMethod codeBase="D:\repos\ASafariM\ASafariM.Test\bin\Debug\net9.0\ASafariM.Test.dll" adapterTypeName="executor://mstestadapter/v2" className="ASafariM.Test.DomainTests.Persistence.AppDbContextTests" name="HandleDuplicateInitializationOfUserRepository" />
    </UnitTest>
    <UnitTest name="handle_invalid_database_name_throws_exception" storage="d:\repos\asafarim\asafarim.test\bin\debug\net9.0\asafarim.test.dll" id="749d4f59-99a8-c257-0f06-d901dbb280e1">
      <Execution id="5bc2f2f2-61c4-4126-8658-7214d31b4e0f" />
      <TestMethod codeBase="D:\repos\ASafariM\ASafariM.Test\bin\Debug\net9.0\ASafariM.Test.dll" adapterTypeName="executor://mstestadapter/v2" className="ASafariM.Test.InfrastructureTests.Repository.UserRepositoryTests" name="handle_invalid_database_name_throws_exception" />
    </UnitTest>
    <UnitTest name="AddUserAsync_ShouldAddUser" storage="d:\repos\asafarim\asafarim.test\bin\debug\net9.0\asafarim.test.dll" id="d5b473e6-9454-2cf2-3a3c-92deae82e5b9">
      <Execution id="662ee940-b32a-4f53-8ee4-71c36c801199" />
      <TestMethod codeBase="D:\repos\ASafariM\ASafariM.Test\bin\Debug\net9.0\ASafariM.Test.dll" adapterTypeName="executor://mstestadapter/v2" className="ASafariM.Test.InfrastructureTests.Repository.UserRepositoryTests" name="AddUserAsync_ShouldAddUser" />
    </UnitTest>
    <UnitTest name="AutoMapper_Configuration_IsValid" storage="d:\repos\asafarim\asafarim.test\bin\debug\net9.0\asafarim.test.dll" id="7615bce3-50ff-8355-99b8-9b8228116f41">
      <Execution id="637546e6-e475-497a-93a7-b0b5571e55dc" />
      <TestMethod codeBase="D:\repos\ASafariM\ASafariM.Test\bin\Debug\net9.0\ASafariM.Test.dll" adapterTypeName="executor://mstestadapter/v2" className="ASafariM.Test.ApplicationTests.Mappings.AutoMapperProfileTests" name="AutoMapper_Configuration_IsValid" />
    </UnitTest>
    <UnitTest name="initialize_mock_logger_for_user_repository" storage="d:\repos\asafarim\asafarim.test\bin\debug\net9.0\asafarim.test.dll" id="73db3971-f82f-de3f-8734-b8990916c7f3">
      <Execution id="415603da-7699-42b6-8cbe-77d3f32f52a4" />
      <TestMethod codeBase="D:\repos\ASafariM\ASafariM.Test\bin\Debug\net9.0\ASafariM.Test.dll" adapterTypeName="executor://mstestadapter/v2" className="ASafariM.Test.InfrastructureTests.Repository.UserRepositoryTests" name="initialize_mock_logger_for_user_repository" />
    </UnitTest>
    <UnitTest name="GetUserByEmailAsync_ShouldReturnNull_WhenUserDoesNotExist" storage="d:\repos\asafarim\asafarim.test\bin\debug\net9.0\asafarim.test.dll" id="baef49de-de00-6939-72cd-64a39497f822">
      <Execution id="8ce9f8d1-f9ad-4a65-b511-a6f264217159" />
      <TestMethod codeBase="D:\repos\ASafariM\ASafariM.Test\bin\Debug\net9.0\ASafariM.Test.dll" adapterTypeName="executor://mstestadapter/v2" className="ASafariM.Test.InfrastructureTests.Repository.UserRepositoryTests" name="GetUserByEmailAsync_ShouldReturnNull_WhenUserDoesNotExist" />
    </UnitTest>
  </TestDefinitions>
  <TestEntries>
    <TestEntry testId="1ba3a6a2-3048-ee98-8cac-456578ce17bc" executionId="9460c742-c1c9-45b9-a0bd-017b2c2ad02f" testListId="8c84fa94-04c1-424b-9868-57a2d4851a1d" />
    <TestEntry testId="cd877712-f446-be07-90ba-7be95dd82230" executionId="b7f5baee-c34a-4f21-a0ca-021a105ffdac" testListId="8c84fa94-04c1-424b-9868-57a2d4851a1d" />
    <TestEntry testId="749d4f59-99a8-c257-0f06-d901dbb280e1" executionId="5bc2f2f2-61c4-4126-8658-7214d31b4e0f" testListId="8c84fa94-04c1-424b-9868-57a2d4851a1d" />
    <TestEntry testId="4e24bf9f-0eea-ab65-b8b4-60c80bf74219" executionId="2f30b6a6-dc01-491c-a928-448c871f54c8" testListId="8c84fa94-04c1-424b-9868-57a2d4851a1d" />
    <TestEntry testId="d804816e-265f-e41e-74cb-89ab5435acd9" executionId="c4033a71-f70d-4df4-a430-512d630226c2" testListId="8c84fa94-04c1-424b-9868-57a2d4851a1d" />
    <TestEntry testId="a9bbc64b-6c36-56f8-8fe3-cf9770a86971" executionId="2a4f6db1-ca31-4748-b93e-1f3a8d9562cd" testListId="8c84fa94-04c1-424b-9868-57a2d4851a1d" />
    <TestEntry testId="ca3cefb5-cdf1-d311-b21a-39e4d7aaec90" executionId="cfb93d68-4003-408d-8845-ff995ac986b2" testListId="8c84fa94-04c1-424b-9868-57a2d4851a1d" />
    <TestEntry testId="c0c47d89-bbbe-d55f-688c-61e9a03495d4" executionId="ea149ce4-c013-407e-8ba1-42734ea124b5" testListId="8c84fa94-04c1-424b-9868-57a2d4851a1d" />
    <TestEntry testId="89640849-ce9a-7557-fb0e-f8647c1da9e3" executionId="1e0466c0-b574-4f47-bed6-bd49fd02a865" testListId="8c84fa94-04c1-424b-9868-57a2d4851a1d" />
    <TestEntry testId="ca9ddfba-3d81-f766-9da2-67005f62daeb" executionId="dc99aebf-4e3f-4921-be3b-dd906165e6c6" testListId="8c84fa94-04c1-424b-9868-57a2d4851a1d" />
    <TestEntry testId="d5b473e6-9454-2cf2-3a3c-92deae82e5b9" executionId="662ee940-b32a-4f53-8ee4-71c36c801199" testListId="8c84fa94-04c1-424b-9868-57a2d4851a1d" />
    <TestEntry testId="f9143d72-d4ae-f69b-d07f-62ccd78b6213" executionId="b874f5fd-1407-4d46-be6d-0c5f31139d0a" testListId="8c84fa94-04c1-424b-9868-57a2d4851a1d" />
    <TestEntry testId="baef49de-de00-6939-72cd-64a39497f822" executionId="8ce9f8d1-f9ad-4a65-b511-a6f264217159" testListId="8c84fa94-04c1-424b-9868-57a2d4851a1d" />
    <TestEntry testId="36291326-1b1c-e4a2-a519-44282bcfec4d" executionId="de485c4e-f4a4-40db-9621-ff2986e985a5" testListId="8c84fa94-04c1-424b-9868-57a2d4851a1d" />
    <TestEntry testId="73db3971-f82f-de3f-8734-b8990916c7f3" executionId="415603da-7699-42b6-8cbe-77d3f32f52a4" testListId="8c84fa94-04c1-424b-9868-57a2d4851a1d" />
    <TestEntry testId="45bae863-9364-c702-6f6a-3938e34061ee" executionId="b4bedee4-57fc-4aa8-8e01-c0c82348d3c9" testListId="8c84fa94-04c1-424b-9868-57a2d4851a1d" />
    <TestEntry testId="751e710e-fc0d-d3ba-d75a-78632f7f2eb7" executionId="7d7d0b50-cf5d-42ed-b627-c7f49abeaf1f" testListId="8c84fa94-04c1-424b-9868-57a2d4851a1d" />
    <TestEntry testId="d7c4a17f-0b3c-a153-e347-4a402c9def8b" executionId="2e5f35a3-4f63-41ad-8c7f-0f0c3ac69269" testListId="8c84fa94-04c1-424b-9868-57a2d4851a1d" />
    <TestEntry testId="b40d2ee4-eff1-c0b6-107b-21589dc6cf09" executionId="728d30d4-7484-42a3-94f1-e6bc928ce721" testListId="8c84fa94-04c1-424b-9868-57a2d4851a1d" />
    <TestEntry testId="6c84fd6b-b951-9caf-b632-ed552763edfd" executionId="d087dcd3-39c8-4d8f-bf87-38d17327a747" testListId="8c84fa94-04c1-424b-9868-57a2d4851a1d" />
    <TestEntry testId="fd5701a1-d9c5-0923-867b-cc0967647b90" executionId="c5c2e4be-7130-4986-877f-1a112c9e3c60" testListId="8c84fa94-04c1-424b-9868-57a2d4851a1d" />
    <TestEntry testId="6e9ac420-203d-ac82-511b-8145260abdee" executionId="8c9ebed4-b04e-4393-9b0d-6fc1dad44565" testListId="8c84fa94-04c1-424b-9868-57a2d4851a1d" />
    <TestEntry testId="52e5d5a0-6b82-6d43-8752-2e9943a58242" executionId="62491c2a-2668-47bc-9b75-15cffbb47d84" testListId="8c84fa94-04c1-424b-9868-57a2d4851a1d" />
    <TestEntry testId="7615bce3-50ff-8355-99b8-9b8228116f41" executionId="637546e6-e475-497a-93a7-b0b5571e55dc" testListId="8c84fa94-04c1-424b-9868-57a2d4851a1d" />
    <TestEntry testId="97ec3dce-d371-19ac-021e-38edd5c10edf" executionId="b6e2b99d-7940-41c5-bd0b-eb39d8977260" testListId="8c84fa94-04c1-424b-9868-57a2d4851a1d" />
    <TestEntry testId="ba20961b-6799-d652-45b7-03c3d3864402" executionId="765e62b5-0a50-4644-a6b5-d00b4f00d62d" testListId="8c84fa94-04c1-424b-9868-57a2d4851a1d" />
    <TestEntry testId="57b7cf17-8b55-af5c-84a8-a7b50c2d2678" executionId="96b9de12-cfca-478f-a75d-8e882c2a4785" testListId="8c84fa94-04c1-424b-9868-57a2d4851a1d" />
    <TestEntry testId="d95c0fc3-5b9b-5346-b441-627830ae2b68" executionId="8ea49697-95a8-4153-9248-a2ca9c4f3b4f" testListId="8c84fa94-04c1-424b-9868-57a2d4851a1d" />
    <TestEntry testId="a752dc08-217a-04bb-facb-9aac2ec3e88b" executionId="497d14bb-a7e7-41d4-911a-60b685bad490" testListId="8c84fa94-04c1-424b-9868-57a2d4851a1d" />
    <TestEntry testId="7df8e149-97c1-4416-d662-56097ab8526a" executionId="3cae61dc-8dfd-420c-86d0-7be0776eed03" testListId="8c84fa94-04c1-424b-9868-57a2d4851a1d" />
    <TestEntry testId="c8b082a5-27d2-f23a-d277-2904cd3a52e9" executionId="6fe71561-88f5-460a-b056-438754cf7ac1" testListId="8c84fa94-04c1-424b-9868-57a2d4851a1d" />
  </TestEntries>
  <TestLists>
    <TestList name="Results Not in a List" id="8c84fa94-04c1-424b-9868-57a2d4851a1d" />
    <TestList name="All Loaded Results" id="19431567-8539-422a-85d7-44ee4e166bda" />
  </TestLists>
  <ResultSummary outcome="Completed">
    <Counters total="31" executed="31" passed="31" failed="0" error="0" timeout="0" aborted="0" inconclusive="0" passedButRunAborted="0" notRunnable="0" notExecuted="0" disconnected="0" warning="0" completed="0" inProgress="0" pending="0" />
  </ResultSummary>
</TestRun>