<?xml version="1.0" encoding="utf-8"?>
<TestRun id="2c1dc8b6-6a27-464a-b0e7-8073fcb72b91" name="User@DESKTOP-H9KSCV9 2025-03-26 17:23:30" runUser="DESKTOP-H9KSCV9\User" xmlns="http://microsoft.com/schemas/VisualStudio/TeamTest/2010">
  <Times creation="2025-03-26T17:23:30.4694032+01:00" queuing="2025-03-26T17:23:30.4694036+01:00" start="2025-03-26T17:22:57.8373659+01:00" finish="2025-03-26T17:23:30.9412840+01:00" />
  <TestSettings name="default" id="2e0499c4-afb9-4d5d-9036-2d22e45e9473">
    <Deployment runDeploymentRoot="User_DESKTOP-H9KSCV9_2025-03-26_17_23_30" />
  </TestSettings>
  <Results>
    <UnitTestResult executionId="991f3330-3932-4764-8b9a-b764891886a1" testId="1ba3a6a2-3048-ee98-8cac-456578ce17bc" testName="handle_null_context_options_throws_exception" computerName="DESKTOP-H9KSCV9" duration="00:00:00.0017721" startTime="2025-03-26T17:23:30.5924093+01:00" endTime="2025-03-26T17:23:30.5943824+01:00" testType="13cdc9d9-ddb5-4fa4-a97d-d965ccfc6d4b" outcome="Passed" testListId="8c84fa94-04c1-424b-9868-57a2d4851a1d" relativeResultsDirectory="991f3330-3932-4764-8b9a-b764891886a1" />
    <UnitTestResult executionId="b2963c96-552a-4f64-8b86-e50f0dbde365" testId="d7c4a17f-0b3c-a153-e347-4a402c9def8b" testName="GetRolesByUserIdAsync_ShouldReturnRoles_WhenUserHasRoles" computerName="DESKTOP-H9KSCV9" duration="00:00:00.0054043" startTime="2025-03-26T17:23:30.7687635+01:00" endTime="2025-03-26T17:23:30.7744095+01:00" testType="13cdc9d9-ddb5-4fa4-a97d-d965ccfc6d4b" outcome="Passed" testListId="8c84fa94-04c1-424b-9868-57a2d4851a1d" relativeResultsDirectory="b2963c96-552a-4f64-8b86-e50f0dbde365" />
    <UnitTestResult executionId="2bf52b68-b484-4929-a273-dee7cefab09b" testId="c8b082a5-27d2-f23a-d277-2904cd3a52e9" testName="CheckAvailability_UsernameTaken_ReturnsMessages" computerName="DESKTOP-H9KSCV9" duration="00:00:00.0075231" startTime="2025-03-26T17:23:30.5358054+01:00" endTime="2025-03-26T17:23:30.5434633+01:00" testType="13cdc9d9-ddb5-4fa4-a97d-d965ccfc6d4b" outcome="Passed" testListId="8c84fa94-04c1-424b-9868-57a2d4851a1d" relativeResultsDirectory="2bf52b68-b484-4929-a273-dee7cefab09b" />
    <UnitTestResult executionId="5a332e55-1e6d-4333-b83f-6251db700ac7" testId="a752dc08-217a-04bb-facb-9aac2ec3e88b" testName="SaveChangesAsync_CompletesSuccessfully" computerName="DESKTOP-H9KSCV9" duration="00:00:00.0012862" startTime="2025-03-26T17:23:30.8133782+01:00" endTime="2025-03-26T17:23:30.8147792+01:00" testType="13cdc9d9-ddb5-4fa4-a97d-d965ccfc6d4b" outcome="Passed" testListId="8c84fa94-04c1-424b-9868-57a2d4851a1d" relativeResultsDirectory="5a332e55-1e6d-4333-b83f-6251db700ac7" />
    <UnitTestResult executionId="ba4fa651-3a16-40e8-9b75-a50d0237fba7" testId="6c84fd6b-b951-9caf-b632-ed552763edfd" testName="HandleDuplicateInitializationOfUserRepository" computerName="DESKTOP-H9KSCV9" duration="00:00:00.0488023" startTime="2025-03-26T17:23:30.8152422+01:00" endTime="2025-03-26T17:23:30.8641976+01:00" testType="13cdc9d9-ddb5-4fa4-a97d-d965ccfc6d4b" outcome="Passed" testListId="8c84fa94-04c1-424b-9868-57a2d4851a1d" relativeResultsDirectory="ba4fa651-3a16-40e8-9b75-a50d0237fba7" />
    <UnitTestResult executionId="064a9e49-fd25-4491-a3bd-7df845e2f831" testId="fd5701a1-d9c5-0923-867b-cc0967647b90" testName="GetUserByEmailAsync_ShouldReturnUser_WhenUserExists" computerName="DESKTOP-H9KSCV9" duration="00:00:00.0019687" startTime="2025-03-26T17:23:30.7954118+01:00" endTime="2025-03-26T17:23:30.7974867+01:00" testType="13cdc9d9-ddb5-4fa4-a97d-d965ccfc6d4b" outcome="Passed" testListId="8c84fa94-04c1-424b-9868-57a2d4851a1d" relativeResultsDirectory="064a9e49-fd25-4491-a3bd-7df845e2f831" />
    <UnitTestResult executionId="aba45e42-b6b0-4453-ae4d-e643025163a4" testId="97ec3dce-d371-19ac-021e-38edd5c10edf" testName="CompleteRoleManagementFlow_ShouldSucceed" computerName="DESKTOP-H9KSCV9" duration="00:00:14.8144129" startTime="2025-03-26T17:23:15.5903534+01:00" endTime="2025-03-26T17:23:30.4339442+01:00" testType="13cdc9d9-ddb5-4fa4-a97d-d965ccfc6d4b" outcome="Passed" testListId="8c84fa94-04c1-424b-9868-57a2d4851a1d" relativeResultsDirectory="aba45e42-b6b0-4453-ae4d-e643025163a4" />
    <UnitTestResult executionId="7c279b71-a796-4e2a-9378-1523132da16d" testId="7df8e149-97c1-4416-d662-56097ab8526a" testName="GetRolesByUserIdAsync_ShouldReturnEmptyList_WhenUserHasNoRoles" computerName="DESKTOP-H9KSCV9" duration="00:00:00.0018058" startTime="2025-03-26T17:23:30.7745085+01:00" endTime="2025-03-26T17:23:30.7764857+01:00" testType="13cdc9d9-ddb5-4fa4-a97d-d965ccfc6d4b" outcome="Passed" testListId="8c84fa94-04c1-424b-9868-57a2d4851a1d" relativeResultsDirectory="7c279b71-a796-4e2a-9378-1523132da16d" />
    <UnitTestResult executionId="85949362-74bc-4309-b1db-dbf85c6adba4" testId="d804816e-265f-e41e-74cb-89ab5435acd9" testName="HandleInvalidDatabaseName_ThrowsException" computerName="DESKTOP-H9KSCV9" duration="00:00:00.0004885" startTime="2025-03-26T17:23:30.8656520+01:00" endTime="2025-03-26T17:23:30.8662817+01:00" testType="13cdc9d9-ddb5-4fa4-a97d-d965ccfc6d4b" outcome="Passed" testListId="8c84fa94-04c1-424b-9868-57a2d4851a1d" relativeResultsDirectory="85949362-74bc-4309-b1db-dbf85c6adba4" />
    <UnitTestResult executionId="0a635b76-e904-4fd1-903d-0514755a4294" testId="57b7cf17-8b55-af5c-84a8-a7b50c2d2678" testName="GetUserByEmailAsync_ShouldReturnNull_WhenUserDoesNotExist" computerName="DESKTOP-H9KSCV9" duration="00:00:00.0156580" startTime="2025-03-26T17:23:30.7975492+01:00" endTime="2025-03-26T17:23:30.8133135+01:00" testType="13cdc9d9-ddb5-4fa4-a97d-d965ccfc6d4b" outcome="Passed" testListId="8c84fa94-04c1-424b-9868-57a2d4851a1d" relativeResultsDirectory="0a635b76-e904-4fd1-903d-0514755a4294" />
    <UnitTestResult executionId="1dc597c2-9062-43e1-801d-0cf61a807fcc" testId="749d4f59-99a8-c257-0f06-d901dbb280e1" testName="handle_invalid_database_name_throws_exception" computerName="DESKTOP-H9KSCV9" duration="00:00:00.0011633" startTime="2025-03-26T17:23:30.5944443+01:00" endTime="2025-03-26T17:23:30.5957138+01:00" testType="13cdc9d9-ddb5-4fa4-a97d-d965ccfc6d4b" outcome="Passed" testListId="8c84fa94-04c1-424b-9868-57a2d4851a1d" relativeResultsDirectory="1dc597c2-9062-43e1-801d-0cf61a807fcc" />
    <UnitTestResult executionId="fc158c6e-b1a4-4ecb-bd24-8d66b4fc3619" testId="89640849-ce9a-7557-fb0e-f8647c1da9e3" testName="InitializeMockLoggerForUserRepository" computerName="DESKTOP-H9KSCV9" duration="00:00:00.0003257" startTime="2025-03-26T17:23:30.8663354+01:00" endTime="2025-03-26T17:23:30.8667434+01:00" testType="13cdc9d9-ddb5-4fa4-a97d-d965ccfc6d4b" outcome="Passed" testListId="8c84fa94-04c1-424b-9868-57a2d4851a1d" relativeResultsDirectory="fc158c6e-b1a4-4ecb-bd24-8d66b4fc3619" />
    <UnitTestResult executionId="ea0bd47c-59f2-4fa1-af3f-25a6f5728fc0" testId="d5b473e6-9454-2cf2-3a3c-92deae82e5b9" testName="AddUserAsync_ShouldAddUser" computerName="DESKTOP-H9KSCV9" duration="00:00:00.0168908" startTime="2025-03-26T17:23:30.6750616+01:00" endTime="2025-03-26T17:23:30.6920855+01:00" testType="13cdc9d9-ddb5-4fa4-a97d-d965ccfc6d4b" outcome="Passed" testListId="8c84fa94-04c1-424b-9868-57a2d4851a1d" relativeResultsDirectory="ea0bd47c-59f2-4fa1-af3f-25a6f5728fc0" />
    <UnitTestResult executionId="f6084b3a-e5df-4ca8-b16b-74cb547aff61" testId="4e24bf9f-0eea-ab65-b8b4-60c80bf74219" testName="GetUserByPhoneNumberAsync_ShouldReturnUser_WhenUserExists" computerName="DESKTOP-H9KSCV9" duration="00:00:00.0175003" startTime="2025-03-26T17:23:30.7298547+01:00" endTime="2025-03-26T17:23:30.7474833+01:00" testType="13cdc9d9-ddb5-4fa4-a97d-d965ccfc6d4b" outcome="Passed" testListId="8c84fa94-04c1-424b-9868-57a2d4851a1d" relativeResultsDirectory="f6084b3a-e5df-4ca8-b16b-74cb547aff61" />
    <UnitTestResult executionId="07c4ce74-d8a1-45ec-bdc3-401b32ae7b4c" testId="52e5d5a0-6b82-6d43-8752-2e9943a58242" testName="ContextInitializesWithInMemoryDatabase" computerName="DESKTOP-H9KSCV9" duration="00:00:00.0002859" startTime="2025-03-26T17:23:30.8148412+01:00" endTime="2025-03-26T17:23:30.8152121+01:00" testType="13cdc9d9-ddb5-4fa4-a97d-d965ccfc6d4b" outcome="Passed" testListId="8c84fa94-04c1-424b-9868-57a2d4851a1d" relativeResultsDirectory="07c4ce74-d8a1-45ec-bdc3-401b32ae7b4c" />
    <UnitTestResult executionId="ea478a93-a469-4ca4-bef1-b0fbd0403bbe" testId="baef49de-de00-6939-72cd-64a39497f822" testName="GetUserByEmailAsync_ShouldReturnNull_WhenUserDoesNotExist" computerName="DESKTOP-H9KSCV9" duration="00:00:00.0012318" startTime="2025-03-26T17:23:30.6356135+01:00" endTime="2025-03-26T17:23:30.6369841+01:00" testType="13cdc9d9-ddb5-4fa4-a97d-d965ccfc6d4b" outcome="Passed" testListId="8c84fa94-04c1-424b-9868-57a2d4851a1d" relativeResultsDirectory="ea478a93-a469-4ca4-bef1-b0fbd0403bbe" />
    <UnitTestResult executionId="ef37174d-5816-46e3-b290-f609edcb2b64" testId="ca3cefb5-cdf1-d311-b21a-39e4d7aaec90" testName="GetAllUsersAsync_ShouldReturnAllUsers" computerName="DESKTOP-H9KSCV9" duration="00:00:00.0165109" startTime="2025-03-26T17:23:30.6583456+01:00" endTime="2025-03-26T17:23:30.6749946+01:00" testType="13cdc9d9-ddb5-4fa4-a97d-d965ccfc6d4b" outcome="Passed" testListId="8c84fa94-04c1-424b-9868-57a2d4851a1d" relativeResultsDirectory="ef37174d-5816-46e3-b290-f609edcb2b64" />
    <UnitTestResult executionId="d20fc5f5-09e0-4cdb-8297-a14b202a300c" testId="751e710e-fc0d-d3ba-d75a-78632f7f2eb7" testName="AddUserAsync_ShouldLogAndSaveChanges" computerName="DESKTOP-H9KSCV9" duration="00:00:00.0186473" startTime="2025-03-26T17:23:30.7765397+01:00" endTime="2025-03-26T17:23:30.7953459+01:00" testType="13cdc9d9-ddb5-4fa4-a97d-d965ccfc6d4b" outcome="Passed" testListId="8c84fa94-04c1-424b-9868-57a2d4851a1d" relativeResultsDirectory="d20fc5f5-09e0-4cdb-8297-a14b202a300c" />
    <UnitTestResult executionId="47898ecd-c626-4757-94e9-73ba7a5b026f" testId="73db3971-f82f-de3f-8734-b8990916c7f3" testName="initialize_mock_logger_for_user_repository" computerName="DESKTOP-H9KSCV9" duration="00:00:00.0007542" startTime="2025-03-26T17:23:30.5913914+01:00" endTime="2025-03-26T17:23:30.5923511+01:00" testType="13cdc9d9-ddb5-4fa4-a97d-d965ccfc6d4b" outcome="Passed" testListId="8c84fa94-04c1-424b-9868-57a2d4851a1d" relativeResultsDirectory="47898ecd-c626-4757-94e9-73ba7a5b026f" />
    <UnitTestResult executionId="b1b332f7-9f42-4d22-997b-3b7bffee0aa1" testId="45bae863-9364-c702-6f6a-3938e34061ee" testName="RemoveRolesFromUserAsync_ShouldRemoveRoles_WhenRolesExist" computerName="DESKTOP-H9KSCV9" duration="00:00:00.0093224" startTime="2025-03-26T17:23:30.7591645+01:00" endTime="2025-03-26T17:23:30.7686516+01:00" testType="13cdc9d9-ddb5-4fa4-a97d-d965ccfc6d4b" outcome="Passed" testListId="8c84fa94-04c1-424b-9868-57a2d4851a1d" relativeResultsDirectory="b1b332f7-9f42-4d22-997b-3b7bffee0aa1" />
    <UnitTestResult executionId="f02444cc-72dd-4d43-b86c-88bafcaf2aa7" testId="ca9ddfba-3d81-f766-9da2-67005f62daeb" testName="GetUserByUserNameAsync_ShouldReturnUser_WhenUserExists" computerName="DESKTOP-H9KSCV9" duration="00:00:00.0170110" startTime="2025-03-26T17:23:30.7126363+01:00" endTime="2025-03-26T17:23:30.7297701+01:00" testType="13cdc9d9-ddb5-4fa4-a97d-d965ccfc6d4b" outcome="Passed" testListId="8c84fa94-04c1-424b-9868-57a2d4851a1d" relativeResultsDirectory="f02444cc-72dd-4d43-b86c-88bafcaf2aa7" />
    <UnitTestResult executionId="d60bec1c-8b63-4bb7-9f9e-78cdda83b55c" testId="d95c0fc3-5b9b-5346-b441-627830ae2b68" testName="UpdateUserAsync_ShouldUpdateUser" computerName="DESKTOP-H9KSCV9" duration="00:00:00.0202920" startTime="2025-03-26T17:23:30.6921549+01:00" endTime="2025-03-26T17:23:30.7125659+01:00" testType="13cdc9d9-ddb5-4fa4-a97d-d965ccfc6d4b" outcome="Passed" testListId="8c84fa94-04c1-424b-9868-57a2d4851a1d" relativeResultsDirectory="d60bec1c-8b63-4bb7-9f9e-78cdda83b55c" />
    <UnitTestResult executionId="a2c63ab7-e970-4712-887f-e5b2ecb6aea3" testId="6e9ac420-203d-ac82-511b-8145260abdee" testName="CheckAvailability_UsernameAvailable_ReturnsNoMessages" computerName="DESKTOP-H9KSCV9" duration="00:00:00.0015092" startTime="2025-03-26T17:23:30.5435431+01:00" endTime="2025-03-26T17:23:30.5451724+01:00" testType="13cdc9d9-ddb5-4fa4-a97d-d965ccfc6d4b" outcome="Passed" testListId="8c84fa94-04c1-424b-9868-57a2d4851a1d" relativeResultsDirectory="a2c63ab7-e970-4712-887f-e5b2ecb6aea3" />
    <UnitTestResult executionId="d3946895-9b0e-4527-aea3-de04a34470a2" testId="cd877712-f446-be07-90ba-7be95dd82230" testName="CascadeDelete_ShouldRemoveUserRoles_WhenUserIsDeleted" computerName="DESKTOP-H9KSCV9" duration="00:00:00.0579938" startTime="2025-03-26T17:23:30.4490889+01:00" endTime="2025-03-26T17:23:30.5075583+01:00" testType="13cdc9d9-ddb5-4fa4-a97d-d965ccfc6d4b" outcome="Passed" testListId="8c84fa94-04c1-424b-9868-57a2d4851a1d" relativeResultsDirectory="d3946895-9b0e-4527-aea3-de04a34470a2" />
    <UnitTestResult executionId="d39bd967-6638-4d52-93c2-094c08ec0ea8" testId="c0c47d89-bbbe-d55f-688c-61e9a03495d4" testName="GetUserByEmailAsync_ShouldReturnUser_WhenUserExists" computerName="DESKTOP-H9KSCV9" duration="00:00:00.0376771" startTime="2025-03-26T17:23:30.5957629+01:00" endTime="2025-03-26T17:23:30.6335683+01:00" testType="13cdc9d9-ddb5-4fa4-a97d-d965ccfc6d4b" outcome="Passed" testListId="8c84fa94-04c1-424b-9868-57a2d4851a1d" relativeResultsDirectory="d39bd967-6638-4d52-93c2-094c08ec0ea8" />
    <UnitTestResult executionId="712ac64a-6f4c-455b-b444-c9fff2c8c4e4" testId="ba20961b-6799-d652-45b7-03c3d3864402" testName="DeleteUserAsync_ShouldCallRepository_WhenUserExists" computerName="DESKTOP-H9KSCV9" duration="00:00:00.0459356" startTime="2025-03-26T17:23:30.5452216+01:00" endTime="2025-03-26T17:23:30.5913155+01:00" testType="13cdc9d9-ddb5-4fa4-a97d-d965ccfc6d4b" outcome="Passed" testListId="8c84fa94-04c1-424b-9868-57a2d4851a1d" relativeResultsDirectory="712ac64a-6f4c-455b-b444-c9fff2c8c4e4" />
    <UnitTestResult executionId="cb834309-c84d-4a56-8c0f-5f59aa16ca76" testId="f9143d72-d4ae-f69b-d07f-62ccd78b6213" testName="GetAllUsers_ReturnsOkWithUsers" computerName="DESKTOP-H9KSCV9" duration="00:00:00.0274088" startTime="2025-03-26T17:23:30.5080518+01:00" endTime="2025-03-26T17:23:30.5356727+01:00" testType="13cdc9d9-ddb5-4fa4-a97d-d965ccfc6d4b" outcome="Passed" testListId="8c84fa94-04c1-424b-9868-57a2d4851a1d" relativeResultsDirectory="cb834309-c84d-4a56-8c0f-5f59aa16ca76" />
    <UnitTestResult executionId="0d11aef9-c1b7-4799-9c82-4e98b4ecb37c" testId="36291326-1b1c-e4a2-a519-44282bcfec4d" testName="AssignRolesToUserAsync_ShouldAssignRoles_WhenRolesExist" computerName="DESKTOP-H9KSCV9" duration="00:00:00.0055665" startTime="2025-03-26T17:23:30.7475773+01:00" endTime="2025-03-26T17:23:30.7532983+01:00" testType="13cdc9d9-ddb5-4fa4-a97d-d965ccfc6d4b" outcome="Passed" testListId="8c84fa94-04c1-424b-9868-57a2d4851a1d" relativeResultsDirectory="0d11aef9-c1b7-4799-9c82-4e98b4ecb37c" />
    <UnitTestResult executionId="ac8fa189-618c-4fa4-a6ab-2ac0907860d2" testId="a9bbc64b-6c36-56f8-8fe3-cf9770a86971" testName="GetUserByIdAsync_ShouldReturnUser_WhenUserExists" computerName="DESKTOP-H9KSCV9" duration="00:00:00.0211278" startTime="2025-03-26T17:23:30.6370367+01:00" endTime="2025-03-26T17:23:30.6582784+01:00" testType="13cdc9d9-ddb5-4fa4-a97d-d965ccfc6d4b" outcome="Passed" testListId="8c84fa94-04c1-424b-9868-57a2d4851a1d" relativeResultsDirectory="ac8fa189-618c-4fa4-a6ab-2ac0907860d2" />
    <UnitTestResult executionId="cc0e2d28-5fe5-45f4-a824-ac3cb19dca27" testId="7615bce3-50ff-8355-99b8-9b8228116f41" testName="AutoMapper_Configuration_IsValid" computerName="DESKTOP-H9KSCV9" duration="00:00:00.0003249" startTime="2025-03-26T17:23:30.8667855+01:00" endTime="2025-03-26T17:23:30.8681826+01:00" testType="13cdc9d9-ddb5-4fa4-a97d-d965ccfc6d4b" outcome="Passed" testListId="8c84fa94-04c1-424b-9868-57a2d4851a1d" relativeResultsDirectory="cc0e2d28-5fe5-45f4-a824-ac3cb19dca27" />
    <UnitTestResult executionId="5dd14f24-3997-483b-971a-6f1f4965f442" testId="b40d2ee4-eff1-c0b6-107b-21589dc6cf09" testName="AssignRolesToUserAsync_ShouldThrowException_WhenRoleDoesNotExist" computerName="DESKTOP-H9KSCV9" duration="00:00:00.0042457" startTime="2025-03-26T17:23:30.7533945+01:00" endTime="2025-03-26T17:23:30.7578088+01:00" testType="13cdc9d9-ddb5-4fa4-a97d-d965ccfc6d4b" outcome="Passed" testListId="8c84fa94-04c1-424b-9868-57a2d4851a1d" relativeResultsDirectory="5dd14f24-3997-483b-971a-6f1f4965f442" />
  </Results>
  <TestDefinitions>
    <UnitTest name="CheckAvailability_UsernameAvailable_ReturnsNoMessages" storage="d:\repos\asafarim\asafarim.test\bin\debug\net9.0\asafarim.test.dll" id="6e9ac420-203d-ac82-511b-8145260abdee">
      <Execution id="a2c63ab7-e970-4712-887f-e5b2ecb6aea3" />
      <TestMethod codeBase="D:\repos\ASafariM\ASafariM.Test\bin\Debug\net9.0\ASafariM.Test.dll" adapterTypeName="executor://mstestadapter/v2" className="ASafariM.Test.PresentationTests.Controllers.UsersControllerTests" name="CheckAvailability_UsernameAvailable_ReturnsNoMessages" />
    </UnitTest>
    <UnitTest name="GetUserByEmailAsync_ShouldReturnUser_WhenUserExists" storage="d:\repos\asafarim\asafarim.test\bin\debug\net9.0\asafarim.test.dll" id="fd5701a1-d9c5-0923-867b-cc0967647b90">
      <Execution id="064a9e49-fd25-4491-a3bd-7df845e2f831" />
      <TestMethod codeBase="D:\repos\ASafariM\ASafariM.Test\bin\Debug\net9.0\ASafariM.Test.dll" adapterTypeName="executor://mstestadapter/v2" className="ASafariM.Test.DomainTests.Persistence.AppDbContextTests" name="GetUserByEmailAsync_ShouldReturnUser_WhenUserExists" />
    </UnitTest>
    <UnitTest name="handle_null_context_options_throws_exception" storage="d:\repos\asafarim\asafarim.test\bin\debug\net9.0\asafarim.test.dll" id="1ba3a6a2-3048-ee98-8cac-456578ce17bc">
      <Execution id="991f3330-3932-4764-8b9a-b764891886a1" />
      <TestMethod codeBase="D:\repos\ASafariM\ASafariM.Test\bin\Debug\net9.0\ASafariM.Test.dll" adapterTypeName="executor://mstestadapter/v2" className="ASafariM.Test.InfrastructureTests.Repository.UserRepositoryTests" name="handle_null_context_options_throws_exception" />
    </UnitTest>
    <UnitTest name="CheckAvailability_UsernameTaken_ReturnsMessages" storage="d:\repos\asafarim\asafarim.test\bin\debug\net9.0\asafarim.test.dll" id="c8b082a5-27d2-f23a-d277-2904cd3a52e9">
      <Execution id="2bf52b68-b484-4929-a273-dee7cefab09b" />
      <TestMethod codeBase="D:\repos\ASafariM\ASafariM.Test\bin\Debug\net9.0\ASafariM.Test.dll" adapterTypeName="executor://mstestadapter/v2" className="ASafariM.Test.PresentationTests.Controllers.UsersControllerTests" name="CheckAvailability_UsernameTaken_ReturnsMessages" />
    </UnitTest>
    <UnitTest name="GetUserByEmailAsync_ShouldReturnNull_WhenUserDoesNotExist" storage="d:\repos\asafarim\asafarim.test\bin\debug\net9.0\asafarim.test.dll" id="57b7cf17-8b55-af5c-84a8-a7b50c2d2678">
      <Execution id="0a635b76-e904-4fd1-903d-0514755a4294" />
      <TestMethod codeBase="D:\repos\ASafariM\ASafariM.Test\bin\Debug\net9.0\ASafariM.Test.dll" adapterTypeName="executor://mstestadapter/v2" className="ASafariM.Test.DomainTests.Persistence.AppDbContextTests" name="GetUserByEmailAsync_ShouldReturnNull_WhenUserDoesNotExist" />
    </UnitTest>
    <UnitTest name="GetAllUsersAsync_ShouldReturnAllUsers" storage="d:\repos\asafarim\asafarim.test\bin\debug\net9.0\asafarim.test.dll" id="ca3cefb5-cdf1-d311-b21a-39e4d7aaec90">
      <Execution id="ef37174d-5816-46e3-b290-f609edcb2b64" />
      <TestMethod codeBase="D:\repos\ASafariM\ASafariM.Test\bin\Debug\net9.0\ASafariM.Test.dll" adapterTypeName="executor://mstestadapter/v2" className="ASafariM.Test.InfrastructureTests.Repository.UserRepositoryTests" name="GetAllUsersAsync_ShouldReturnAllUsers" />
    </UnitTest>
    <UnitTest name="CascadeDelete_ShouldRemoveUserRoles_WhenUserIsDeleted" storage="d:\repos\asafarim\asafarim.test\bin\debug\net9.0\asafarim.test.dll" id="cd877712-f446-be07-90ba-7be95dd82230">
      <Execution id="d3946895-9b0e-4527-aea3-de04a34470a2" />
      <TestMethod codeBase="D:\repos\ASafariM\ASafariM.Test\bin\Debug\net9.0\ASafariM.Test.dll" adapterTypeName="executor://mstestadapter/v2" className="ASafariM.Test.PresentationTests.Controllers.UserRolesControllerIntegrationTests" name="CascadeDelete_ShouldRemoveUserRoles_WhenUserIsDeleted" />
    </UnitTest>
    <UnitTest name="ContextInitializesWithInMemoryDatabase" storage="d:\repos\asafarim\asafarim.test\bin\debug\net9.0\asafarim.test.dll" id="52e5d5a0-6b82-6d43-8752-2e9943a58242">
      <Execution id="07c4ce74-d8a1-45ec-bdc3-401b32ae7b4c" />
      <TestMethod codeBase="D:\repos\ASafariM\ASafariM.Test\bin\Debug\net9.0\ASafariM.Test.dll" adapterTypeName="executor://mstestadapter/v2" className="ASafariM.Test.DomainTests.Persistence.AppDbContextTests" name="ContextInitializesWithInMemoryDatabase" />
    </UnitTest>
    <UnitTest name="DeleteUserAsync_ShouldCallRepository_WhenUserExists" storage="d:\repos\asafarim\asafarim.test\bin\debug\net9.0\asafarim.test.dll" id="ba20961b-6799-d652-45b7-03c3d3864402">
      <Execution id="712ac64a-6f4c-455b-b444-c9fff2c8c4e4" />
      <TestMethod codeBase="D:\repos\ASafariM\ASafariM.Test\bin\Debug\net9.0\ASafariM.Test.dll" adapterTypeName="executor://mstestadapter/v2" className="ASafariM.Test.InfrastructureTests.Services.UserServiceTests" name="DeleteUserAsync_ShouldCallRepository_WhenUserExists" />
    </UnitTest>
    <UnitTest name="AssignRolesToUserAsync_ShouldAssignRoles_WhenRolesExist" storage="d:\repos\asafarim\asafarim.test\bin\debug\net9.0\asafarim.test.dll" id="36291326-1b1c-e4a2-a519-44282bcfec4d">
      <Execution id="0d11aef9-c1b7-4799-9c82-4e98b4ecb37c" />
      <TestMethod codeBase="D:\repos\ASafariM\ASafariM.Test\bin\Debug\net9.0\ASafariM.Test.dll" adapterTypeName="executor://mstestadapter/v2" className="ASafariM.Test.InfrastructureTests.Repository.UserRepositoryTests" name="AssignRolesToUserAsync_ShouldAssignRoles_WhenRolesExist" />
    </UnitTest>
    <UnitTest name="GetUserByUserNameAsync_ShouldReturnUser_WhenUserExists" storage="d:\repos\asafarim\asafarim.test\bin\debug\net9.0\asafarim.test.dll" id="ca9ddfba-3d81-f766-9da2-67005f62daeb">
      <Execution id="f02444cc-72dd-4d43-b86c-88bafcaf2aa7" />
      <TestMethod codeBase="D:\repos\ASafariM\ASafariM.Test\bin\Debug\net9.0\ASafariM.Test.dll" adapterTypeName="executor://mstestadapter/v2" className="ASafariM.Test.InfrastructureTests.Repository.UserRepositoryTests" name="GetUserByUserNameAsync_ShouldReturnUser_WhenUserExists" />
    </UnitTest>
    <UnitTest name="SaveChangesAsync_CompletesSuccessfully" storage="d:\repos\asafarim\asafarim.test\bin\debug\net9.0\asafarim.test.dll" id="a752dc08-217a-04bb-facb-9aac2ec3e88b">
      <Execution id="5a332e55-1e6d-4333-b83f-6251db700ac7" />
      <TestMethod codeBase="D:\repos\ASafariM\ASafariM.Test\bin\Debug\net9.0\ASafariM.Test.dll" adapterTypeName="executor://mstestadapter/v2" className="ASafariM.Test.DomainTests.Persistence.AppDbContextTests" name="SaveChangesAsync_CompletesSuccessfully" />
    </UnitTest>
    <UnitTest name="InitializeMockLoggerForUserRepository" storage="d:\repos\asafarim\asafarim.test\bin\debug\net9.0\asafarim.test.dll" id="89640849-ce9a-7557-fb0e-f8647c1da9e3">
      <Execution id="fc158c6e-b1a4-4ecb-bd24-8d66b4fc3619" />
      <TestMethod codeBase="D:\repos\ASafariM\ASafariM.Test\bin\Debug\net9.0\ASafariM.Test.dll" adapterTypeName="executor://mstestadapter/v2" className="ASafariM.Test.DomainTests.Persistence.AppDbContextTests" name="InitializeMockLoggerForUserRepository" />
    </UnitTest>
    <UnitTest name="GetRolesByUserIdAsync_ShouldReturnEmptyList_WhenUserHasNoRoles" storage="d:\repos\asafarim\asafarim.test\bin\debug\net9.0\asafarim.test.dll" id="7df8e149-97c1-4416-d662-56097ab8526a">
      <Execution id="7c279b71-a796-4e2a-9378-1523132da16d" />
      <TestMethod codeBase="D:\repos\ASafariM\ASafariM.Test\bin\Debug\net9.0\ASafariM.Test.dll" adapterTypeName="executor://mstestadapter/v2" className="ASafariM.Test.InfrastructureTests.Repository.UserRepositoryTests" name="GetRolesByUserIdAsync_ShouldReturnEmptyList_WhenUserHasNoRoles" />
    </UnitTest>
    <UnitTest name="CompleteRoleManagementFlow_ShouldSucceed" storage="d:\repos\asafarim\asafarim.test\bin\debug\net9.0\asafarim.test.dll" id="97ec3dce-d371-19ac-021e-38edd5c10edf">
      <Execution id="aba45e42-b6b0-4453-ae4d-e643025163a4" />
      <TestMethod codeBase="D:\repos\ASafariM\ASafariM.Test\bin\Debug\net9.0\ASafariM.Test.dll" adapterTypeName="executor://mstestadapter/v2" className="ASafariM.Test.PresentationTests.Controllers.UserRolesControllerIntegrationTests" name="CompleteRoleManagementFlow_ShouldSucceed" />
    </UnitTest>
    <UnitTest name="GetAllUsers_ReturnsOkWithUsers" storage="d:\repos\asafarim\asafarim.test\bin\debug\net9.0\asafarim.test.dll" id="f9143d72-d4ae-f69b-d07f-62ccd78b6213">
      <Execution id="cb834309-c84d-4a56-8c0f-5f59aa16ca76" />
      <TestMethod codeBase="D:\repos\ASafariM\ASafariM.Test\bin\Debug\net9.0\ASafariM.Test.dll" adapterTypeName="executor://mstestadapter/v2" className="ASafariM.Test.PresentationTests.Controllers.UsersControllerTests" name="GetAllUsers_ReturnsOkWithUsers" />
    </UnitTest>
    <UnitTest name="GetRolesByUserIdAsync_ShouldReturnRoles_WhenUserHasRoles" storage="d:\repos\asafarim\asafarim.test\bin\debug\net9.0\asafarim.test.dll" id="d7c4a17f-0b3c-a153-e347-4a402c9def8b">
      <Execution id="b2963c96-552a-4f64-8b86-e50f0dbde365" />
      <TestMethod codeBase="D:\repos\ASafariM\ASafariM.Test\bin\Debug\net9.0\ASafariM.Test.dll" adapterTypeName="executor://mstestadapter/v2" className="ASafariM.Test.InfrastructureTests.Repository.UserRepositoryTests" name="GetRolesByUserIdAsync_ShouldReturnRoles_WhenUserHasRoles" />
    </UnitTest>
    <UnitTest name="AddUserAsync_ShouldLogAndSaveChanges" storage="d:\repos\asafarim\asafarim.test\bin\debug\net9.0\asafarim.test.dll" id="751e710e-fc0d-d3ba-d75a-78632f7f2eb7">
      <Execution id="d20fc5f5-09e0-4cdb-8297-a14b202a300c" />
      <TestMethod codeBase="D:\repos\ASafariM\ASafariM.Test\bin\Debug\net9.0\ASafariM.Test.dll" adapterTypeName="executor://mstestadapter/v2" className="ASafariM.Test.DomainTests.Persistence.AppDbContextTests" name="AddUserAsync_ShouldLogAndSaveChanges" />
    </UnitTest>
    <UnitTest name="HandleInvalidDatabaseName_ThrowsException" storage="d:\repos\asafarim\asafarim.test\bin\debug\net9.0\asafarim.test.dll" id="d804816e-265f-e41e-74cb-89ab5435acd9">
      <Execution id="85949362-74bc-4309-b1db-dbf85c6adba4" />
      <TestMethod codeBase="D:\repos\ASafariM\ASafariM.Test\bin\Debug\net9.0\ASafariM.Test.dll" adapterTypeName="executor://mstestadapter/v2" className="ASafariM.Test.DomainTests.Persistence.AppDbContextTests" name="HandleInvalidDatabaseName_ThrowsException" />
    </UnitTest>
    <UnitTest name="GetUserByPhoneNumberAsync_ShouldReturnUser_WhenUserExists" storage="d:\repos\asafarim\asafarim.test\bin\debug\net9.0\asafarim.test.dll" id="4e24bf9f-0eea-ab65-b8b4-60c80bf74219">
      <Execution id="f6084b3a-e5df-4ca8-b16b-74cb547aff61" />
      <TestMethod codeBase="D:\repos\ASafariM\ASafariM.Test\bin\Debug\net9.0\ASafariM.Test.dll" adapterTypeName="executor://mstestadapter/v2" className="ASafariM.Test.InfrastructureTests.Repository.UserRepositoryTests" name="GetUserByPhoneNumberAsync_ShouldReturnUser_WhenUserExists" />
    </UnitTest>
    <UnitTest name="AssignRolesToUserAsync_ShouldThrowException_WhenRoleDoesNotExist" storage="d:\repos\asafarim\asafarim.test\bin\debug\net9.0\asafarim.test.dll" id="b40d2ee4-eff1-c0b6-107b-21589dc6cf09">
      <Execution id="5dd14f24-3997-483b-971a-6f1f4965f442" />
      <TestMethod codeBase="D:\repos\ASafariM\ASafariM.Test\bin\Debug\net9.0\ASafariM.Test.dll" adapterTypeName="executor://mstestadapter/v2" className="ASafariM.Test.InfrastructureTests.Repository.UserRepositoryTests" name="AssignRolesToUserAsync_ShouldThrowException_WhenRoleDoesNotExist" />
    </UnitTest>
    <UnitTest name="GetUserByEmailAsync_ShouldReturnUser_WhenUserExists" storage="d:\repos\asafarim\asafarim.test\bin\debug\net9.0\asafarim.test.dll" id="c0c47d89-bbbe-d55f-688c-61e9a03495d4">
      <Execution id="d39bd967-6638-4d52-93c2-094c08ec0ea8" />
      <TestMethod codeBase="D:\repos\ASafariM\ASafariM.Test\bin\Debug\net9.0\ASafariM.Test.dll" adapterTypeName="executor://mstestadapter/v2" className="ASafariM.Test.InfrastructureTests.Repository.UserRepositoryTests" name="GetUserByEmailAsync_ShouldReturnUser_WhenUserExists" />
    </UnitTest>
    <UnitTest name="GetUserByIdAsync_ShouldReturnUser_WhenUserExists" storage="d:\repos\asafarim\asafarim.test\bin\debug\net9.0\asafarim.test.dll" id="a9bbc64b-6c36-56f8-8fe3-cf9770a86971">
      <Execution id="ac8fa189-618c-4fa4-a6ab-2ac0907860d2" />
      <TestMethod codeBase="D:\repos\ASafariM\ASafariM.Test\bin\Debug\net9.0\ASafariM.Test.dll" adapterTypeName="executor://mstestadapter/v2" className="ASafariM.Test.InfrastructureTests.Repository.UserRepositoryTests" name="GetUserByIdAsync_ShouldReturnUser_WhenUserExists" />
    </UnitTest>
    <UnitTest name="UpdateUserAsync_ShouldUpdateUser" storage="d:\repos\asafarim\asafarim.test\bin\debug\net9.0\asafarim.test.dll" id="d95c0fc3-5b9b-5346-b441-627830ae2b68">
      <Execution id="d60bec1c-8b63-4bb7-9f9e-78cdda83b55c" />
      <TestMethod codeBase="D:\repos\ASafariM\ASafariM.Test\bin\Debug\net9.0\ASafariM.Test.dll" adapterTypeName="executor://mstestadapter/v2" className="ASafariM.Test.InfrastructureTests.Repository.UserRepositoryTests" name="UpdateUserAsync_ShouldUpdateUser" />
    </UnitTest>
    <UnitTest name="RemoveRolesFromUserAsync_ShouldRemoveRoles_WhenRolesExist" storage="d:\repos\asafarim\asafarim.test\bin\debug\net9.0\asafarim.test.dll" id="45bae863-9364-c702-6f6a-3938e34061ee">
      <Execution id="b1b332f7-9f42-4d22-997b-3b7bffee0aa1" />
      <TestMethod codeBase="D:\repos\ASafariM\ASafariM.Test\bin\Debug\net9.0\ASafariM.Test.dll" adapterTypeName="executor://mstestadapter/v2" className="ASafariM.Test.InfrastructureTests.Repository.UserRepositoryTests" name="RemoveRolesFromUserAsync_ShouldRemoveRoles_WhenRolesExist" />
    </UnitTest>
    <UnitTest name="HandleDuplicateInitializationOfUserRepository" storage="d:\repos\asafarim\asafarim.test\bin\debug\net9.0\asafarim.test.dll" id="6c84fd6b-b951-9caf-b632-ed552763edfd">
      <Execution id="ba4fa651-3a16-40e8-9b75-a50d0237fba7" />
      <TestMethod codeBase="D:\repos\ASafariM\ASafariM.Test\bin\Debug\net9.0\ASafariM.Test.dll" adapterTypeName="executor://mstestadapter/v2" className="ASafariM.Test.DomainTests.Persistence.AppDbContextTests" name="HandleDuplicateInitializationOfUserRepository" />
    </UnitTest>
    <UnitTest name="handle_invalid_database_name_throws_exception" storage="d:\repos\asafarim\asafarim.test\bin\debug\net9.0\asafarim.test.dll" id="749d4f59-99a8-c257-0f06-d901dbb280e1">
      <Execution id="1dc597c2-9062-43e1-801d-0cf61a807fcc" />
      <TestMethod codeBase="D:\repos\ASafariM\ASafariM.Test\bin\Debug\net9.0\ASafariM.Test.dll" adapterTypeName="executor://mstestadapter/v2" className="ASafariM.Test.InfrastructureTests.Repository.UserRepositoryTests" name="handle_invalid_database_name_throws_exception" />
    </UnitTest>
    <UnitTest name="AddUserAsync_ShouldAddUser" storage="d:\repos\asafarim\asafarim.test\bin\debug\net9.0\asafarim.test.dll" id="d5b473e6-9454-2cf2-3a3c-92deae82e5b9">
      <Execution id="ea0bd47c-59f2-4fa1-af3f-25a6f5728fc0" />
      <TestMethod codeBase="D:\repos\ASafariM\ASafariM.Test\bin\Debug\net9.0\ASafariM.Test.dll" adapterTypeName="executor://mstestadapter/v2" className="ASafariM.Test.InfrastructureTests.Repository.UserRepositoryTests" name="AddUserAsync_ShouldAddUser" />
    </UnitTest>
    <UnitTest name="AutoMapper_Configuration_IsValid" storage="d:\repos\asafarim\asafarim.test\bin\debug\net9.0\asafarim.test.dll" id="7615bce3-50ff-8355-99b8-9b8228116f41">
      <Execution id="cc0e2d28-5fe5-45f4-a824-ac3cb19dca27" />
      <TestMethod codeBase="D:\repos\ASafariM\ASafariM.Test\bin\Debug\net9.0\ASafariM.Test.dll" adapterTypeName="executor://mstestadapter/v2" className="ASafariM.Test.ApplicationTests.Mappings.AutoMapperProfileTests" name="AutoMapper_Configuration_IsValid" />
    </UnitTest>
    <UnitTest name="initialize_mock_logger_for_user_repository" storage="d:\repos\asafarim\asafarim.test\bin\debug\net9.0\asafarim.test.dll" id="73db3971-f82f-de3f-8734-b8990916c7f3">
      <Execution id="47898ecd-c626-4757-94e9-73ba7a5b026f" />
      <TestMethod codeBase="D:\repos\ASafariM\ASafariM.Test\bin\Debug\net9.0\ASafariM.Test.dll" adapterTypeName="executor://mstestadapter/v2" className="ASafariM.Test.InfrastructureTests.Repository.UserRepositoryTests" name="initialize_mock_logger_for_user_repository" />
    </UnitTest>
    <UnitTest name="GetUserByEmailAsync_ShouldReturnNull_WhenUserDoesNotExist" storage="d:\repos\asafarim\asafarim.test\bin\debug\net9.0\asafarim.test.dll" id="baef49de-de00-6939-72cd-64a39497f822">
      <Execution id="ea478a93-a469-4ca4-bef1-b0fbd0403bbe" />
      <TestMethod codeBase="D:\repos\ASafariM\ASafariM.Test\bin\Debug\net9.0\ASafariM.Test.dll" adapterTypeName="executor://mstestadapter/v2" className="ASafariM.Test.InfrastructureTests.Repository.UserRepositoryTests" name="GetUserByEmailAsync_ShouldReturnNull_WhenUserDoesNotExist" />
    </UnitTest>
  </TestDefinitions>
  <TestEntries>
    <TestEntry testId="1ba3a6a2-3048-ee98-8cac-456578ce17bc" executionId="991f3330-3932-4764-8b9a-b764891886a1" testListId="8c84fa94-04c1-424b-9868-57a2d4851a1d" />
    <TestEntry testId="d7c4a17f-0b3c-a153-e347-4a402c9def8b" executionId="b2963c96-552a-4f64-8b86-e50f0dbde365" testListId="8c84fa94-04c1-424b-9868-57a2d4851a1d" />
    <TestEntry testId="c8b082a5-27d2-f23a-d277-2904cd3a52e9" executionId="2bf52b68-b484-4929-a273-dee7cefab09b" testListId="8c84fa94-04c1-424b-9868-57a2d4851a1d" />
    <TestEntry testId="a752dc08-217a-04bb-facb-9aac2ec3e88b" executionId="5a332e55-1e6d-4333-b83f-6251db700ac7" testListId="8c84fa94-04c1-424b-9868-57a2d4851a1d" />
    <TestEntry testId="6c84fd6b-b951-9caf-b632-ed552763edfd" executionId="ba4fa651-3a16-40e8-9b75-a50d0237fba7" testListId="8c84fa94-04c1-424b-9868-57a2d4851a1d" />
    <TestEntry testId="fd5701a1-d9c5-0923-867b-cc0967647b90" executionId="064a9e49-fd25-4491-a3bd-7df845e2f831" testListId="8c84fa94-04c1-424b-9868-57a2d4851a1d" />
    <TestEntry testId="97ec3dce-d371-19ac-021e-38edd5c10edf" executionId="aba45e42-b6b0-4453-ae4d-e643025163a4" testListId="8c84fa94-04c1-424b-9868-57a2d4851a1d" />
    <TestEntry testId="7df8e149-97c1-4416-d662-56097ab8526a" executionId="7c279b71-a796-4e2a-9378-1523132da16d" testListId="8c84fa94-04c1-424b-9868-57a2d4851a1d" />
    <TestEntry testId="d804816e-265f-e41e-74cb-89ab5435acd9" executionId="85949362-74bc-4309-b1db-dbf85c6adba4" testListId="8c84fa94-04c1-424b-9868-57a2d4851a1d" />
    <TestEntry testId="57b7cf17-8b55-af5c-84a8-a7b50c2d2678" executionId="0a635b76-e904-4fd1-903d-0514755a4294" testListId="8c84fa94-04c1-424b-9868-57a2d4851a1d" />
    <TestEntry testId="749d4f59-99a8-c257-0f06-d901dbb280e1" executionId="1dc597c2-9062-43e1-801d-0cf61a807fcc" testListId="8c84fa94-04c1-424b-9868-57a2d4851a1d" />
    <TestEntry testId="89640849-ce9a-7557-fb0e-f8647c1da9e3" executionId="fc158c6e-b1a4-4ecb-bd24-8d66b4fc3619" testListId="8c84fa94-04c1-424b-9868-57a2d4851a1d" />
    <TestEntry testId="d5b473e6-9454-2cf2-3a3c-92deae82e5b9" executionId="ea0bd47c-59f2-4fa1-af3f-25a6f5728fc0" testListId="8c84fa94-04c1-424b-9868-57a2d4851a1d" />
    <TestEntry testId="4e24bf9f-0eea-ab65-b8b4-60c80bf74219" executionId="f6084b3a-e5df-4ca8-b16b-74cb547aff61" testListId="8c84fa94-04c1-424b-9868-57a2d4851a1d" />
    <TestEntry testId="52e5d5a0-6b82-6d43-8752-2e9943a58242" executionId="07c4ce74-d8a1-45ec-bdc3-401b32ae7b4c" testListId="8c84fa94-04c1-424b-9868-57a2d4851a1d" />
    <TestEntry testId="baef49de-de00-6939-72cd-64a39497f822" executionId="ea478a93-a469-4ca4-bef1-b0fbd0403bbe" testListId="8c84fa94-04c1-424b-9868-57a2d4851a1d" />
    <TestEntry testId="ca3cefb5-cdf1-d311-b21a-39e4d7aaec90" executionId="ef37174d-5816-46e3-b290-f609edcb2b64" testListId="8c84fa94-04c1-424b-9868-57a2d4851a1d" />
    <TestEntry testId="751e710e-fc0d-d3ba-d75a-78632f7f2eb7" executionId="d20fc5f5-09e0-4cdb-8297-a14b202a300c" testListId="8c84fa94-04c1-424b-9868-57a2d4851a1d" />
    <TestEntry testId="73db3971-f82f-de3f-8734-b8990916c7f3" executionId="47898ecd-c626-4757-94e9-73ba7a5b026f" testListId="8c84fa94-04c1-424b-9868-57a2d4851a1d" />
    <TestEntry testId="45bae863-9364-c702-6f6a-3938e34061ee" executionId="b1b332f7-9f42-4d22-997b-3b7bffee0aa1" testListId="8c84fa94-04c1-424b-9868-57a2d4851a1d" />
    <TestEntry testId="ca9ddfba-3d81-f766-9da2-67005f62daeb" executionId="f02444cc-72dd-4d43-b86c-88bafcaf2aa7" testListId="8c84fa94-04c1-424b-9868-57a2d4851a1d" />
    <TestEntry testId="d95c0fc3-5b9b-5346-b441-627830ae2b68" executionId="d60bec1c-8b63-4bb7-9f9e-78cdda83b55c" testListId="8c84fa94-04c1-424b-9868-57a2d4851a1d" />
    <TestEntry testId="6e9ac420-203d-ac82-511b-8145260abdee" executionId="a2c63ab7-e970-4712-887f-e5b2ecb6aea3" testListId="8c84fa94-04c1-424b-9868-57a2d4851a1d" />
    <TestEntry testId="cd877712-f446-be07-90ba-7be95dd82230" executionId="d3946895-9b0e-4527-aea3-de04a34470a2" testListId="8c84fa94-04c1-424b-9868-57a2d4851a1d" />
    <TestEntry testId="c0c47d89-bbbe-d55f-688c-61e9a03495d4" executionId="d39bd967-6638-4d52-93c2-094c08ec0ea8" testListId="8c84fa94-04c1-424b-9868-57a2d4851a1d" />
    <TestEntry testId="ba20961b-6799-d652-45b7-03c3d3864402" executionId="712ac64a-6f4c-455b-b444-c9fff2c8c4e4" testListId="8c84fa94-04c1-424b-9868-57a2d4851a1d" />
    <TestEntry testId="f9143d72-d4ae-f69b-d07f-62ccd78b6213" executionId="cb834309-c84d-4a56-8c0f-5f59aa16ca76" testListId="8c84fa94-04c1-424b-9868-57a2d4851a1d" />
    <TestEntry testId="36291326-1b1c-e4a2-a519-44282bcfec4d" executionId="0d11aef9-c1b7-4799-9c82-4e98b4ecb37c" testListId="8c84fa94-04c1-424b-9868-57a2d4851a1d" />
    <TestEntry testId="a9bbc64b-6c36-56f8-8fe3-cf9770a86971" executionId="ac8fa189-618c-4fa4-a6ab-2ac0907860d2" testListId="8c84fa94-04c1-424b-9868-57a2d4851a1d" />
    <TestEntry testId="7615bce3-50ff-8355-99b8-9b8228116f41" executionId="cc0e2d28-5fe5-45f4-a824-ac3cb19dca27" testListId="8c84fa94-04c1-424b-9868-57a2d4851a1d" />
    <TestEntry testId="b40d2ee4-eff1-c0b6-107b-21589dc6cf09" executionId="5dd14f24-3997-483b-971a-6f1f4965f442" testListId="8c84fa94-04c1-424b-9868-57a2d4851a1d" />
  </TestEntries>
  <TestLists>
    <TestList name="Results Not in a List" id="8c84fa94-04c1-424b-9868-57a2d4851a1d" />
    <TestList name="All Loaded Results" id="19431567-8539-422a-85d7-44ee4e166bda" />
  </TestLists>
  <ResultSummary outcome="Completed">
    <Counters total="31" executed="31" passed="31" failed="0" error="0" timeout="0" aborted="0" inconclusive="0" passedButRunAborted="0" notRunnable="0" notExecuted="0" disconnected="0" warning="0" completed="0" inProgress="0" pending="0" />
  </ResultSummary>
</TestRun>