<?xml version="1.0" encoding="utf-8"?>
<TestRun id="f3c4189d-03b6-4310-bb88-eb176edd626c" name="User@DESKTOP-5E9MTG1 2025-02-04 22:01:56" runUser="DESKTOP-5E9MTG1\User" xmlns="http://microsoft.com/schemas/VisualStudio/TeamTest/2010">
  <Times creation="2025-02-04T22:01:56.5712275+01:00" queuing="2025-02-04T22:01:56.5712284+01:00" start="2025-02-04T22:01:52.2720137+01:00" finish="2025-02-04T22:01:57.2955016+01:00" />
  <TestSettings name="default" id="94aa4de9-21d5-4f38-9c45-c1671f4a638a">
    <Deployment runDeploymentRoot="User_DESKTOP-5E9MTG1_2025-02-04_22_01_56" />
  </TestSettings>
  <Results>
    <UnitTestResult executionId="02eb726f-3be6-402a-996b-d0b370009ab7" testId="ba20961b-6799-d652-45b7-03c3d3864402" testName="DeleteUserAsync_ShouldCallRepository_WhenUserExists" computerName="DESKTOP-5E9MTG1" duration="00:00:00.0541713" startTime="2025-02-04T22:01:56.6599581+01:00" endTime="2025-02-04T22:01:56.7143675+01:00" testType="13cdc9d9-ddb5-4fa4-a97d-d965ccfc6d4b" outcome="Passed" testListId="8c84fa94-04c1-424b-9868-57a2d4851a1d" relativeResultsDirectory="02eb726f-3be6-402a-996b-d0b370009ab7" />
    <UnitTestResult executionId="1268bab5-bce7-4a71-98a8-beecd857569f" testId="a752dc08-217a-04bb-facb-9aac2ec3e88b" testName="SaveChangesAsync_CompletesSuccessfully" computerName="DESKTOP-5E9MTG1" duration="00:00:00.0021171" startTime="2025-02-04T22:01:57.0591505+01:00" endTime="2025-02-04T22:01:57.0614923+01:00" testType="13cdc9d9-ddb5-4fa4-a97d-d965ccfc6d4b" outcome="Passed" testListId="8c84fa94-04c1-424b-9868-57a2d4851a1d" relativeResultsDirectory="1268bab5-bce7-4a71-98a8-beecd857569f" />
    <UnitTestResult executionId="33e842f6-d6c8-4686-84af-055b695bae21" testId="45bae863-9364-c702-6f6a-3938e34061ee" testName="RemoveRolesFromUserAsync_ShouldRemoveRoles_WhenRolesExist" computerName="DESKTOP-5E9MTG1" duration="00:00:00.0184492" startTime="2025-02-04T22:01:56.9443344+01:00" endTime="2025-02-04T22:01:56.9630222+01:00" testType="13cdc9d9-ddb5-4fa4-a97d-d965ccfc6d4b" outcome="Passed" testListId="8c84fa94-04c1-424b-9868-57a2d4851a1d" relativeResultsDirectory="33e842f6-d6c8-4686-84af-055b695bae21" />
    <UnitTestResult executionId="f06b0676-7dd8-4194-b7a1-39a4f79b4af5" testId="f9143d72-d4ae-f69b-d07f-62ccd78b6213" testName="GetAllUsers_ReturnsOkWithUsers" computerName="DESKTOP-5E9MTG1" duration="00:00:00.0290408" startTime="2025-02-04T22:01:56.6152642+01:00" endTime="2025-02-04T22:01:56.6445500+01:00" testType="13cdc9d9-ddb5-4fa4-a97d-d965ccfc6d4b" outcome="Passed" testListId="8c84fa94-04c1-424b-9868-57a2d4851a1d" relativeResultsDirectory="f06b0676-7dd8-4194-b7a1-39a4f79b4af5" />
    <UnitTestResult executionId="5fae21c0-de73-4570-84bf-e3294cfab984" testId="57b7cf17-8b55-af5c-84a8-a7b50c2d2678" testName="GetUserByEmailAsync_ShouldReturnNull_WhenUserDoesNotExist" computerName="DESKTOP-5E9MTG1" duration="00:00:00.0252508" startTime="2025-02-04T22:01:57.0335643+01:00" endTime="2025-02-04T22:01:57.0590529+01:00" testType="13cdc9d9-ddb5-4fa4-a97d-d965ccfc6d4b" outcome="Passed" testListId="8c84fa94-04c1-424b-9868-57a2d4851a1d" relativeResultsDirectory="5fae21c0-de73-4570-84bf-e3294cfab984" />
    <UnitTestResult executionId="f9aee665-5230-4bf4-a15e-643f3acc15d4" testId="d7c4a17f-0b3c-a153-e347-4a402c9def8b" testName="GetRolesByUserIdAsync_ShouldReturnRoles_WhenUserHasRoles" computerName="DESKTOP-5E9MTG1" duration="00:00:00.0087602" startTime="2025-02-04T22:01:56.9631676+01:00" endTime="2025-02-04T22:01:56.9722356+01:00" testType="13cdc9d9-ddb5-4fa4-a97d-d965ccfc6d4b" outcome="Passed" testListId="8c84fa94-04c1-424b-9868-57a2d4851a1d" relativeResultsDirectory="f9aee665-5230-4bf4-a15e-643f3acc15d4" />
    <UnitTestResult executionId="41f8a736-fa3f-4e98-8606-edc68ffc15b8" testId="73db3971-f82f-de3f-8734-b8990916c7f3" testName="initialize_mock_logger_for_user_repository" computerName="DESKTOP-5E9MTG1" duration="00:00:00.0008781" startTime="2025-02-04T22:01:56.7144403+01:00" endTime="2025-02-04T22:01:56.7156961+01:00" testType="13cdc9d9-ddb5-4fa4-a97d-d965ccfc6d4b" outcome="Passed" testListId="8c84fa94-04c1-424b-9868-57a2d4851a1d" relativeResultsDirectory="41f8a736-fa3f-4e98-8606-edc68ffc15b8" />
    <UnitTestResult executionId="748bf2dc-bbb9-448f-8154-47cf2088cf79" testId="c8b082a5-27d2-f23a-d277-2904cd3a52e9" testName="CheckAvailability_UsernameTaken_ReturnsMessages" computerName="DESKTOP-5E9MTG1" duration="00:00:00.0123439" startTime="2025-02-04T22:01:56.6447399+01:00" endTime="2025-02-04T22:01:56.6573107+01:00" testType="13cdc9d9-ddb5-4fa4-a97d-d965ccfc6d4b" outcome="Passed" testListId="8c84fa94-04c1-424b-9868-57a2d4851a1d" relativeResultsDirectory="748bf2dc-bbb9-448f-8154-47cf2088cf79" />
    <UnitTestResult executionId="8207091e-e67f-4c82-aeff-37d68de6e475" testId="d5b473e6-9454-2cf2-3a3c-92deae82e5b9" testName="AddUserAsync_ShouldAddUser" computerName="DESKTOP-5E9MTG1" duration="00:00:00.0048954" startTime="2025-02-04T22:01:56.8501769+01:00" endTime="2025-02-04T22:01:56.8553238+01:00" testType="13cdc9d9-ddb5-4fa4-a97d-d965ccfc6d4b" outcome="Passed" testListId="8c84fa94-04c1-424b-9868-57a2d4851a1d" relativeResultsDirectory="8207091e-e67f-4c82-aeff-37d68de6e475" />
    <UnitTestResult executionId="1f4397e9-39c6-4c0d-9f4b-debf9dfb2a88" testId="ca3cefb5-cdf1-d311-b21a-39e4d7aaec90" testName="GetAllUsersAsync_ShouldReturnAllUsers" computerName="DESKTOP-5E9MTG1" duration="00:00:00.0230074" startTime="2025-02-04T22:01:56.8266871+01:00" endTime="2025-02-04T22:01:56.8500899+01:00" testType="13cdc9d9-ddb5-4fa4-a97d-d965ccfc6d4b" outcome="Passed" testListId="8c84fa94-04c1-424b-9868-57a2d4851a1d" relativeResultsDirectory="1f4397e9-39c6-4c0d-9f4b-debf9dfb2a88" />
    <UnitTestResult executionId="7d71cc41-762c-43ec-a9c1-5b826a88073f" testId="7df8e149-97c1-4416-d662-56097ab8526a" testName="GetRolesByUserIdAsync_ShouldReturnEmptyList_WhenUserHasNoRoles" computerName="DESKTOP-5E9MTG1" duration="00:00:00.0031159" startTime="2025-02-04T22:01:56.9723670+01:00" endTime="2025-02-04T22:01:56.9757702+01:00" testType="13cdc9d9-ddb5-4fa4-a97d-d965ccfc6d4b" outcome="Passed" testListId="8c84fa94-04c1-424b-9868-57a2d4851a1d" relativeResultsDirectory="7d71cc41-762c-43ec-a9c1-5b826a88073f" />
    <UnitTestResult executionId="76b8637f-e2ae-47bf-bef3-e32a7305c03e" testId="a9bbc64b-6c36-56f8-8fe3-cf9770a86971" testName="GetUserByIdAsync_ShouldReturnUser_WhenUserExists" computerName="DESKTOP-5E9MTG1" duration="00:00:00.0226975" startTime="2025-02-04T22:01:56.8036136+01:00" endTime="2025-02-04T22:01:56.8265705+01:00" testType="13cdc9d9-ddb5-4fa4-a97d-d965ccfc6d4b" outcome="Passed" testListId="8c84fa94-04c1-424b-9868-57a2d4851a1d" relativeResultsDirectory="76b8637f-e2ae-47bf-bef3-e32a7305c03e" />
    <UnitTestResult executionId="d3a88b23-0842-4a00-9049-cd6b3ac8a42e" testId="89640849-ce9a-7557-fb0e-f8647c1da9e3" testName="InitializeMockLoggerForUserRepository" computerName="DESKTOP-5E9MTG1" duration="00:00:00.0006489" startTime="2025-02-04T22:01:57.1592281+01:00" endTime="2025-02-04T22:01:57.1709636+01:00" testType="13cdc9d9-ddb5-4fa4-a97d-d965ccfc6d4b" outcome="Passed" testListId="8c84fa94-04c1-424b-9868-57a2d4851a1d" relativeResultsDirectory="d3a88b23-0842-4a00-9049-cd6b3ac8a42e" />
    <UnitTestResult executionId="374ff6ab-4ac9-4b97-b09c-df32943de50e" testId="1ba3a6a2-3048-ee98-8cac-456578ce17bc" testName="handle_null_context_options_throws_exception" computerName="DESKTOP-5E9MTG1" duration="00:00:00.0014801" startTime="2025-02-04T22:01:56.7157638+01:00" endTime="2025-02-04T22:01:56.7174729+01:00" testType="13cdc9d9-ddb5-4fa4-a97d-d965ccfc6d4b" outcome="Passed" testListId="8c84fa94-04c1-424b-9868-57a2d4851a1d" relativeResultsDirectory="374ff6ab-4ac9-4b97-b09c-df32943de50e" />
    <UnitTestResult executionId="a049c211-7f17-4e58-8135-cdf78d9e4381" testId="c0c47d89-bbbe-d55f-688c-61e9a03495d4" testName="GetUserByEmailAsync_ShouldReturnUser_WhenUserExists" computerName="DESKTOP-5E9MTG1" duration="00:00:00.0764488" startTime="2025-02-04T22:01:56.7204908+01:00" endTime="2025-02-04T22:01:56.7972795+01:00" testType="13cdc9d9-ddb5-4fa4-a97d-d965ccfc6d4b" outcome="Passed" testListId="8c84fa94-04c1-424b-9868-57a2d4851a1d" relativeResultsDirectory="a049c211-7f17-4e58-8135-cdf78d9e4381" />
    <UnitTestResult executionId="237a8d29-41ed-46d1-bac0-10f52ba9b2aa" testId="d95c0fc3-5b9b-5346-b441-627830ae2b68" testName="UpdateUserAsync_ShouldUpdateUser" computerName="DESKTOP-5E9MTG1" duration="00:00:00.0107544" startTime="2025-02-04T22:01:56.8554462+01:00" endTime="2025-02-04T22:01:56.8664421+01:00" testType="13cdc9d9-ddb5-4fa4-a97d-d965ccfc6d4b" outcome="Passed" testListId="8c84fa94-04c1-424b-9868-57a2d4851a1d" relativeResultsDirectory="237a8d29-41ed-46d1-bac0-10f52ba9b2aa" />
    <UnitTestResult executionId="91bbd18c-2acb-418d-b629-17f66d440013" testId="baef49de-de00-6939-72cd-64a39497f822" testName="GetUserByEmailAsync_ShouldReturnNull_WhenUserDoesNotExist" computerName="DESKTOP-5E9MTG1" duration="00:00:00.0034073" startTime="2025-02-04T22:01:56.7997996+01:00" endTime="2025-02-04T22:01:56.8034647+01:00" testType="13cdc9d9-ddb5-4fa4-a97d-d965ccfc6d4b" outcome="Passed" testListId="8c84fa94-04c1-424b-9868-57a2d4851a1d" relativeResultsDirectory="91bbd18c-2acb-418d-b629-17f66d440013" />
    <UnitTestResult executionId="9a71e186-4c99-4301-939e-fbcc041d0c8a" testId="d804816e-265f-e41e-74cb-89ab5435acd9" testName="HandleInvalidDatabaseName_ThrowsException" computerName="DESKTOP-5E9MTG1" duration="00:00:00.0008894" startTime="2025-02-04T22:01:57.1576505+01:00" endTime="2025-02-04T22:01:57.1591152+01:00" testType="13cdc9d9-ddb5-4fa4-a97d-d965ccfc6d4b" outcome="Passed" testListId="8c84fa94-04c1-424b-9868-57a2d4851a1d" relativeResultsDirectory="9a71e186-4c99-4301-939e-fbcc041d0c8a" />
    <UnitTestResult executionId="8fb2ac22-eaf7-4309-948d-ef8016f6fb56" testId="fd5701a1-d9c5-0923-867b-cc0967647b90" testName="GetUserByEmailAsync_ShouldReturnUser_WhenUserExists" computerName="DESKTOP-5E9MTG1" duration="00:00:00.0251646" startTime="2025-02-04T22:01:57.0080195+01:00" endTime="2025-02-04T22:01:57.0334657+01:00" testType="13cdc9d9-ddb5-4fa4-a97d-d965ccfc6d4b" outcome="Passed" testListId="8c84fa94-04c1-424b-9868-57a2d4851a1d" relativeResultsDirectory="8fb2ac22-eaf7-4309-948d-ef8016f6fb56" />
    <UnitTestResult executionId="8c248cbc-cbf8-43b7-918c-efe770d6973a" testId="751e710e-fc0d-d3ba-d75a-78632f7f2eb7" testName="AddUserAsync_ShouldLogAndSaveChanges" computerName="DESKTOP-5E9MTG1" duration="00:00:00.0317451" startTime="2025-02-04T22:01:56.9758584+01:00" endTime="2025-02-04T22:01:57.0079135+01:00" testType="13cdc9d9-ddb5-4fa4-a97d-d965ccfc6d4b" outcome="Passed" testListId="8c84fa94-04c1-424b-9868-57a2d4851a1d" relativeResultsDirectory="8c248cbc-cbf8-43b7-918c-efe770d6973a" />
    <UnitTestResult executionId="83709f7a-213e-4601-ac84-5d8a05cfc880" testId="4e24bf9f-0eea-ab65-b8b4-60c80bf74219" testName="GetUserByPhoneNumberAsync_ShouldReturnUser_WhenUserExists" computerName="DESKTOP-5E9MTG1" duration="00:00:00.0270711" startTime="2025-02-04T22:01:56.8982624+01:00" endTime="2025-02-04T22:01:56.9255566+01:00" testType="13cdc9d9-ddb5-4fa4-a97d-d965ccfc6d4b" outcome="Passed" testListId="8c84fa94-04c1-424b-9868-57a2d4851a1d" relativeResultsDirectory="83709f7a-213e-4601-ac84-5d8a05cfc880" />
    <UnitTestResult executionId="ffd23d41-936d-449b-ae78-210d9fd9630f" testId="52e5d5a0-6b82-6d43-8752-2e9943a58242" testName="ContextInitializesWithInMemoryDatabase" computerName="DESKTOP-5E9MTG1" duration="00:00:00.0003957" startTime="2025-02-04T22:01:57.0615884+01:00" endTime="2025-02-04T22:01:57.0621712+01:00" testType="13cdc9d9-ddb5-4fa4-a97d-d965ccfc6d4b" outcome="Passed" testListId="8c84fa94-04c1-424b-9868-57a2d4851a1d" relativeResultsDirectory="ffd23d41-936d-449b-ae78-210d9fd9630f" />
    <UnitTestResult executionId="ae6f49fe-a863-417e-b071-d6ebb8133d31" testId="36291326-1b1c-e4a2-a519-44282bcfec4d" testName="AssignRolesToUserAsync_ShouldAssignRoles_WhenRolesExist" computerName="DESKTOP-5E9MTG1" duration="00:00:00.0124776" startTime="2025-02-04T22:01:56.9256600+01:00" endTime="2025-02-04T22:01:56.9384032+01:00" testType="13cdc9d9-ddb5-4fa4-a97d-d965ccfc6d4b" outcome="Passed" testListId="8c84fa94-04c1-424b-9868-57a2d4851a1d" relativeResultsDirectory="ae6f49fe-a863-417e-b071-d6ebb8133d31" />
    <UnitTestResult executionId="72a414ca-5c63-4f31-bbe6-2c5bbcbbe14e" testId="ca9ddfba-3d81-f766-9da2-67005f62daeb" testName="GetUserByUserNameAsync_ShouldReturnUser_WhenUserExists" computerName="DESKTOP-5E9MTG1" duration="00:00:00.0313492" startTime="2025-02-04T22:01:56.8665642+01:00" endTime="2025-02-04T22:01:56.8981575+01:00" testType="13cdc9d9-ddb5-4fa4-a97d-d965ccfc6d4b" outcome="Passed" testListId="8c84fa94-04c1-424b-9868-57a2d4851a1d" relativeResultsDirectory="72a414ca-5c63-4f31-bbe6-2c5bbcbbe14e" />
    <UnitTestResult executionId="c2f6d4a2-3ba2-4fcd-b946-de850cf85caa" testId="6e9ac420-203d-ac82-511b-8145260abdee" testName="CheckAvailability_UsernameAvailable_ReturnsNoMessages" computerName="DESKTOP-5E9MTG1" duration="00:00:00.0022390" startTime="2025-02-04T22:01:56.6574019+01:00" endTime="2025-02-04T22:01:56.6598804+01:00" testType="13cdc9d9-ddb5-4fa4-a97d-d965ccfc6d4b" outcome="Passed" testListId="8c84fa94-04c1-424b-9868-57a2d4851a1d" relativeResultsDirectory="c2f6d4a2-3ba2-4fcd-b946-de850cf85caa" />
    <UnitTestResult executionId="387b8b2f-4d23-4252-91bf-074d5668d426" testId="97ec3dce-d371-19ac-021e-38edd5c10edf" testName="CompleteRoleManagementFlow_ShouldSucceed" computerName="DESKTOP-5E9MTG1" duration="00:00:02.5151341" startTime="2025-02-04T22:01:53.9811095+01:00" endTime="2025-02-04T22:01:56.5295396+01:00" testType="13cdc9d9-ddb5-4fa4-a97d-d965ccfc6d4b" outcome="Passed" testListId="8c84fa94-04c1-424b-9868-57a2d4851a1d" relativeResultsDirectory="387b8b2f-4d23-4252-91bf-074d5668d426" />
    <UnitTestResult executionId="fc7600b4-87a9-42e5-ba6b-125db1b7f7ae" testId="749d4f59-99a8-c257-0f06-d901dbb280e1" testName="handle_invalid_database_name_throws_exception" computerName="DESKTOP-5E9MTG1" duration="00:00:00.0026790" startTime="2025-02-04T22:01:56.7175393+01:00" endTime="2025-02-04T22:01:56.7204006+01:00" testType="13cdc9d9-ddb5-4fa4-a97d-d965ccfc6d4b" outcome="Passed" testListId="8c84fa94-04c1-424b-9868-57a2d4851a1d" relativeResultsDirectory="fc7600b4-87a9-42e5-ba6b-125db1b7f7ae" />
    <UnitTestResult executionId="13c11df6-c743-4ca5-891b-0159cb9d1d32" testId="cd877712-f446-be07-90ba-7be95dd82230" testName="CascadeDelete_ShouldRemoveUserRoles_WhenUserIsDeleted" computerName="DESKTOP-5E9MTG1" duration="00:00:00.0662651" startTime="2025-02-04T22:01:56.5481892+01:00" endTime="2025-02-04T22:01:56.6148329+01:00" testType="13cdc9d9-ddb5-4fa4-a97d-d965ccfc6d4b" outcome="Passed" testListId="8c84fa94-04c1-424b-9868-57a2d4851a1d" relativeResultsDirectory="13c11df6-c743-4ca5-891b-0159cb9d1d32" />
    <UnitTestResult executionId="20d5bb3a-8f59-42ba-94d4-bc01b30e152f" testId="b40d2ee4-eff1-c0b6-107b-21589dc6cf09" testName="AssignRolesToUserAsync_ShouldThrowException_WhenRoleDoesNotExist" computerName="DESKTOP-5E9MTG1" duration="00:00:00.0035060" startTime="2025-02-04T22:01:56.9385404+01:00" endTime="2025-02-04T22:01:56.9423628+01:00" testType="13cdc9d9-ddb5-4fa4-a97d-d965ccfc6d4b" outcome="Passed" testListId="8c84fa94-04c1-424b-9868-57a2d4851a1d" relativeResultsDirectory="20d5bb3a-8f59-42ba-94d4-bc01b30e152f" />
    <UnitTestResult executionId="17c3b80d-a7d3-4a72-8a73-87566529e3b1" testId="6c84fd6b-b951-9caf-b632-ed552763edfd" testName="HandleDuplicateInitializationOfUserRepository" computerName="DESKTOP-5E9MTG1" duration="00:00:00.0886268" startTime="2025-02-04T22:01:57.0622511+01:00" endTime="2025-02-04T22:01:57.1510705+01:00" testType="13cdc9d9-ddb5-4fa4-a97d-d965ccfc6d4b" outcome="Passed" testListId="8c84fa94-04c1-424b-9868-57a2d4851a1d" relativeResultsDirectory="17c3b80d-a7d3-4a72-8a73-87566529e3b1" />
  </Results>
  <TestDefinitions>
    <UnitTest name="GetUserByEmailAsync_ShouldReturnUser_WhenUserExists" storage="e:\asafarim\asafarim.test\bin\debug\net9.0\asafarim.test.dll" id="c0c47d89-bbbe-d55f-688c-61e9a03495d4">
      <Execution id="a049c211-7f17-4e58-8135-cdf78d9e4381" />
      <TestMethod codeBase="E:\ASafariM\ASafariM.Test\bin\Debug\net9.0\ASafariM.Test.dll" adapterTypeName="executor://mstestadapter/v2" className="ASafariM.Test.InfrastructureTests.Repository.UserRepositoryTests" name="GetUserByEmailAsync_ShouldReturnUser_WhenUserExists" />
    </UnitTest>
    <UnitTest name="handle_invalid_database_name_throws_exception" storage="e:\asafarim\asafarim.test\bin\debug\net9.0\asafarim.test.dll" id="749d4f59-99a8-c257-0f06-d901dbb280e1">
      <Execution id="fc7600b4-87a9-42e5-ba6b-125db1b7f7ae" />
      <TestMethod codeBase="E:\ASafariM\ASafariM.Test\bin\Debug\net9.0\ASafariM.Test.dll" adapterTypeName="executor://mstestadapter/v2" className="ASafariM.Test.InfrastructureTests.Repository.UserRepositoryTests" name="handle_invalid_database_name_throws_exception" />
    </UnitTest>
    <UnitTest name="GetUserByIdAsync_ShouldReturnUser_WhenUserExists" storage="e:\asafarim\asafarim.test\bin\debug\net9.0\asafarim.test.dll" id="a9bbc64b-6c36-56f8-8fe3-cf9770a86971">
      <Execution id="76b8637f-e2ae-47bf-bef3-e32a7305c03e" />
      <TestMethod codeBase="E:\ASafariM\ASafariM.Test\bin\Debug\net9.0\ASafariM.Test.dll" adapterTypeName="executor://mstestadapter/v2" className="ASafariM.Test.InfrastructureTests.Repository.UserRepositoryTests" name="GetUserByIdAsync_ShouldReturnUser_WhenUserExists" />
    </UnitTest>
    <UnitTest name="UpdateUserAsync_ShouldUpdateUser" storage="e:\asafarim\asafarim.test\bin\debug\net9.0\asafarim.test.dll" id="d95c0fc3-5b9b-5346-b441-627830ae2b68">
      <Execution id="237a8d29-41ed-46d1-bac0-10f52ba9b2aa" />
      <TestMethod codeBase="E:\ASafariM\ASafariM.Test\bin\Debug\net9.0\ASafariM.Test.dll" adapterTypeName="executor://mstestadapter/v2" className="ASafariM.Test.InfrastructureTests.Repository.UserRepositoryTests" name="UpdateUserAsync_ShouldUpdateUser" />
    </UnitTest>
    <UnitTest name="AddUserAsync_ShouldAddUser" storage="e:\asafarim\asafarim.test\bin\debug\net9.0\asafarim.test.dll" id="d5b473e6-9454-2cf2-3a3c-92deae82e5b9">
      <Execution id="8207091e-e67f-4c82-aeff-37d68de6e475" />
      <TestMethod codeBase="E:\ASafariM\ASafariM.Test\bin\Debug\net9.0\ASafariM.Test.dll" adapterTypeName="executor://mstestadapter/v2" className="ASafariM.Test.InfrastructureTests.Repository.UserRepositoryTests" name="AddUserAsync_ShouldAddUser" />
    </UnitTest>
    <UnitTest name="AddUserAsync_ShouldLogAndSaveChanges" storage="e:\asafarim\asafarim.test\bin\debug\net9.0\asafarim.test.dll" id="751e710e-fc0d-d3ba-d75a-78632f7f2eb7">
      <Execution id="8c248cbc-cbf8-43b7-918c-efe770d6973a" />
      <TestMethod codeBase="E:\ASafariM\ASafariM.Test\bin\Debug\net9.0\ASafariM.Test.dll" adapterTypeName="executor://mstestadapter/v2" className="ASafariM.Test.DomainTests.Persistence.AppDbContextTests" name="AddUserAsync_ShouldLogAndSaveChanges" />
    </UnitTest>
    <UnitTest name="GetRolesByUserIdAsync_ShouldReturnRoles_WhenUserHasRoles" storage="e:\asafarim\asafarim.test\bin\debug\net9.0\asafarim.test.dll" id="d7c4a17f-0b3c-a153-e347-4a402c9def8b">
      <Execution id="f9aee665-5230-4bf4-a15e-643f3acc15d4" />
      <TestMethod codeBase="E:\ASafariM\ASafariM.Test\bin\Debug\net9.0\ASafariM.Test.dll" adapterTypeName="executor://mstestadapter/v2" className="ASafariM.Test.InfrastructureTests.Repository.UserRepositoryTests" name="GetRolesByUserIdAsync_ShouldReturnRoles_WhenUserHasRoles" />
    </UnitTest>
    <UnitTest name="SaveChangesAsync_CompletesSuccessfully" storage="e:\asafarim\asafarim.test\bin\debug\net9.0\asafarim.test.dll" id="a752dc08-217a-04bb-facb-9aac2ec3e88b">
      <Execution id="1268bab5-bce7-4a71-98a8-beecd857569f" />
      <TestMethod codeBase="E:\ASafariM\ASafariM.Test\bin\Debug\net9.0\ASafariM.Test.dll" adapterTypeName="executor://mstestadapter/v2" className="ASafariM.Test.DomainTests.Persistence.AppDbContextTests" name="SaveChangesAsync_CompletesSuccessfully" />
    </UnitTest>
    <UnitTest name="GetUserByPhoneNumberAsync_ShouldReturnUser_WhenUserExists" storage="e:\asafarim\asafarim.test\bin\debug\net9.0\asafarim.test.dll" id="4e24bf9f-0eea-ab65-b8b4-60c80bf74219">
      <Execution id="83709f7a-213e-4601-ac84-5d8a05cfc880" />
      <TestMethod codeBase="E:\ASafariM\ASafariM.Test\bin\Debug\net9.0\ASafariM.Test.dll" adapterTypeName="executor://mstestadapter/v2" className="ASafariM.Test.InfrastructureTests.Repository.UserRepositoryTests" name="GetUserByPhoneNumberAsync_ShouldReturnUser_WhenUserExists" />
    </UnitTest>
    <UnitTest name="GetRolesByUserIdAsync_ShouldReturnEmptyList_WhenUserHasNoRoles" storage="e:\asafarim\asafarim.test\bin\debug\net9.0\asafarim.test.dll" id="7df8e149-97c1-4416-d662-56097ab8526a">
      <Execution id="7d71cc41-762c-43ec-a9c1-5b826a88073f" />
      <TestMethod codeBase="E:\ASafariM\ASafariM.Test\bin\Debug\net9.0\ASafariM.Test.dll" adapterTypeName="executor://mstestadapter/v2" className="ASafariM.Test.InfrastructureTests.Repository.UserRepositoryTests" name="GetRolesByUserIdAsync_ShouldReturnEmptyList_WhenUserHasNoRoles" />
    </UnitTest>
    <UnitTest name="DeleteUserAsync_ShouldCallRepository_WhenUserExists" storage="e:\asafarim\asafarim.test\bin\debug\net9.0\asafarim.test.dll" id="ba20961b-6799-d652-45b7-03c3d3864402">
      <Execution id="02eb726f-3be6-402a-996b-d0b370009ab7" />
      <TestMethod codeBase="E:\ASafariM\ASafariM.Test\bin\Debug\net9.0\ASafariM.Test.dll" adapterTypeName="executor://mstestadapter/v2" className="ASafariM.Test.InfrastructureTests.Services.UserServiceTests" name="DeleteUserAsync_ShouldCallRepository_WhenUserExists" />
    </UnitTest>
    <UnitTest name="HandleInvalidDatabaseName_ThrowsException" storage="e:\asafarim\asafarim.test\bin\debug\net9.0\asafarim.test.dll" id="d804816e-265f-e41e-74cb-89ab5435acd9">
      <Execution id="9a71e186-4c99-4301-939e-fbcc041d0c8a" />
      <TestMethod codeBase="E:\ASafariM\ASafariM.Test\bin\Debug\net9.0\ASafariM.Test.dll" adapterTypeName="executor://mstestadapter/v2" className="ASafariM.Test.DomainTests.Persistence.AppDbContextTests" name="HandleInvalidDatabaseName_ThrowsException" />
    </UnitTest>
    <UnitTest name="InitializeMockLoggerForUserRepository" storage="e:\asafarim\asafarim.test\bin\debug\net9.0\asafarim.test.dll" id="89640849-ce9a-7557-fb0e-f8647c1da9e3">
      <Execution id="d3a88b23-0842-4a00-9049-cd6b3ac8a42e" />
      <TestMethod codeBase="E:\ASafariM\ASafariM.Test\bin\Debug\net9.0\ASafariM.Test.dll" adapterTypeName="executor://mstestadapter/v2" className="ASafariM.Test.DomainTests.Persistence.AppDbContextTests" name="InitializeMockLoggerForUserRepository" />
    </UnitTest>
    <UnitTest name="GetUserByUserNameAsync_ShouldReturnUser_WhenUserExists" storage="e:\asafarim\asafarim.test\bin\debug\net9.0\asafarim.test.dll" id="ca9ddfba-3d81-f766-9da2-67005f62daeb">
      <Execution id="72a414ca-5c63-4f31-bbe6-2c5bbcbbe14e" />
      <TestMethod codeBase="E:\ASafariM\ASafariM.Test\bin\Debug\net9.0\ASafariM.Test.dll" adapterTypeName="executor://mstestadapter/v2" className="ASafariM.Test.InfrastructureTests.Repository.UserRepositoryTests" name="GetUserByUserNameAsync_ShouldReturnUser_WhenUserExists" />
    </UnitTest>
    <UnitTest name="GetAllUsersAsync_ShouldReturnAllUsers" storage="e:\asafarim\asafarim.test\bin\debug\net9.0\asafarim.test.dll" id="ca3cefb5-cdf1-d311-b21a-39e4d7aaec90">
      <Execution id="1f4397e9-39c6-4c0d-9f4b-debf9dfb2a88" />
      <TestMethod codeBase="E:\ASafariM\ASafariM.Test\bin\Debug\net9.0\ASafariM.Test.dll" adapterTypeName="executor://mstestadapter/v2" className="ASafariM.Test.InfrastructureTests.Repository.UserRepositoryTests" name="GetAllUsersAsync_ShouldReturnAllUsers" />
    </UnitTest>
    <UnitTest name="AssignRolesToUserAsync_ShouldAssignRoles_WhenRolesExist" storage="e:\asafarim\asafarim.test\bin\debug\net9.0\asafarim.test.dll" id="36291326-1b1c-e4a2-a519-44282bcfec4d">
      <Execution id="ae6f49fe-a863-417e-b071-d6ebb8133d31" />
      <TestMethod codeBase="E:\ASafariM\ASafariM.Test\bin\Debug\net9.0\ASafariM.Test.dll" adapterTypeName="executor://mstestadapter/v2" className="ASafariM.Test.InfrastructureTests.Repository.UserRepositoryTests" name="AssignRolesToUserAsync_ShouldAssignRoles_WhenRolesExist" />
    </UnitTest>
    <UnitTest name="ContextInitializesWithInMemoryDatabase" storage="e:\asafarim\asafarim.test\bin\debug\net9.0\asafarim.test.dll" id="52e5d5a0-6b82-6d43-8752-2e9943a58242">
      <Execution id="ffd23d41-936d-449b-ae78-210d9fd9630f" />
      <TestMethod codeBase="E:\ASafariM\ASafariM.Test\bin\Debug\net9.0\ASafariM.Test.dll" adapterTypeName="executor://mstestadapter/v2" className="ASafariM.Test.DomainTests.Persistence.AppDbContextTests" name="ContextInitializesWithInMemoryDatabase" />
    </UnitTest>
    <UnitTest name="CascadeDelete_ShouldRemoveUserRoles_WhenUserIsDeleted" storage="e:\asafarim\asafarim.test\bin\debug\net9.0\asafarim.test.dll" id="cd877712-f446-be07-90ba-7be95dd82230">
      <Execution id="13c11df6-c743-4ca5-891b-0159cb9d1d32" />
      <TestMethod codeBase="E:\ASafariM\ASafariM.Test\bin\Debug\net9.0\ASafariM.Test.dll" adapterTypeName="executor://mstestadapter/v2" className="ASafariM.Test.PresentationTests.Controllers.UserRolesControllerIntegrationTests" name="CascadeDelete_ShouldRemoveUserRoles_WhenUserIsDeleted" />
    </UnitTest>
    <UnitTest name="CheckAvailability_UsernameAvailable_ReturnsNoMessages" storage="e:\asafarim\asafarim.test\bin\debug\net9.0\asafarim.test.dll" id="6e9ac420-203d-ac82-511b-8145260abdee">
      <Execution id="c2f6d4a2-3ba2-4fcd-b946-de850cf85caa" />
      <TestMethod codeBase="E:\ASafariM\ASafariM.Test\bin\Debug\net9.0\ASafariM.Test.dll" adapterTypeName="executor://mstestadapter/v2" className="ASafariM.Test.PresentationTests.Controllers.UsersControllerTests" name="CheckAvailability_UsernameAvailable_ReturnsNoMessages" />
    </UnitTest>
    <UnitTest name="GetUserByEmailAsync_ShouldReturnNull_WhenUserDoesNotExist" storage="e:\asafarim\asafarim.test\bin\debug\net9.0\asafarim.test.dll" id="baef49de-de00-6939-72cd-64a39497f822">
      <Execution id="91bbd18c-2acb-418d-b629-17f66d440013" />
      <TestMethod codeBase="E:\ASafariM\ASafariM.Test\bin\Debug\net9.0\ASafariM.Test.dll" adapterTypeName="executor://mstestadapter/v2" className="ASafariM.Test.InfrastructureTests.Repository.UserRepositoryTests" name="GetUserByEmailAsync_ShouldReturnNull_WhenUserDoesNotExist" />
    </UnitTest>
    <UnitTest name="AssignRolesToUserAsync_ShouldThrowException_WhenRoleDoesNotExist" storage="e:\asafarim\asafarim.test\bin\debug\net9.0\asafarim.test.dll" id="b40d2ee4-eff1-c0b6-107b-21589dc6cf09">
      <Execution id="20d5bb3a-8f59-42ba-94d4-bc01b30e152f" />
      <TestMethod codeBase="E:\ASafariM\ASafariM.Test\bin\Debug\net9.0\ASafariM.Test.dll" adapterTypeName="executor://mstestadapter/v2" className="ASafariM.Test.InfrastructureTests.Repository.UserRepositoryTests" name="AssignRolesToUserAsync_ShouldThrowException_WhenRoleDoesNotExist" />
    </UnitTest>
    <UnitTest name="GetAllUsers_ReturnsOkWithUsers" storage="e:\asafarim\asafarim.test\bin\debug\net9.0\asafarim.test.dll" id="f9143d72-d4ae-f69b-d07f-62ccd78b6213">
      <Execution id="f06b0676-7dd8-4194-b7a1-39a4f79b4af5" />
      <TestMethod codeBase="E:\ASafariM\ASafariM.Test\bin\Debug\net9.0\ASafariM.Test.dll" adapterTypeName="executor://mstestadapter/v2" className="ASafariM.Test.PresentationTests.Controllers.UsersControllerTests" name="GetAllUsers_ReturnsOkWithUsers" />
    </UnitTest>
    <UnitTest name="HandleDuplicateInitializationOfUserRepository" storage="e:\asafarim\asafarim.test\bin\debug\net9.0\asafarim.test.dll" id="6c84fd6b-b951-9caf-b632-ed552763edfd">
      <Execution id="17c3b80d-a7d3-4a72-8a73-87566529e3b1" />
      <TestMethod codeBase="E:\ASafariM\ASafariM.Test\bin\Debug\net9.0\ASafariM.Test.dll" adapterTypeName="executor://mstestadapter/v2" className="ASafariM.Test.DomainTests.Persistence.AppDbContextTests" name="HandleDuplicateInitializationOfUserRepository" />
    </UnitTest>
    <UnitTest name="CheckAvailability_UsernameTaken_ReturnsMessages" storage="e:\asafarim\asafarim.test\bin\debug\net9.0\asafarim.test.dll" id="c8b082a5-27d2-f23a-d277-2904cd3a52e9">
      <Execution id="748bf2dc-bbb9-448f-8154-47cf2088cf79" />
      <TestMethod codeBase="E:\ASafariM\ASafariM.Test\bin\Debug\net9.0\ASafariM.Test.dll" adapterTypeName="executor://mstestadapter/v2" className="ASafariM.Test.PresentationTests.Controllers.UsersControllerTests" name="CheckAvailability_UsernameTaken_ReturnsMessages" />
    </UnitTest>
    <UnitTest name="RemoveRolesFromUserAsync_ShouldRemoveRoles_WhenRolesExist" storage="e:\asafarim\asafarim.test\bin\debug\net9.0\asafarim.test.dll" id="45bae863-9364-c702-6f6a-3938e34061ee">
      <Execution id="33e842f6-d6c8-4686-84af-055b695bae21" />
      <TestMethod codeBase="E:\ASafariM\ASafariM.Test\bin\Debug\net9.0\ASafariM.Test.dll" adapterTypeName="executor://mstestadapter/v2" className="ASafariM.Test.InfrastructureTests.Repository.UserRepositoryTests" name="RemoveRolesFromUserAsync_ShouldRemoveRoles_WhenRolesExist" />
    </UnitTest>
    <UnitTest name="GetUserByEmailAsync_ShouldReturnNull_WhenUserDoesNotExist" storage="e:\asafarim\asafarim.test\bin\debug\net9.0\asafarim.test.dll" id="57b7cf17-8b55-af5c-84a8-a7b50c2d2678">
      <Execution id="5fae21c0-de73-4570-84bf-e3294cfab984" />
      <TestMethod codeBase="E:\ASafariM\ASafariM.Test\bin\Debug\net9.0\ASafariM.Test.dll" adapterTypeName="executor://mstestadapter/v2" className="ASafariM.Test.DomainTests.Persistence.AppDbContextTests" name="GetUserByEmailAsync_ShouldReturnNull_WhenUserDoesNotExist" />
    </UnitTest>
    <UnitTest name="GetUserByEmailAsync_ShouldReturnUser_WhenUserExists" storage="e:\asafarim\asafarim.test\bin\debug\net9.0\asafarim.test.dll" id="fd5701a1-d9c5-0923-867b-cc0967647b90">
      <Execution id="8fb2ac22-eaf7-4309-948d-ef8016f6fb56" />
      <TestMethod codeBase="E:\ASafariM\ASafariM.Test\bin\Debug\net9.0\ASafariM.Test.dll" adapterTypeName="executor://mstestadapter/v2" className="ASafariM.Test.DomainTests.Persistence.AppDbContextTests" name="GetUserByEmailAsync_ShouldReturnUser_WhenUserExists" />
    </UnitTest>
    <UnitTest name="handle_null_context_options_throws_exception" storage="e:\asafarim\asafarim.test\bin\debug\net9.0\asafarim.test.dll" id="1ba3a6a2-3048-ee98-8cac-456578ce17bc">
      <Execution id="374ff6ab-4ac9-4b97-b09c-df32943de50e" />
      <TestMethod codeBase="E:\ASafariM\ASafariM.Test\bin\Debug\net9.0\ASafariM.Test.dll" adapterTypeName="executor://mstestadapter/v2" className="ASafariM.Test.InfrastructureTests.Repository.UserRepositoryTests" name="handle_null_context_options_throws_exception" />
    </UnitTest>
    <UnitTest name="initialize_mock_logger_for_user_repository" storage="e:\asafarim\asafarim.test\bin\debug\net9.0\asafarim.test.dll" id="73db3971-f82f-de3f-8734-b8990916c7f3">
      <Execution id="41f8a736-fa3f-4e98-8606-edc68ffc15b8" />
      <TestMethod codeBase="E:\ASafariM\ASafariM.Test\bin\Debug\net9.0\ASafariM.Test.dll" adapterTypeName="executor://mstestadapter/v2" className="ASafariM.Test.InfrastructureTests.Repository.UserRepositoryTests" name="initialize_mock_logger_for_user_repository" />
    </UnitTest>
    <UnitTest name="CompleteRoleManagementFlow_ShouldSucceed" storage="e:\asafarim\asafarim.test\bin\debug\net9.0\asafarim.test.dll" id="97ec3dce-d371-19ac-021e-38edd5c10edf">
      <Execution id="387b8b2f-4d23-4252-91bf-074d5668d426" />
      <TestMethod codeBase="E:\ASafariM\ASafariM.Test\bin\Debug\net9.0\ASafariM.Test.dll" adapterTypeName="executor://mstestadapter/v2" className="ASafariM.Test.PresentationTests.Controllers.UserRolesControllerIntegrationTests" name="CompleteRoleManagementFlow_ShouldSucceed" />
    </UnitTest>
  </TestDefinitions>
  <TestEntries>
    <TestEntry testId="ba20961b-6799-d652-45b7-03c3d3864402" executionId="02eb726f-3be6-402a-996b-d0b370009ab7" testListId="8c84fa94-04c1-424b-9868-57a2d4851a1d" />
    <TestEntry testId="a752dc08-217a-04bb-facb-9aac2ec3e88b" executionId="1268bab5-bce7-4a71-98a8-beecd857569f" testListId="8c84fa94-04c1-424b-9868-57a2d4851a1d" />
    <TestEntry testId="45bae863-9364-c702-6f6a-3938e34061ee" executionId="33e842f6-d6c8-4686-84af-055b695bae21" testListId="8c84fa94-04c1-424b-9868-57a2d4851a1d" />
    <TestEntry testId="f9143d72-d4ae-f69b-d07f-62ccd78b6213" executionId="f06b0676-7dd8-4194-b7a1-39a4f79b4af5" testListId="8c84fa94-04c1-424b-9868-57a2d4851a1d" />
    <TestEntry testId="57b7cf17-8b55-af5c-84a8-a7b50c2d2678" executionId="5fae21c0-de73-4570-84bf-e3294cfab984" testListId="8c84fa94-04c1-424b-9868-57a2d4851a1d" />
    <TestEntry testId="d7c4a17f-0b3c-a153-e347-4a402c9def8b" executionId="f9aee665-5230-4bf4-a15e-643f3acc15d4" testListId="8c84fa94-04c1-424b-9868-57a2d4851a1d" />
    <TestEntry testId="73db3971-f82f-de3f-8734-b8990916c7f3" executionId="41f8a736-fa3f-4e98-8606-edc68ffc15b8" testListId="8c84fa94-04c1-424b-9868-57a2d4851a1d" />
    <TestEntry testId="c8b082a5-27d2-f23a-d277-2904cd3a52e9" executionId="748bf2dc-bbb9-448f-8154-47cf2088cf79" testListId="8c84fa94-04c1-424b-9868-57a2d4851a1d" />
    <TestEntry testId="d5b473e6-9454-2cf2-3a3c-92deae82e5b9" executionId="8207091e-e67f-4c82-aeff-37d68de6e475" testListId="8c84fa94-04c1-424b-9868-57a2d4851a1d" />
    <TestEntry testId="ca3cefb5-cdf1-d311-b21a-39e4d7aaec90" executionId="1f4397e9-39c6-4c0d-9f4b-debf9dfb2a88" testListId="8c84fa94-04c1-424b-9868-57a2d4851a1d" />
    <TestEntry testId="7df8e149-97c1-4416-d662-56097ab8526a" executionId="7d71cc41-762c-43ec-a9c1-5b826a88073f" testListId="8c84fa94-04c1-424b-9868-57a2d4851a1d" />
    <TestEntry testId="a9bbc64b-6c36-56f8-8fe3-cf9770a86971" executionId="76b8637f-e2ae-47bf-bef3-e32a7305c03e" testListId="8c84fa94-04c1-424b-9868-57a2d4851a1d" />
    <TestEntry testId="89640849-ce9a-7557-fb0e-f8647c1da9e3" executionId="d3a88b23-0842-4a00-9049-cd6b3ac8a42e" testListId="8c84fa94-04c1-424b-9868-57a2d4851a1d" />
    <TestEntry testId="1ba3a6a2-3048-ee98-8cac-456578ce17bc" executionId="374ff6ab-4ac9-4b97-b09c-df32943de50e" testListId="8c84fa94-04c1-424b-9868-57a2d4851a1d" />
    <TestEntry testId="c0c47d89-bbbe-d55f-688c-61e9a03495d4" executionId="a049c211-7f17-4e58-8135-cdf78d9e4381" testListId="8c84fa94-04c1-424b-9868-57a2d4851a1d" />
    <TestEntry testId="d95c0fc3-5b9b-5346-b441-627830ae2b68" executionId="237a8d29-41ed-46d1-bac0-10f52ba9b2aa" testListId="8c84fa94-04c1-424b-9868-57a2d4851a1d" />
    <TestEntry testId="baef49de-de00-6939-72cd-64a39497f822" executionId="91bbd18c-2acb-418d-b629-17f66d440013" testListId="8c84fa94-04c1-424b-9868-57a2d4851a1d" />
    <TestEntry testId="d804816e-265f-e41e-74cb-89ab5435acd9" executionId="9a71e186-4c99-4301-939e-fbcc041d0c8a" testListId="8c84fa94-04c1-424b-9868-57a2d4851a1d" />
    <TestEntry testId="fd5701a1-d9c5-0923-867b-cc0967647b90" executionId="8fb2ac22-eaf7-4309-948d-ef8016f6fb56" testListId="8c84fa94-04c1-424b-9868-57a2d4851a1d" />
    <TestEntry testId="751e710e-fc0d-d3ba-d75a-78632f7f2eb7" executionId="8c248cbc-cbf8-43b7-918c-efe770d6973a" testListId="8c84fa94-04c1-424b-9868-57a2d4851a1d" />
    <TestEntry testId="4e24bf9f-0eea-ab65-b8b4-60c80bf74219" executionId="83709f7a-213e-4601-ac84-5d8a05cfc880" testListId="8c84fa94-04c1-424b-9868-57a2d4851a1d" />
    <TestEntry testId="52e5d5a0-6b82-6d43-8752-2e9943a58242" executionId="ffd23d41-936d-449b-ae78-210d9fd9630f" testListId="8c84fa94-04c1-424b-9868-57a2d4851a1d" />
    <TestEntry testId="36291326-1b1c-e4a2-a519-44282bcfec4d" executionId="ae6f49fe-a863-417e-b071-d6ebb8133d31" testListId="8c84fa94-04c1-424b-9868-57a2d4851a1d" />
    <TestEntry testId="ca9ddfba-3d81-f766-9da2-67005f62daeb" executionId="72a414ca-5c63-4f31-bbe6-2c5bbcbbe14e" testListId="8c84fa94-04c1-424b-9868-57a2d4851a1d" />
    <TestEntry testId="6e9ac420-203d-ac82-511b-8145260abdee" executionId="c2f6d4a2-3ba2-4fcd-b946-de850cf85caa" testListId="8c84fa94-04c1-424b-9868-57a2d4851a1d" />
    <TestEntry testId="97ec3dce-d371-19ac-021e-38edd5c10edf" executionId="387b8b2f-4d23-4252-91bf-074d5668d426" testListId="8c84fa94-04c1-424b-9868-57a2d4851a1d" />
    <TestEntry testId="749d4f59-99a8-c257-0f06-d901dbb280e1" executionId="fc7600b4-87a9-42e5-ba6b-125db1b7f7ae" testListId="8c84fa94-04c1-424b-9868-57a2d4851a1d" />
    <TestEntry testId="cd877712-f446-be07-90ba-7be95dd82230" executionId="13c11df6-c743-4ca5-891b-0159cb9d1d32" testListId="8c84fa94-04c1-424b-9868-57a2d4851a1d" />
    <TestEntry testId="b40d2ee4-eff1-c0b6-107b-21589dc6cf09" executionId="20d5bb3a-8f59-42ba-94d4-bc01b30e152f" testListId="8c84fa94-04c1-424b-9868-57a2d4851a1d" />
    <TestEntry testId="6c84fd6b-b951-9caf-b632-ed552763edfd" executionId="17c3b80d-a7d3-4a72-8a73-87566529e3b1" testListId="8c84fa94-04c1-424b-9868-57a2d4851a1d" />
  </TestEntries>
  <TestLists>
    <TestList name="Results Not in a List" id="8c84fa94-04c1-424b-9868-57a2d4851a1d" />
    <TestList name="All Loaded Results" id="19431567-8539-422a-85d7-44ee4e166bda" />
  </TestLists>
  <ResultSummary outcome="Completed">
    <Counters total="30" executed="30" passed="30" failed="0" error="0" timeout="0" aborted="0" inconclusive="0" passedButRunAborted="0" notRunnable="0" notExecuted="0" disconnected="0" warning="0" completed="0" inProgress="0" pending="0" />
  </ResultSummary>
</TestRun>