<?xml version="1.0" encoding="utf-8"?>
<TestRun id="5bfb83ed-4254-43cf-97c6-35ef081df73f" name="User@DESKTOP-5E9MTG1 2025-02-04 21:51:46" runUser="DESKTOP-5E9MTG1\User" xmlns="http://microsoft.com/schemas/VisualStudio/TeamTest/2010">
  <Times creation="2025-02-04T21:51:46.7770674+01:00" queuing="2025-02-04T21:51:46.7770680+01:00" start="2025-02-04T21:51:41.5897835+01:00" finish="2025-02-04T21:51:47.5200984+01:00" />
  <TestSettings name="default" id="ff9be95e-33fe-465f-bceb-50bfa084fd53">
    <Deployment runDeploymentRoot="User_DESKTOP-5E9MTG1_2025-02-04_21_51_46" />
  </TestSettings>
  <Results>
    <UnitTestResult executionId="9dd4ed75-1597-462b-bfdf-0082292497b7" testId="1ba3a6a2-3048-ee98-8cac-456578ce17bc" testName="handle_null_context_options_throws_exception" computerName="DESKTOP-5E9MTG1" duration="00:00:00.0017823" startTime="2025-02-04T21:51:46.9859198+01:00" endTime="2025-02-04T21:51:46.9879358+01:00" testType="13cdc9d9-ddb5-4fa4-a97d-d965ccfc6d4b" outcome="Passed" testListId="8c84fa94-04c1-424b-9868-57a2d4851a1d" relativeResultsDirectory="9dd4ed75-1597-462b-bfdf-0082292497b7" />
    <UnitTestResult executionId="60ad1bd7-5054-4332-86b6-38e2b5540ec7" testId="97ec3dce-d371-19ac-021e-38edd5c10edf" testName="CompleteRoleManagementFlow_ShouldSucceed" computerName="DESKTOP-5E9MTG1" duration="00:00:03.8073441" startTime="2025-02-04T21:51:42.8798323+01:00" endTime="2025-02-04T21:51:46.7201991+01:00" testType="13cdc9d9-ddb5-4fa4-a97d-d965ccfc6d4b" outcome="Passed" testListId="8c84fa94-04c1-424b-9868-57a2d4851a1d" relativeResultsDirectory="60ad1bd7-5054-4332-86b6-38e2b5540ec7" />
    <UnitTestResult executionId="4d3f0895-25fa-4d20-93aa-0c9cb49e2e75" testId="4e24bf9f-0eea-ab65-b8b4-60c80bf74219" testName="GetUserByPhoneNumberAsync_ShouldReturnUser_WhenUserExists" computerName="DESKTOP-5E9MTG1" duration="00:00:00.0304993" startTime="2025-02-04T21:51:47.1689399+01:00" endTime="2025-02-04T21:51:47.1996949+01:00" testType="13cdc9d9-ddb5-4fa4-a97d-d965ccfc6d4b" outcome="Passed" testListId="8c84fa94-04c1-424b-9868-57a2d4851a1d" relativeResultsDirectory="4d3f0895-25fa-4d20-93aa-0c9cb49e2e75" />
    <UnitTestResult executionId="7573b8c3-851d-43f0-9bb9-7a859b60f821" testId="baef49de-de00-6939-72cd-64a39497f822" testName="GetUserByEmailAsync_ShouldReturnNull_WhenUserDoesNotExist" computerName="DESKTOP-5E9MTG1" duration="00:00:00.0029284" startTime="2025-02-04T21:51:47.0643875+01:00" endTime="2025-02-04T21:51:47.0676684+01:00" testType="13cdc9d9-ddb5-4fa4-a97d-d965ccfc6d4b" outcome="Passed" testListId="8c84fa94-04c1-424b-9868-57a2d4851a1d" relativeResultsDirectory="7573b8c3-851d-43f0-9bb9-7a859b60f821" />
    <UnitTestResult executionId="0dcff60e-9bcc-4265-9318-ecc16c216744" testId="6e9ac420-203d-ac82-511b-8145260abdee" testName="CheckAvailability_UsernameAvailable_ReturnsNoMessages" computerName="DESKTOP-5E9MTG1" duration="00:00:00.0021758" startTime="2025-02-04T21:51:46.8993926+01:00" endTime="2025-02-04T21:51:46.9017428+01:00" testType="13cdc9d9-ddb5-4fa4-a97d-d965ccfc6d4b" outcome="Passed" testListId="8c84fa94-04c1-424b-9868-57a2d4851a1d" relativeResultsDirectory="0dcff60e-9bcc-4265-9318-ecc16c216744" />
    <UnitTestResult executionId="da9e0e94-b850-4470-9e88-d417542aed05" testId="d7c4a17f-0b3c-a153-e347-4a402c9def8b" testName="GetRolesByUserIdAsync_ShouldReturnRoles_WhenUserHasRoles" computerName="DESKTOP-5E9MTG1" duration="00:00:00.0068277" startTime="2025-02-04T21:51:47.2255317+01:00" endTime="2025-02-04T21:51:47.2325525+01:00" testType="13cdc9d9-ddb5-4fa4-a97d-d965ccfc6d4b" outcome="Passed" testListId="8c84fa94-04c1-424b-9868-57a2d4851a1d" relativeResultsDirectory="da9e0e94-b850-4470-9e88-d417542aed05" />
    <UnitTestResult executionId="46937b26-c7fa-48b3-bafa-9d68e2a0b9e7" testId="fd5701a1-d9c5-0923-867b-cc0967647b90" testName="GetUserByEmailAsync_ShouldReturnUser_WhenUserExists" computerName="DESKTOP-5E9MTG1" duration="00:00:00.0177620" startTime="2025-02-04T21:51:47.2587941+01:00" endTime="2025-02-04T21:51:47.2767709+01:00" testType="13cdc9d9-ddb5-4fa4-a97d-d965ccfc6d4b" outcome="Passed" testListId="8c84fa94-04c1-424b-9868-57a2d4851a1d" relativeResultsDirectory="46937b26-c7fa-48b3-bafa-9d68e2a0b9e7" />
    <UnitTestResult executionId="9e45f3cf-0e51-4a1e-acfc-9675925086c4" testId="ca9ddfba-3d81-f766-9da2-67005f62daeb" testName="GetUserByUserNameAsync_ShouldReturnUser_WhenUserExists" computerName="DESKTOP-5E9MTG1" duration="00:00:00.0277521" startTime="2025-02-04T21:51:47.1407841+01:00" endTime="2025-02-04T21:51:47.1688248+01:00" testType="13cdc9d9-ddb5-4fa4-a97d-d965ccfc6d4b" outcome="Passed" testListId="8c84fa94-04c1-424b-9868-57a2d4851a1d" relativeResultsDirectory="9e45f3cf-0e51-4a1e-acfc-9675925086c4" />
    <UnitTestResult executionId="20bd0917-5b59-4a47-af04-efa72740dcc0" testId="a752dc08-217a-04bb-facb-9aac2ec3e88b" testName="SaveChangesAsync_CompletesSuccessfully" computerName="DESKTOP-5E9MTG1" duration="00:00:00.0023215" startTime="2025-02-04T21:51:47.3042563+01:00" endTime="2025-02-04T21:51:47.3068094+01:00" testType="13cdc9d9-ddb5-4fa4-a97d-d965ccfc6d4b" outcome="Passed" testListId="8c84fa94-04c1-424b-9868-57a2d4851a1d" relativeResultsDirectory="20bd0917-5b59-4a47-af04-efa72740dcc0" />
    <UnitTestResult executionId="0f7ad439-4db0-42e2-82b9-0a30e16eaaf6" testId="52e5d5a0-6b82-6d43-8752-2e9943a58242" testName="ContextInitializesWithInMemoryDatabase" computerName="DESKTOP-5E9MTG1" duration="00:00:00.0003355" startTime="2025-02-04T21:51:47.3068913+01:00" endTime="2025-02-04T21:51:47.3073912+01:00" testType="13cdc9d9-ddb5-4fa4-a97d-d965ccfc6d4b" outcome="Passed" testListId="8c84fa94-04c1-424b-9868-57a2d4851a1d" relativeResultsDirectory="0f7ad439-4db0-42e2-82b9-0a30e16eaaf6" />
    <UnitTestResult executionId="2e9801eb-2bce-4b31-9b4c-2fedb642d2b1" testId="d95c0fc3-5b9b-5346-b441-627830ae2b68" testName="UpdateUserAsync_ShouldUpdateUser" computerName="DESKTOP-5E9MTG1" duration="00:00:00.0102200" startTime="2025-02-04T21:51:47.1301710+01:00" endTime="2025-02-04T21:51:47.1406642+01:00" testType="13cdc9d9-ddb5-4fa4-a97d-d965ccfc6d4b" outcome="Passed" testListId="8c84fa94-04c1-424b-9868-57a2d4851a1d" relativeResultsDirectory="2e9801eb-2bce-4b31-9b4c-2fedb642d2b1" />
    <UnitTestResult executionId="10dbf858-3ed0-482a-ad33-3adf133ab5db" testId="751e710e-fc0d-d3ba-d75a-78632f7f2eb7" testName="AddUserAsync_ShouldLogAndSaveChanges" computerName="DESKTOP-5E9MTG1" duration="00:00:00.0233263" startTime="2025-02-04T21:51:47.2350834+01:00" endTime="2025-02-04T21:51:47.2586968+01:00" testType="13cdc9d9-ddb5-4fa4-a97d-d965ccfc6d4b" outcome="Passed" testListId="8c84fa94-04c1-424b-9868-57a2d4851a1d" relativeResultsDirectory="10dbf858-3ed0-482a-ad33-3adf133ab5db" />
    <UnitTestResult executionId="2f219d3a-5f95-48ed-a195-870fa4246e25" testId="c8b082a5-27d2-f23a-d277-2904cd3a52e9" testName="CheckAvailability_UsernameTaken_ReturnsMessages" computerName="DESKTOP-5E9MTG1" duration="00:00:00.0127608" startTime="2025-02-04T21:51:46.8863185+01:00" endTime="2025-02-04T21:51:46.8992743+01:00" testType="13cdc9d9-ddb5-4fa4-a97d-d965ccfc6d4b" outcome="Passed" testListId="8c84fa94-04c1-424b-9868-57a2d4851a1d" relativeResultsDirectory="2f219d3a-5f95-48ed-a195-870fa4246e25" />
    <UnitTestResult executionId="41b68c54-b6c7-4133-a0fc-dad004078cf9" testId="57b7cf17-8b55-af5c-84a8-a7b50c2d2678" testName="GetUserByEmailAsync_ShouldReturnNull_WhenUserDoesNotExist" computerName="DESKTOP-5E9MTG1" duration="00:00:00.0270865" startTime="2025-02-04T21:51:47.2768629+01:00" endTime="2025-02-04T21:51:47.3041387+01:00" testType="13cdc9d9-ddb5-4fa4-a97d-d965ccfc6d4b" outcome="Passed" testListId="8c84fa94-04c1-424b-9868-57a2d4851a1d" relativeResultsDirectory="41b68c54-b6c7-4133-a0fc-dad004078cf9" />
    <UnitTestResult executionId="528a5635-129c-4f71-a131-1f51941aab08" testId="749d4f59-99a8-c257-0f06-d901dbb280e1" testName="handle_invalid_database_name_throws_exception" computerName="DESKTOP-5E9MTG1" duration="00:00:00.0017783" startTime="2025-02-04T21:51:46.9880315+01:00" endTime="2025-02-04T21:51:46.9902576+01:00" testType="13cdc9d9-ddb5-4fa4-a97d-d965ccfc6d4b" outcome="Passed" testListId="8c84fa94-04c1-424b-9868-57a2d4851a1d" relativeResultsDirectory="528a5635-129c-4f71-a131-1f51941aab08" />
    <UnitTestResult executionId="d2702b77-607c-4c6e-a850-2ed3b71335ea" testId="36291326-1b1c-e4a2-a519-44282bcfec4d" testName="AssignRolesToUserAsync_ShouldAssignRoles_WhenRolesExist" computerName="DESKTOP-5E9MTG1" duration="00:00:00.0104191" startTime="2025-02-04T21:51:47.1997915+01:00" endTime="2025-02-04T21:51:47.2104669+01:00" testType="13cdc9d9-ddb5-4fa4-a97d-d965ccfc6d4b" outcome="Passed" testListId="8c84fa94-04c1-424b-9868-57a2d4851a1d" relativeResultsDirectory="d2702b77-607c-4c6e-a850-2ed3b71335ea" />
    <UnitTestResult executionId="ef867a8b-d186-46ef-bb2c-1166b9c3371e" testId="a9bbc64b-6c36-56f8-8fe3-cf9770a86971" testName="GetUserByIdAsync_ShouldReturnUser_WhenUserExists" computerName="DESKTOP-5E9MTG1" duration="00:00:00.0308289" startTime="2025-02-04T21:51:47.0677805+01:00" endTime="2025-02-04T21:51:47.0989350+01:00" testType="13cdc9d9-ddb5-4fa4-a97d-d965ccfc6d4b" outcome="Passed" testListId="8c84fa94-04c1-424b-9868-57a2d4851a1d" relativeResultsDirectory="ef867a8b-d186-46ef-bb2c-1166b9c3371e" />
    <UnitTestResult executionId="91c97c29-4125-4c07-ad80-f0cba39e481c" testId="cd877712-f446-be07-90ba-7be95dd82230" testName="CascadeDelete_ShouldRemoveUserRoles_WhenUserIsDeleted" computerName="DESKTOP-5E9MTG1" duration="00:00:00.0972865" startTime="2025-02-04T21:51:46.7495803+01:00" endTime="2025-02-04T21:51:46.8475951+01:00" testType="13cdc9d9-ddb5-4fa4-a97d-d965ccfc6d4b" outcome="Passed" testListId="8c84fa94-04c1-424b-9868-57a2d4851a1d" relativeResultsDirectory="91c97c29-4125-4c07-ad80-f0cba39e481c" />
    <UnitTestResult executionId="883102fe-aa11-492b-b321-2df5aafe4941" testId="89640849-ce9a-7557-fb0e-f8647c1da9e3" testName="InitializeMockLoggerForUserRepository" computerName="DESKTOP-5E9MTG1" duration="00:00:00.0004021" startTime="2025-02-04T21:51:47.3863737+01:00" endTime="2025-02-04T21:51:47.4006411+01:00" testType="13cdc9d9-ddb5-4fa4-a97d-d965ccfc6d4b" outcome="Passed" testListId="8c84fa94-04c1-424b-9868-57a2d4851a1d" relativeResultsDirectory="883102fe-aa11-492b-b321-2df5aafe4941" />
    <UnitTestResult executionId="917a236a-6e5d-4dd2-b830-fd0d8e27faba" testId="d5b473e6-9454-2cf2-3a3c-92deae82e5b9" testName="AddUserAsync_ShouldAddUser" computerName="DESKTOP-5E9MTG1" duration="00:00:00.0049929" startTime="2025-02-04T21:51:47.1243191+01:00" endTime="2025-02-04T21:51:47.1298628+01:00" testType="13cdc9d9-ddb5-4fa4-a97d-d965ccfc6d4b" outcome="Passed" testListId="8c84fa94-04c1-424b-9868-57a2d4851a1d" relativeResultsDirectory="917a236a-6e5d-4dd2-b830-fd0d8e27faba" />
    <UnitTestResult executionId="0b9db55b-4a44-4534-a62a-ace797e5192c" testId="b40d2ee4-eff1-c0b6-107b-21589dc6cf09" testName="AssignRolesToUserAsync_ShouldThrowException_WhenRoleDoesNotExist" computerName="DESKTOP-5E9MTG1" duration="00:00:00.0057601" startTime="2025-02-04T21:51:47.2105903+01:00" endTime="2025-02-04T21:51:47.2169877+01:00" testType="13cdc9d9-ddb5-4fa4-a97d-d965ccfc6d4b" outcome="Passed" testListId="8c84fa94-04c1-424b-9868-57a2d4851a1d" relativeResultsDirectory="0b9db55b-4a44-4534-a62a-ace797e5192c" />
    <UnitTestResult executionId="9595dd80-1992-4323-9cf8-cfca6818d812" testId="c0c47d89-bbbe-d55f-688c-61e9a03495d4" testName="GetUserByEmailAsync_ShouldReturnUser_WhenUserExists" computerName="DESKTOP-5E9MTG1" duration="00:00:00.0638083" startTime="2025-02-04T21:51:46.9903389+01:00" endTime="2025-02-04T21:51:47.0543694+01:00" testType="13cdc9d9-ddb5-4fa4-a97d-d965ccfc6d4b" outcome="Passed" testListId="8c84fa94-04c1-424b-9868-57a2d4851a1d" relativeResultsDirectory="9595dd80-1992-4323-9cf8-cfca6818d812" />
    <UnitTestResult executionId="37baf956-f39b-4f6d-994f-35db52c6bb9c" testId="f9143d72-d4ae-f69b-d07f-62ccd78b6213" testName="GetAllUsers_ReturnsOkWithUsers" computerName="DESKTOP-5E9MTG1" duration="00:00:00.0373475" startTime="2025-02-04T21:51:46.8484266+01:00" endTime="2025-02-04T21:51:46.8861451+01:00" testType="13cdc9d9-ddb5-4fa4-a97d-d965ccfc6d4b" outcome="Passed" testListId="8c84fa94-04c1-424b-9868-57a2d4851a1d" relativeResultsDirectory="37baf956-f39b-4f6d-994f-35db52c6bb9c" />
    <UnitTestResult executionId="d7f0e9c3-9d84-4784-b2df-1ff5b8cd1839" testId="7df8e149-97c1-4416-d662-56097ab8526a" testName="GetRolesByUserIdAsync_ShouldReturnEmptyList_WhenUserHasNoRoles" computerName="DESKTOP-5E9MTG1" duration="00:00:00.0021001" startTime="2025-02-04T21:51:47.2326940+01:00" endTime="2025-02-04T21:51:47.2350050+01:00" testType="13cdc9d9-ddb5-4fa4-a97d-d965ccfc6d4b" outcome="Passed" testListId="8c84fa94-04c1-424b-9868-57a2d4851a1d" relativeResultsDirectory="d7f0e9c3-9d84-4784-b2df-1ff5b8cd1839" />
    <UnitTestResult executionId="e9e9bc71-fff9-4088-a5f0-e071c847802d" testId="6c84fd6b-b951-9caf-b632-ed552763edfd" testName="HandleDuplicateInitializationOfUserRepository" computerName="DESKTOP-5E9MTG1" duration="00:00:00.0763102" startTime="2025-02-04T21:51:47.3074448+01:00" endTime="2025-02-04T21:51:47.3839565+01:00" testType="13cdc9d9-ddb5-4fa4-a97d-d965ccfc6d4b" outcome="Passed" testListId="8c84fa94-04c1-424b-9868-57a2d4851a1d" relativeResultsDirectory="e9e9bc71-fff9-4088-a5f0-e071c847802d" />
    <UnitTestResult executionId="d29130bd-012b-4557-ad98-37dfcb8eb43a" testId="45bae863-9364-c702-6f6a-3938e34061ee" testName="RemoveRolesFromUserAsync_ShouldRemoveRoles_WhenRolesExist" computerName="DESKTOP-5E9MTG1" duration="00:00:00.0052199" startTime="2025-02-04T21:51:47.2199536+01:00" endTime="2025-02-04T21:51:47.2254427+01:00" testType="13cdc9d9-ddb5-4fa4-a97d-d965ccfc6d4b" outcome="Passed" testListId="8c84fa94-04c1-424b-9868-57a2d4851a1d" relativeResultsDirectory="d29130bd-012b-4557-ad98-37dfcb8eb43a" />
    <UnitTestResult executionId="cfa4a139-1ccc-4168-ad56-39fa13503889" testId="73db3971-f82f-de3f-8734-b8990916c7f3" testName="initialize_mock_logger_for_user_repository" computerName="DESKTOP-5E9MTG1" duration="00:00:00.0007339" startTime="2025-02-04T21:51:46.9626292+01:00" endTime="2025-02-04T21:51:46.9858264+01:00" testType="13cdc9d9-ddb5-4fa4-a97d-d965ccfc6d4b" outcome="Passed" testListId="8c84fa94-04c1-424b-9868-57a2d4851a1d" relativeResultsDirectory="cfa4a139-1ccc-4168-ad56-39fa13503889" />
    <UnitTestResult executionId="761f4caa-0e08-462c-adcc-9a55917ced1e" testId="d804816e-265f-e41e-74cb-89ab5435acd9" testName="HandleInvalidDatabaseName_ThrowsException" computerName="DESKTOP-5E9MTG1" duration="00:00:00.0005353" startTime="2025-02-04T21:51:47.3855533+01:00" endTime="2025-02-04T21:51:47.3862835+01:00" testType="13cdc9d9-ddb5-4fa4-a97d-d965ccfc6d4b" outcome="Passed" testListId="8c84fa94-04c1-424b-9868-57a2d4851a1d" relativeResultsDirectory="761f4caa-0e08-462c-adcc-9a55917ced1e" />
    <UnitTestResult executionId="e6a22e05-07bf-4f47-8c9a-a6ff45bd2eb7" testId="ca3cefb5-cdf1-d311-b21a-39e4d7aaec90" testName="GetAllUsersAsync_ShouldReturnAllUsers" computerName="DESKTOP-5E9MTG1" duration="00:00:00.0248282" startTime="2025-02-04T21:51:47.0990475+01:00" endTime="2025-02-04T21:51:47.1241838+01:00" testType="13cdc9d9-ddb5-4fa4-a97d-d965ccfc6d4b" outcome="Passed" testListId="8c84fa94-04c1-424b-9868-57a2d4851a1d" relativeResultsDirectory="e6a22e05-07bf-4f47-8c9a-a6ff45bd2eb7" />
    <UnitTestResult executionId="7191299c-2532-4c23-976b-8aef58d0f634" testId="ba20961b-6799-d652-45b7-03c3d3864402" testName="DeleteUserAsync_ShouldCallRepository_WhenUserExists" computerName="DESKTOP-5E9MTG1" duration="00:00:00.0589225" startTime="2025-02-04T21:51:46.9018176+01:00" endTime="2025-02-04T21:51:46.9622590+01:00" testType="13cdc9d9-ddb5-4fa4-a97d-d965ccfc6d4b" outcome="Passed" testListId="8c84fa94-04c1-424b-9868-57a2d4851a1d" relativeResultsDirectory="7191299c-2532-4c23-976b-8aef58d0f634" />
  </Results>
  <TestDefinitions>
    <UnitTest name="GetUserByEmailAsync_ShouldReturnUser_WhenUserExists" storage="e:\asafarim\asafarim.test\bin\debug\net9.0\asafarim.test.dll" id="c0c47d89-bbbe-d55f-688c-61e9a03495d4">
      <Execution id="9595dd80-1992-4323-9cf8-cfca6818d812" />
      <TestMethod codeBase="E:\ASafariM\ASafariM.Test\bin\Debug\net9.0\ASafariM.Test.dll" adapterTypeName="executor://mstestadapter/v2" className="ASafariM.Test.InfrastructureTests.Repository.UserRepositoryTests" name="GetUserByEmailAsync_ShouldReturnUser_WhenUserExists" />
    </UnitTest>
    <UnitTest name="handle_invalid_database_name_throws_exception" storage="e:\asafarim\asafarim.test\bin\debug\net9.0\asafarim.test.dll" id="749d4f59-99a8-c257-0f06-d901dbb280e1">
      <Execution id="528a5635-129c-4f71-a131-1f51941aab08" />
      <TestMethod codeBase="E:\ASafariM\ASafariM.Test\bin\Debug\net9.0\ASafariM.Test.dll" adapterTypeName="executor://mstestadapter/v2" className="ASafariM.Test.InfrastructureTests.Repository.UserRepositoryTests" name="handle_invalid_database_name_throws_exception" />
    </UnitTest>
    <UnitTest name="GetUserByIdAsync_ShouldReturnUser_WhenUserExists" storage="e:\asafarim\asafarim.test\bin\debug\net9.0\asafarim.test.dll" id="a9bbc64b-6c36-56f8-8fe3-cf9770a86971">
      <Execution id="ef867a8b-d186-46ef-bb2c-1166b9c3371e" />
      <TestMethod codeBase="E:\ASafariM\ASafariM.Test\bin\Debug\net9.0\ASafariM.Test.dll" adapterTypeName="executor://mstestadapter/v2" className="ASafariM.Test.InfrastructureTests.Repository.UserRepositoryTests" name="GetUserByIdAsync_ShouldReturnUser_WhenUserExists" />
    </UnitTest>
    <UnitTest name="UpdateUserAsync_ShouldUpdateUser" storage="e:\asafarim\asafarim.test\bin\debug\net9.0\asafarim.test.dll" id="d95c0fc3-5b9b-5346-b441-627830ae2b68">
      <Execution id="2e9801eb-2bce-4b31-9b4c-2fedb642d2b1" />
      <TestMethod codeBase="E:\ASafariM\ASafariM.Test\bin\Debug\net9.0\ASafariM.Test.dll" adapterTypeName="executor://mstestadapter/v2" className="ASafariM.Test.InfrastructureTests.Repository.UserRepositoryTests" name="UpdateUserAsync_ShouldUpdateUser" />
    </UnitTest>
    <UnitTest name="AddUserAsync_ShouldAddUser" storage="e:\asafarim\asafarim.test\bin\debug\net9.0\asafarim.test.dll" id="d5b473e6-9454-2cf2-3a3c-92deae82e5b9">
      <Execution id="917a236a-6e5d-4dd2-b830-fd0d8e27faba" />
      <TestMethod codeBase="E:\ASafariM\ASafariM.Test\bin\Debug\net9.0\ASafariM.Test.dll" adapterTypeName="executor://mstestadapter/v2" className="ASafariM.Test.InfrastructureTests.Repository.UserRepositoryTests" name="AddUserAsync_ShouldAddUser" />
    </UnitTest>
    <UnitTest name="AddUserAsync_ShouldLogAndSaveChanges" storage="e:\asafarim\asafarim.test\bin\debug\net9.0\asafarim.test.dll" id="751e710e-fc0d-d3ba-d75a-78632f7f2eb7">
      <Execution id="10dbf858-3ed0-482a-ad33-3adf133ab5db" />
      <TestMethod codeBase="E:\ASafariM\ASafariM.Test\bin\Debug\net9.0\ASafariM.Test.dll" adapterTypeName="executor://mstestadapter/v2" className="ASafariM.Test.DomainTests.Persistence.AppDbContextTests" name="AddUserAsync_ShouldLogAndSaveChanges" />
    </UnitTest>
    <UnitTest name="GetRolesByUserIdAsync_ShouldReturnRoles_WhenUserHasRoles" storage="e:\asafarim\asafarim.test\bin\debug\net9.0\asafarim.test.dll" id="d7c4a17f-0b3c-a153-e347-4a402c9def8b">
      <Execution id="da9e0e94-b850-4470-9e88-d417542aed05" />
      <TestMethod codeBase="E:\ASafariM\ASafariM.Test\bin\Debug\net9.0\ASafariM.Test.dll" adapterTypeName="executor://mstestadapter/v2" className="ASafariM.Test.InfrastructureTests.Repository.UserRepositoryTests" name="GetRolesByUserIdAsync_ShouldReturnRoles_WhenUserHasRoles" />
    </UnitTest>
    <UnitTest name="SaveChangesAsync_CompletesSuccessfully" storage="e:\asafarim\asafarim.test\bin\debug\net9.0\asafarim.test.dll" id="a752dc08-217a-04bb-facb-9aac2ec3e88b">
      <Execution id="20bd0917-5b59-4a47-af04-efa72740dcc0" />
      <TestMethod codeBase="E:\ASafariM\ASafariM.Test\bin\Debug\net9.0\ASafariM.Test.dll" adapterTypeName="executor://mstestadapter/v2" className="ASafariM.Test.DomainTests.Persistence.AppDbContextTests" name="SaveChangesAsync_CompletesSuccessfully" />
    </UnitTest>
    <UnitTest name="GetUserByPhoneNumberAsync_ShouldReturnUser_WhenUserExists" storage="e:\asafarim\asafarim.test\bin\debug\net9.0\asafarim.test.dll" id="4e24bf9f-0eea-ab65-b8b4-60c80bf74219">
      <Execution id="4d3f0895-25fa-4d20-93aa-0c9cb49e2e75" />
      <TestMethod codeBase="E:\ASafariM\ASafariM.Test\bin\Debug\net9.0\ASafariM.Test.dll" adapterTypeName="executor://mstestadapter/v2" className="ASafariM.Test.InfrastructureTests.Repository.UserRepositoryTests" name="GetUserByPhoneNumberAsync_ShouldReturnUser_WhenUserExists" />
    </UnitTest>
    <UnitTest name="GetRolesByUserIdAsync_ShouldReturnEmptyList_WhenUserHasNoRoles" storage="e:\asafarim\asafarim.test\bin\debug\net9.0\asafarim.test.dll" id="7df8e149-97c1-4416-d662-56097ab8526a">
      <Execution id="d7f0e9c3-9d84-4784-b2df-1ff5b8cd1839" />
      <TestMethod codeBase="E:\ASafariM\ASafariM.Test\bin\Debug\net9.0\ASafariM.Test.dll" adapterTypeName="executor://mstestadapter/v2" className="ASafariM.Test.InfrastructureTests.Repository.UserRepositoryTests" name="GetRolesByUserIdAsync_ShouldReturnEmptyList_WhenUserHasNoRoles" />
    </UnitTest>
    <UnitTest name="DeleteUserAsync_ShouldCallRepository_WhenUserExists" storage="e:\asafarim\asafarim.test\bin\debug\net9.0\asafarim.test.dll" id="ba20961b-6799-d652-45b7-03c3d3864402">
      <Execution id="7191299c-2532-4c23-976b-8aef58d0f634" />
      <TestMethod codeBase="E:\ASafariM\ASafariM.Test\bin\Debug\net9.0\ASafariM.Test.dll" adapterTypeName="executor://mstestadapter/v2" className="ASafariM.Test.InfrastructureTests.Services.UserServiceTests" name="DeleteUserAsync_ShouldCallRepository_WhenUserExists" />
    </UnitTest>
    <UnitTest name="HandleInvalidDatabaseName_ThrowsException" storage="e:\asafarim\asafarim.test\bin\debug\net9.0\asafarim.test.dll" id="d804816e-265f-e41e-74cb-89ab5435acd9">
      <Execution id="761f4caa-0e08-462c-adcc-9a55917ced1e" />
      <TestMethod codeBase="E:\ASafariM\ASafariM.Test\bin\Debug\net9.0\ASafariM.Test.dll" adapterTypeName="executor://mstestadapter/v2" className="ASafariM.Test.DomainTests.Persistence.AppDbContextTests" name="HandleInvalidDatabaseName_ThrowsException" />
    </UnitTest>
    <UnitTest name="InitializeMockLoggerForUserRepository" storage="e:\asafarim\asafarim.test\bin\debug\net9.0\asafarim.test.dll" id="89640849-ce9a-7557-fb0e-f8647c1da9e3">
      <Execution id="883102fe-aa11-492b-b321-2df5aafe4941" />
      <TestMethod codeBase="E:\ASafariM\ASafariM.Test\bin\Debug\net9.0\ASafariM.Test.dll" adapterTypeName="executor://mstestadapter/v2" className="ASafariM.Test.DomainTests.Persistence.AppDbContextTests" name="InitializeMockLoggerForUserRepository" />
    </UnitTest>
    <UnitTest name="GetUserByUserNameAsync_ShouldReturnUser_WhenUserExists" storage="e:\asafarim\asafarim.test\bin\debug\net9.0\asafarim.test.dll" id="ca9ddfba-3d81-f766-9da2-67005f62daeb">
      <Execution id="9e45f3cf-0e51-4a1e-acfc-9675925086c4" />
      <TestMethod codeBase="E:\ASafariM\ASafariM.Test\bin\Debug\net9.0\ASafariM.Test.dll" adapterTypeName="executor://mstestadapter/v2" className="ASafariM.Test.InfrastructureTests.Repository.UserRepositoryTests" name="GetUserByUserNameAsync_ShouldReturnUser_WhenUserExists" />
    </UnitTest>
    <UnitTest name="GetAllUsersAsync_ShouldReturnAllUsers" storage="e:\asafarim\asafarim.test\bin\debug\net9.0\asafarim.test.dll" id="ca3cefb5-cdf1-d311-b21a-39e4d7aaec90">
      <Execution id="e6a22e05-07bf-4f47-8c9a-a6ff45bd2eb7" />
      <TestMethod codeBase="E:\ASafariM\ASafariM.Test\bin\Debug\net9.0\ASafariM.Test.dll" adapterTypeName="executor://mstestadapter/v2" className="ASafariM.Test.InfrastructureTests.Repository.UserRepositoryTests" name="GetAllUsersAsync_ShouldReturnAllUsers" />
    </UnitTest>
    <UnitTest name="AssignRolesToUserAsync_ShouldAssignRoles_WhenRolesExist" storage="e:\asafarim\asafarim.test\bin\debug\net9.0\asafarim.test.dll" id="36291326-1b1c-e4a2-a519-44282bcfec4d">
      <Execution id="d2702b77-607c-4c6e-a850-2ed3b71335ea" />
      <TestMethod codeBase="E:\ASafariM\ASafariM.Test\bin\Debug\net9.0\ASafariM.Test.dll" adapterTypeName="executor://mstestadapter/v2" className="ASafariM.Test.InfrastructureTests.Repository.UserRepositoryTests" name="AssignRolesToUserAsync_ShouldAssignRoles_WhenRolesExist" />
    </UnitTest>
    <UnitTest name="ContextInitializesWithInMemoryDatabase" storage="e:\asafarim\asafarim.test\bin\debug\net9.0\asafarim.test.dll" id="52e5d5a0-6b82-6d43-8752-2e9943a58242">
      <Execution id="0f7ad439-4db0-42e2-82b9-0a30e16eaaf6" />
      <TestMethod codeBase="E:\ASafariM\ASafariM.Test\bin\Debug\net9.0\ASafariM.Test.dll" adapterTypeName="executor://mstestadapter/v2" className="ASafariM.Test.DomainTests.Persistence.AppDbContextTests" name="ContextInitializesWithInMemoryDatabase" />
    </UnitTest>
    <UnitTest name="CascadeDelete_ShouldRemoveUserRoles_WhenUserIsDeleted" storage="e:\asafarim\asafarim.test\bin\debug\net9.0\asafarim.test.dll" id="cd877712-f446-be07-90ba-7be95dd82230">
      <Execution id="91c97c29-4125-4c07-ad80-f0cba39e481c" />
      <TestMethod codeBase="E:\ASafariM\ASafariM.Test\bin\Debug\net9.0\ASafariM.Test.dll" adapterTypeName="executor://mstestadapter/v2" className="ASafariM.Test.PresentationTests.Controllers.UserRolesControllerIntegrationTests" name="CascadeDelete_ShouldRemoveUserRoles_WhenUserIsDeleted" />
    </UnitTest>
    <UnitTest name="CheckAvailability_UsernameAvailable_ReturnsNoMessages" storage="e:\asafarim\asafarim.test\bin\debug\net9.0\asafarim.test.dll" id="6e9ac420-203d-ac82-511b-8145260abdee">
      <Execution id="0dcff60e-9bcc-4265-9318-ecc16c216744" />
      <TestMethod codeBase="E:\ASafariM\ASafariM.Test\bin\Debug\net9.0\ASafariM.Test.dll" adapterTypeName="executor://mstestadapter/v2" className="ASafariM.Test.PresentationTests.Controllers.UsersControllerTests" name="CheckAvailability_UsernameAvailable_ReturnsNoMessages" />
    </UnitTest>
    <UnitTest name="GetUserByEmailAsync_ShouldReturnNull_WhenUserDoesNotExist" storage="e:\asafarim\asafarim.test\bin\debug\net9.0\asafarim.test.dll" id="baef49de-de00-6939-72cd-64a39497f822">
      <Execution id="7573b8c3-851d-43f0-9bb9-7a859b60f821" />
      <TestMethod codeBase="E:\ASafariM\ASafariM.Test\bin\Debug\net9.0\ASafariM.Test.dll" adapterTypeName="executor://mstestadapter/v2" className="ASafariM.Test.InfrastructureTests.Repository.UserRepositoryTests" name="GetUserByEmailAsync_ShouldReturnNull_WhenUserDoesNotExist" />
    </UnitTest>
    <UnitTest name="AssignRolesToUserAsync_ShouldThrowException_WhenRoleDoesNotExist" storage="e:\asafarim\asafarim.test\bin\debug\net9.0\asafarim.test.dll" id="b40d2ee4-eff1-c0b6-107b-21589dc6cf09">
      <Execution id="0b9db55b-4a44-4534-a62a-ace797e5192c" />
      <TestMethod codeBase="E:\ASafariM\ASafariM.Test\bin\Debug\net9.0\ASafariM.Test.dll" adapterTypeName="executor://mstestadapter/v2" className="ASafariM.Test.InfrastructureTests.Repository.UserRepositoryTests" name="AssignRolesToUserAsync_ShouldThrowException_WhenRoleDoesNotExist" />
    </UnitTest>
    <UnitTest name="GetAllUsers_ReturnsOkWithUsers" storage="e:\asafarim\asafarim.test\bin\debug\net9.0\asafarim.test.dll" id="f9143d72-d4ae-f69b-d07f-62ccd78b6213">
      <Execution id="37baf956-f39b-4f6d-994f-35db52c6bb9c" />
      <TestMethod codeBase="E:\ASafariM\ASafariM.Test\bin\Debug\net9.0\ASafariM.Test.dll" adapterTypeName="executor://mstestadapter/v2" className="ASafariM.Test.PresentationTests.Controllers.UsersControllerTests" name="GetAllUsers_ReturnsOkWithUsers" />
    </UnitTest>
    <UnitTest name="HandleDuplicateInitializationOfUserRepository" storage="e:\asafarim\asafarim.test\bin\debug\net9.0\asafarim.test.dll" id="6c84fd6b-b951-9caf-b632-ed552763edfd">
      <Execution id="e9e9bc71-fff9-4088-a5f0-e071c847802d" />
      <TestMethod codeBase="E:\ASafariM\ASafariM.Test\bin\Debug\net9.0\ASafariM.Test.dll" adapterTypeName="executor://mstestadapter/v2" className="ASafariM.Test.DomainTests.Persistence.AppDbContextTests" name="HandleDuplicateInitializationOfUserRepository" />
    </UnitTest>
    <UnitTest name="CheckAvailability_UsernameTaken_ReturnsMessages" storage="e:\asafarim\asafarim.test\bin\debug\net9.0\asafarim.test.dll" id="c8b082a5-27d2-f23a-d277-2904cd3a52e9">
      <Execution id="2f219d3a-5f95-48ed-a195-870fa4246e25" />
      <TestMethod codeBase="E:\ASafariM\ASafariM.Test\bin\Debug\net9.0\ASafariM.Test.dll" adapterTypeName="executor://mstestadapter/v2" className="ASafariM.Test.PresentationTests.Controllers.UsersControllerTests" name="CheckAvailability_UsernameTaken_ReturnsMessages" />
    </UnitTest>
    <UnitTest name="RemoveRolesFromUserAsync_ShouldRemoveRoles_WhenRolesExist" storage="e:\asafarim\asafarim.test\bin\debug\net9.0\asafarim.test.dll" id="45bae863-9364-c702-6f6a-3938e34061ee">
      <Execution id="d29130bd-012b-4557-ad98-37dfcb8eb43a" />
      <TestMethod codeBase="E:\ASafariM\ASafariM.Test\bin\Debug\net9.0\ASafariM.Test.dll" adapterTypeName="executor://mstestadapter/v2" className="ASafariM.Test.InfrastructureTests.Repository.UserRepositoryTests" name="RemoveRolesFromUserAsync_ShouldRemoveRoles_WhenRolesExist" />
    </UnitTest>
    <UnitTest name="GetUserByEmailAsync_ShouldReturnNull_WhenUserDoesNotExist" storage="e:\asafarim\asafarim.test\bin\debug\net9.0\asafarim.test.dll" id="57b7cf17-8b55-af5c-84a8-a7b50c2d2678">
      <Execution id="41b68c54-b6c7-4133-a0fc-dad004078cf9" />
      <TestMethod codeBase="E:\ASafariM\ASafariM.Test\bin\Debug\net9.0\ASafariM.Test.dll" adapterTypeName="executor://mstestadapter/v2" className="ASafariM.Test.DomainTests.Persistence.AppDbContextTests" name="GetUserByEmailAsync_ShouldReturnNull_WhenUserDoesNotExist" />
    </UnitTest>
    <UnitTest name="GetUserByEmailAsync_ShouldReturnUser_WhenUserExists" storage="e:\asafarim\asafarim.test\bin\debug\net9.0\asafarim.test.dll" id="fd5701a1-d9c5-0923-867b-cc0967647b90">
      <Execution id="46937b26-c7fa-48b3-bafa-9d68e2a0b9e7" />
      <TestMethod codeBase="E:\ASafariM\ASafariM.Test\bin\Debug\net9.0\ASafariM.Test.dll" adapterTypeName="executor://mstestadapter/v2" className="ASafariM.Test.DomainTests.Persistence.AppDbContextTests" name="GetUserByEmailAsync_ShouldReturnUser_WhenUserExists" />
    </UnitTest>
    <UnitTest name="handle_null_context_options_throws_exception" storage="e:\asafarim\asafarim.test\bin\debug\net9.0\asafarim.test.dll" id="1ba3a6a2-3048-ee98-8cac-456578ce17bc">
      <Execution id="9dd4ed75-1597-462b-bfdf-0082292497b7" />
      <TestMethod codeBase="E:\ASafariM\ASafariM.Test\bin\Debug\net9.0\ASafariM.Test.dll" adapterTypeName="executor://mstestadapter/v2" className="ASafariM.Test.InfrastructureTests.Repository.UserRepositoryTests" name="handle_null_context_options_throws_exception" />
    </UnitTest>
    <UnitTest name="initialize_mock_logger_for_user_repository" storage="e:\asafarim\asafarim.test\bin\debug\net9.0\asafarim.test.dll" id="73db3971-f82f-de3f-8734-b8990916c7f3">
      <Execution id="cfa4a139-1ccc-4168-ad56-39fa13503889" />
      <TestMethod codeBase="E:\ASafariM\ASafariM.Test\bin\Debug\net9.0\ASafariM.Test.dll" adapterTypeName="executor://mstestadapter/v2" className="ASafariM.Test.InfrastructureTests.Repository.UserRepositoryTests" name="initialize_mock_logger_for_user_repository" />
    </UnitTest>
    <UnitTest name="CompleteRoleManagementFlow_ShouldSucceed" storage="e:\asafarim\asafarim.test\bin\debug\net9.0\asafarim.test.dll" id="97ec3dce-d371-19ac-021e-38edd5c10edf">
      <Execution id="60ad1bd7-5054-4332-86b6-38e2b5540ec7" />
      <TestMethod codeBase="E:\ASafariM\ASafariM.Test\bin\Debug\net9.0\ASafariM.Test.dll" adapterTypeName="executor://mstestadapter/v2" className="ASafariM.Test.PresentationTests.Controllers.UserRolesControllerIntegrationTests" name="CompleteRoleManagementFlow_ShouldSucceed" />
    </UnitTest>
  </TestDefinitions>
  <TestEntries>
    <TestEntry testId="1ba3a6a2-3048-ee98-8cac-456578ce17bc" executionId="9dd4ed75-1597-462b-bfdf-0082292497b7" testListId="8c84fa94-04c1-424b-9868-57a2d4851a1d" />
    <TestEntry testId="97ec3dce-d371-19ac-021e-38edd5c10edf" executionId="60ad1bd7-5054-4332-86b6-38e2b5540ec7" testListId="8c84fa94-04c1-424b-9868-57a2d4851a1d" />
    <TestEntry testId="4e24bf9f-0eea-ab65-b8b4-60c80bf74219" executionId="4d3f0895-25fa-4d20-93aa-0c9cb49e2e75" testListId="8c84fa94-04c1-424b-9868-57a2d4851a1d" />
    <TestEntry testId="baef49de-de00-6939-72cd-64a39497f822" executionId="7573b8c3-851d-43f0-9bb9-7a859b60f821" testListId="8c84fa94-04c1-424b-9868-57a2d4851a1d" />
    <TestEntry testId="6e9ac420-203d-ac82-511b-8145260abdee" executionId="0dcff60e-9bcc-4265-9318-ecc16c216744" testListId="8c84fa94-04c1-424b-9868-57a2d4851a1d" />
    <TestEntry testId="d7c4a17f-0b3c-a153-e347-4a402c9def8b" executionId="da9e0e94-b850-4470-9e88-d417542aed05" testListId="8c84fa94-04c1-424b-9868-57a2d4851a1d" />
    <TestEntry testId="fd5701a1-d9c5-0923-867b-cc0967647b90" executionId="46937b26-c7fa-48b3-bafa-9d68e2a0b9e7" testListId="8c84fa94-04c1-424b-9868-57a2d4851a1d" />
    <TestEntry testId="ca9ddfba-3d81-f766-9da2-67005f62daeb" executionId="9e45f3cf-0e51-4a1e-acfc-9675925086c4" testListId="8c84fa94-04c1-424b-9868-57a2d4851a1d" />
    <TestEntry testId="a752dc08-217a-04bb-facb-9aac2ec3e88b" executionId="20bd0917-5b59-4a47-af04-efa72740dcc0" testListId="8c84fa94-04c1-424b-9868-57a2d4851a1d" />
    <TestEntry testId="52e5d5a0-6b82-6d43-8752-2e9943a58242" executionId="0f7ad439-4db0-42e2-82b9-0a30e16eaaf6" testListId="8c84fa94-04c1-424b-9868-57a2d4851a1d" />
    <TestEntry testId="d95c0fc3-5b9b-5346-b441-627830ae2b68" executionId="2e9801eb-2bce-4b31-9b4c-2fedb642d2b1" testListId="8c84fa94-04c1-424b-9868-57a2d4851a1d" />
    <TestEntry testId="751e710e-fc0d-d3ba-d75a-78632f7f2eb7" executionId="10dbf858-3ed0-482a-ad33-3adf133ab5db" testListId="8c84fa94-04c1-424b-9868-57a2d4851a1d" />
    <TestEntry testId="c8b082a5-27d2-f23a-d277-2904cd3a52e9" executionId="2f219d3a-5f95-48ed-a195-870fa4246e25" testListId="8c84fa94-04c1-424b-9868-57a2d4851a1d" />
    <TestEntry testId="57b7cf17-8b55-af5c-84a8-a7b50c2d2678" executionId="41b68c54-b6c7-4133-a0fc-dad004078cf9" testListId="8c84fa94-04c1-424b-9868-57a2d4851a1d" />
    <TestEntry testId="749d4f59-99a8-c257-0f06-d901dbb280e1" executionId="528a5635-129c-4f71-a131-1f51941aab08" testListId="8c84fa94-04c1-424b-9868-57a2d4851a1d" />
    <TestEntry testId="36291326-1b1c-e4a2-a519-44282bcfec4d" executionId="d2702b77-607c-4c6e-a850-2ed3b71335ea" testListId="8c84fa94-04c1-424b-9868-57a2d4851a1d" />
    <TestEntry testId="a9bbc64b-6c36-56f8-8fe3-cf9770a86971" executionId="ef867a8b-d186-46ef-bb2c-1166b9c3371e" testListId="8c84fa94-04c1-424b-9868-57a2d4851a1d" />
    <TestEntry testId="cd877712-f446-be07-90ba-7be95dd82230" executionId="91c97c29-4125-4c07-ad80-f0cba39e481c" testListId="8c84fa94-04c1-424b-9868-57a2d4851a1d" />
    <TestEntry testId="89640849-ce9a-7557-fb0e-f8647c1da9e3" executionId="883102fe-aa11-492b-b321-2df5aafe4941" testListId="8c84fa94-04c1-424b-9868-57a2d4851a1d" />
    <TestEntry testId="d5b473e6-9454-2cf2-3a3c-92deae82e5b9" executionId="917a236a-6e5d-4dd2-b830-fd0d8e27faba" testListId="8c84fa94-04c1-424b-9868-57a2d4851a1d" />
    <TestEntry testId="b40d2ee4-eff1-c0b6-107b-21589dc6cf09" executionId="0b9db55b-4a44-4534-a62a-ace797e5192c" testListId="8c84fa94-04c1-424b-9868-57a2d4851a1d" />
    <TestEntry testId="c0c47d89-bbbe-d55f-688c-61e9a03495d4" executionId="9595dd80-1992-4323-9cf8-cfca6818d812" testListId="8c84fa94-04c1-424b-9868-57a2d4851a1d" />
    <TestEntry testId="f9143d72-d4ae-f69b-d07f-62ccd78b6213" executionId="37baf956-f39b-4f6d-994f-35db52c6bb9c" testListId="8c84fa94-04c1-424b-9868-57a2d4851a1d" />
    <TestEntry testId="7df8e149-97c1-4416-d662-56097ab8526a" executionId="d7f0e9c3-9d84-4784-b2df-1ff5b8cd1839" testListId="8c84fa94-04c1-424b-9868-57a2d4851a1d" />
    <TestEntry testId="6c84fd6b-b951-9caf-b632-ed552763edfd" executionId="e9e9bc71-fff9-4088-a5f0-e071c847802d" testListId="8c84fa94-04c1-424b-9868-57a2d4851a1d" />
    <TestEntry testId="45bae863-9364-c702-6f6a-3938e34061ee" executionId="d29130bd-012b-4557-ad98-37dfcb8eb43a" testListId="8c84fa94-04c1-424b-9868-57a2d4851a1d" />
    <TestEntry testId="73db3971-f82f-de3f-8734-b8990916c7f3" executionId="cfa4a139-1ccc-4168-ad56-39fa13503889" testListId="8c84fa94-04c1-424b-9868-57a2d4851a1d" />
    <TestEntry testId="d804816e-265f-e41e-74cb-89ab5435acd9" executionId="761f4caa-0e08-462c-adcc-9a55917ced1e" testListId="8c84fa94-04c1-424b-9868-57a2d4851a1d" />
    <TestEntry testId="ca3cefb5-cdf1-d311-b21a-39e4d7aaec90" executionId="e6a22e05-07bf-4f47-8c9a-a6ff45bd2eb7" testListId="8c84fa94-04c1-424b-9868-57a2d4851a1d" />
    <TestEntry testId="ba20961b-6799-d652-45b7-03c3d3864402" executionId="7191299c-2532-4c23-976b-8aef58d0f634" testListId="8c84fa94-04c1-424b-9868-57a2d4851a1d" />
  </TestEntries>
  <TestLists>
    <TestList name="Results Not in a List" id="8c84fa94-04c1-424b-9868-57a2d4851a1d" />
    <TestList name="All Loaded Results" id="19431567-8539-422a-85d7-44ee4e166bda" />
  </TestLists>
  <ResultSummary outcome="Completed">
    <Counters total="30" executed="30" passed="30" failed="0" error="0" timeout="0" aborted="0" inconclusive="0" passedButRunAborted="0" notRunnable="0" notExecuted="0" disconnected="0" warning="0" completed="0" inProgress="0" pending="0" />
  </ResultSummary>
</TestRun>